  deepNetwork.cpp
d:\users\ma-game\documents\mathis\programmation\c++\deep learning\deepnetwork.cpp(13): warning C4018: '<' : incompatibilité signed/unsigned
d:\users\ma-game\documents\mathis\programmation\c++\deep learning\deepnetwork.cpp(20): warning C4018: '<' : incompatibilité signed/unsigned
d:\users\ma-game\documents\mathis\programmation\c++\deep learning\deepnetwork.cpp(30): warning C4018: '<' : incompatibilité signed/unsigned
d:\users\ma-game\documents\mathis\programmation\c++\deep learning\deepnetwork.cpp(36): warning C4018: '<' : incompatibilité signed/unsigned
d:\users\ma-game\documents\mathis\programmation\c++\deep learning\deepnetwork.cpp(37): warning C4018: '<' : incompatibilité signed/unsigned
d:\users\ma-game\documents\mathis\programmation\c++\deep learning\deepnetwork.cpp(40): warning C4018: '<' : incompatibilité signed/unsigned
  inputLayer_perceptron.cpp
  main.cpp
d:\users\ma-game\documents\mathis\programmation\c++\deep learning\main.cpp(13): warning C4244: 'argument' : conversion de 'time_t' en 'unsigned int', perte possible de données
d:\users\ma-game\documents\mathis\programmation\c++\deep learning\main.cpp(26): warning C4244: 'initialisation' : conversion de 'double' en 'float', perte possible de données
  outputLayer_perceptron.cpp
  perceptron.cpp
d:\users\ma-game\documents\mathis\programmation\c++\deep learning\perceptron.cpp(14): warning C4018: '<' : incompatibilité signed/unsigned
d:\users\ma-game\documents\mathis\programmation\c++\deep learning\perceptron.cpp(16): warning C4244: '=' : conversion de 'int' en 'float', perte possible de données
d:\users\ma-game\documents\mathis\programmation\c++\deep learning\perceptron.cpp(30): warning C4018: '<' : incompatibilité signed/unsigned
d:\users\ma-game\documents\mathis\programmation\c++\deep learning\perceptron.cpp(42): warning C4018: '<' : incompatibilité signed/unsigned
  Génération de code en cours...
MSVCRTD.lib(exe_winmain.obj) : error LNK2019: symbole externe non résolu _WinMain@16 référencé dans la fonction "int __cdecl invoke_main(void)" (?invoke_main@@YAHXZ)
D:\Users\Ma-Game\Documents\Mathis\Programmation\C++\DeepLearning\Debug\DeepLearning.exe : fatal error LNK1120: 1 externes non résolus
