ARM GAS  D:\Users\Ma-Game\AppData\Local\Temp\ccP3TOTV.s 			page 1


   1              		.cpu cortex-m4
   2              		.eabi_attribute 27, 1
   3              		.eabi_attribute 28, 1
   4              		.eabi_attribute 20, 1
   5              		.eabi_attribute 21, 1
   6              		.eabi_attribute 23, 3
   7              		.eabi_attribute 24, 1
   8              		.eabi_attribute 25, 1
   9              		.eabi_attribute 26, 1
  10              		.eabi_attribute 30, 2
  11              		.eabi_attribute 34, 1
  12              		.eabi_attribute 18, 4
  13              		.file	"main.cpp"
  14              		.text
  15              		.section	.text._Z18SystemClock_Configv,"ax",%progbits
  16              		.align	1
  17              		.p2align 2,,3
  18              		.global	_Z18SystemClock_Configv
  19              		.arch armv7e-m
  20              		.syntax unified
  21              		.thumb
  22              		.thumb_func
  23              		.fpu fpv4-sp-d16
  25              	_Z18SystemClock_Configv:
  26              		.fnstart
  27              	.LFB1958:
  28              		@ args = 0, pretend = 0, frame = 64
  29              		@ frame_needed = 0, uses_anonymous_args = 0
  30 0000 F0B5     		push	{r4, r5, r6, r7, lr}
  31              		.save {r4, r5, r6, r7, lr}
  32 0002 1021     		movs	r1, #16
  33              		.pad #68
  34 0004 91B0     		sub	sp, sp, #68
  35 0006 0120     		movs	r0, #1
  36 0008 0024     		movs	r4, #0
  37 000a CDE90A01 		strd	r0, [sp, #40]
  38 000e 0225     		movs	r5, #2
  39 0010 4FF46013 		mov	r3, #3670016
  40 0014 06A8     		add	r0, sp, #24
  41 0016 0F93     		str	r3, [sp, #60]
  42 0018 CDE90744 		strd	r4, r4, [sp, #28]
  43 001c CDE90144 		strd	r4, r4, [sp, #4]
  44 0020 CDE90344 		strd	r4, r4, [sp, #12]
  45 0024 0994     		str	r4, [sp, #36]
  46 0026 0C94     		str	r4, [sp, #48]
  47 0028 0094     		str	r4, [sp]
  48 002a 0E94     		str	r4, [sp, #56]
  49 002c 0695     		str	r5, [sp, #24]
  50 002e 0D95     		str	r5, [sp, #52]
  51 0030 0F26     		movs	r6, #15
  52 0032 FFF7FEFF 		bl	HAL_RCC_OscConfig
  53 0036 0227     		movs	r7, #2
  54 0038 0022     		movs	r2, #0
  55 003a 4FF48063 		mov	r3, #1024
  56 003e 2946     		mov	r1, r5
  57 0040 6846     		mov	r0, sp
  58 0042 CDE90067 		strd	r6, [sp]
ARM GAS  D:\Users\Ma-Game\AppData\Local\Temp\ccP3TOTV.s 			page 2


  59 0046 CDE90223 		strd	r2, [sp, #8]
  60 004a 0494     		str	r4, [sp, #16]
  61 004c FFF7FEFF 		bl	HAL_RCC_ClockConfig
  62 0050 11B0     		add	sp, sp, #68
  63              		@ sp needed
  64 0052 F0BD     		pop	{r4, r5, r6, r7, pc}
  65              		.fnend
  67              		.section	.text.startup.main,"ax",%progbits
  68              		.align	1
  69              		.p2align 2,,3
  70              		.global	main
  71              		.syntax unified
  72              		.thumb
  73              		.thumb_func
  74              		.fpu fpv4-sp-d16
  76              	main:
  77              		.fnstart
  78              	.LFB1957:
  79              		@ args = 0, pretend = 0, frame = 40
  80              		@ frame_needed = 0, uses_anonymous_args = 0
  81 0000 10B5     		push	{r4, lr}
  82              		.save {r4, lr}
  83 0002 0024     		movs	r4, #0
  84              		.pad #40
  85 0004 8AB0     		sub	sp, sp, #40
  86 0006 FFF7FEFF 		bl	HAL_Init
  87 000a FFF7FEFF 		bl	_Z18SystemClock_Configv
  88 000e CDE90444 		strd	r4, r4, [sp, #16]
  89 0012 CDE90644 		strd	r4, r4, [sp, #24]
  90 0016 2A4B     		ldr	r3, .L7
  91 0018 0894     		str	r4, [sp, #32]
  92 001a 5A69     		ldr	r2, [r3, #20]
  93 001c 2948     		ldr	r0, .L7+4
  94 001e 42F40022 		orr	r2, r2, #524288
  95 0022 5A61     		str	r2, [r3, #20]
  96 0024 5A69     		ldr	r2, [r3, #20]
  97 0026 02F40022 		and	r2, r2, #524288
  98 002a 0092     		str	r2, [sp]
  99 002c 009A     		ldr	r2, [sp]
 100 002e 5A69     		ldr	r2, [r3, #20]
 101 0030 42F48002 		orr	r2, r2, #4194304
 102 0034 5A61     		str	r2, [r3, #20]
 103 0036 5A69     		ldr	r2, [r3, #20]
 104 0038 02F48002 		and	r2, r2, #4194304
 105 003c 0192     		str	r2, [sp, #4]
 106 003e 019A     		ldr	r2, [sp, #4]
 107 0040 5A69     		ldr	r2, [r3, #20]
 108 0042 42F40032 		orr	r2, r2, #131072
 109 0046 5A61     		str	r2, [r3, #20]
 110 0048 5A69     		ldr	r2, [r3, #20]
 111 004a 02F40032 		and	r2, r2, #131072
 112 004e 0292     		str	r2, [sp, #8]
 113 0050 029A     		ldr	r2, [sp, #8]
 114 0052 5A69     		ldr	r2, [r3, #20]
 115 0054 42F48022 		orr	r2, r2, #262144
 116 0058 5A61     		str	r2, [r3, #20]
 117 005a 5B69     		ldr	r3, [r3, #20]
ARM GAS  D:\Users\Ma-Game\AppData\Local\Temp\ccP3TOTV.s 			page 3


 118 005c 03F48023 		and	r3, r3, #262144
 119 0060 0393     		str	r3, [sp, #12]
 120 0062 2246     		mov	r2, r4
 121 0064 4FF40051 		mov	r1, #8192
 122 0068 039B     		ldr	r3, [sp, #12]
 123 006a FFF7FEFF 		bl	HAL_GPIO_WritePin
 124 006e 164B     		ldr	r3, .L7+8
 125 0070 1648     		ldr	r0, .L7+12
 126 0072 0694     		str	r4, [sp, #24]
 127 0074 4FF40052 		mov	r2, #8192
 128 0078 04A9     		add	r1, sp, #16
 129 007a CDE90423 		strd	r2, [sp, #16]
 130 007e FFF7FEFF 		bl	HAL_GPIO_Init
 131 0082 4FF40052 		mov	r2, #8192
 132 0086 0123     		movs	r3, #1
 133 0088 CDE90423 		strd	r2, [sp, #16]
 134 008c 0D48     		ldr	r0, .L7+4
 135 008e 0022     		movs	r2, #0
 136 0090 0023     		movs	r3, #0
 137 0092 04A9     		add	r1, sp, #16
 138 0094 CDE90623 		strd	r2, [sp, #24]
 139 0098 FFF7FEFF 		bl	HAL_GPIO_Init
 140 009c 0C48     		ldr	r0, .L7+16
 141 009e 0D49     		ldr	r1, .L7+20
 142 00a0 8460     		str	r4, [r0, #8]
 143 00a2 4FF41642 		mov	r2, #38400
 144 00a6 0C23     		movs	r3, #12
 145 00a8 C0E90344 		strd	r4, r4, [r0, #12]
 146 00ac C0E90644 		strd	r4, r4, [r0, #24]
 147 00b0 C0E90844 		strd	r4, r4, [r0, #32]
 148 00b4 C0E90012 		strd	r1, r2, [r0]
 149 00b8 4361     		str	r3, [r0, #20]
 150 00ba FFF7FEFF 		bl	HAL_UART_Init
 151              	.L5:
 152 00be FEE7     		b	.L5
 153              	.L8:
 154              		.align	2
 155              	.L7:
 156 00c0 00100240 		.word	1073876992
 157 00c4 00040048 		.word	1207960576
 158 00c8 00002110 		.word	270598144
 159 00cc 00080048 		.word	1207961600
 160 00d0 00000000 		.word	.LANCHOR0
 161 00d4 00440040 		.word	1073759232
 162              		.fnend
 164              		.section	.text.Error_Handler,"ax",%progbits
 165              		.align	1
 166              		.p2align 2,,3
 167              		.global	Error_Handler
 168              		.syntax unified
 169              		.thumb
 170              		.thumb_func
 171              		.fpu fpv4-sp-d16
 173              	Error_Handler:
 174              		.fnstart
 175              	.LFB1961:
 176              		@ args = 0, pretend = 0, frame = 0
ARM GAS  D:\Users\Ma-Game\AppData\Local\Temp\ccP3TOTV.s 			page 4


 177              		@ frame_needed = 0, uses_anonymous_args = 0
 178              		@ link register save eliminated.
 179 0000 7047     		bx	lr
 180              		.cantunwind
 181              		.fnend
 183              		.global	huart2
 184 0002 00BF     		.section	.bss.huart2,"aw",%nobits
 185              		.align	2
 186              		.set	.LANCHOR0,. + 0
 189              	huart2:
 190 0000 00000000 		.space	128
 190      00000000 
 190      00000000 
 190      00000000 
 190      00000000 
 191              		.ident	"GCC: (xPack GNU Arm Embedded GCC, 64-bit) 9.2.1 20191025 (release) [ARM/arm-9-branch revis
ARM GAS  D:\Users\Ma-Game\AppData\Local\Temp\ccP3TOTV.s 			page 5


DEFINED SYMBOLS
                            *ABS*:0000000000000000 main.cpp
D:\Users\Ma-Game\AppData\Local\Temp\ccP3TOTV.s:16     .text._Z18SystemClock_Configv:0000000000000000 $t
D:\Users\Ma-Game\AppData\Local\Temp\ccP3TOTV.s:25     .text._Z18SystemClock_Configv:0000000000000000 _Z18SystemClock_Configv
.ARM.exidx.text._Z18SystemClock_Configv:0000000000000000 $d
D:\Users\Ma-Game\AppData\Local\Temp\ccP3TOTV.s:68     .text.startup.main:0000000000000000 $t
D:\Users\Ma-Game\AppData\Local\Temp\ccP3TOTV.s:76     .text.startup.main:0000000000000000 main
D:\Users\Ma-Game\AppData\Local\Temp\ccP3TOTV.s:156    .text.startup.main:00000000000000c0 $d
     .ARM.exidx.text.startup.main:0000000000000000 $d
D:\Users\Ma-Game\AppData\Local\Temp\ccP3TOTV.s:165    .text.Error_Handler:0000000000000000 $t
D:\Users\Ma-Game\AppData\Local\Temp\ccP3TOTV.s:173    .text.Error_Handler:0000000000000000 Error_Handler
    .ARM.exidx.text.Error_Handler:0000000000000000 $d
D:\Users\Ma-Game\AppData\Local\Temp\ccP3TOTV.s:189    .bss.huart2:0000000000000000 huart2
D:\Users\Ma-Game\AppData\Local\Temp\ccP3TOTV.s:185    .bss.huart2:0000000000000000 $d

UNDEFINED SYMBOLS
HAL_RCC_OscConfig
HAL_RCC_ClockConfig
__aeabi_unwind_cpp_pr0
HAL_Init
HAL_GPIO_WritePin
HAL_GPIO_Init
HAL_UART_Init
