ARM GAS  D:\Users\Ma-Game\AppData\Local\Temp\ccQwGimg.s 			page 1


   1              		.cpu cortex-m4
   2              		.eabi_attribute 27, 1
   3              		.eabi_attribute 28, 1
   4              		.eabi_attribute 20, 1
   5              		.eabi_attribute 21, 1
   6              		.eabi_attribute 23, 3
   7              		.eabi_attribute 24, 1
   8              		.eabi_attribute 25, 1
   9              		.eabi_attribute 26, 1
  10              		.eabi_attribute 30, 2
  11              		.eabi_attribute 34, 1
  12              		.eabi_attribute 18, 4
  13              		.file	"stm32f3xx_hal_i2c_ex.c"
  14              		.text
  15              		.section	.text.HAL_I2CEx_ConfigAnalogFilter,"ax",%progbits
  16              		.align	1
  17              		.p2align 2,,3
  18              		.global	HAL_I2CEx_ConfigAnalogFilter
  19              		.arch armv7e-m
  20              		.syntax unified
  21              		.thumb
  22              		.thumb_func
  23              		.fpu fpv4-sp-d16
  25              	HAL_I2CEx_ConfigAnalogFilter:
  26              		@ args = 0, pretend = 0, frame = 0
  27              		@ frame_needed = 0, uses_anonymous_args = 0
  28              		@ link register save eliminated.
  29 0000 90F84120 		ldrb	r2, [r0, #65]	@ zero_extendqisi2
  30 0004 202A     		cmp	r2, #32
  31 0006 21D1     		bne	.L3
  32 0008 30B4     		push	{r4, r5}
  33 000a D4B2     		uxtb	r4, r2
  34 000c 90F84020 		ldrb	r2, [r0, #64]	@ zero_extendqisi2
  35 0010 012A     		cmp	r2, #1
  36 0012 0346     		mov	r3, r0
  37 0014 1CD0     		beq	.L4
  38 0016 1A68     		ldr	r2, [r3]
  39 0018 2420     		movs	r0, #36
  40 001a 83F84100 		strb	r0, [r3, #65]
  41 001e 1068     		ldr	r0, [r2]
  42 0020 20F00100 		bic	r0, r0, #1
  43 0024 1060     		str	r0, [r2]
  44 0026 1068     		ldr	r0, [r2]
  45 0028 20F48050 		bic	r0, r0, #4096
  46 002c 1060     		str	r0, [r2]
  47 002e 1068     		ldr	r0, [r2]
  48 0030 0143     		orrs	r1, r1, r0
  49 0032 1160     		str	r1, [r2]
  50 0034 1168     		ldr	r1, [r2]
  51 0036 0025     		movs	r5, #0
  52 0038 41F00101 		orr	r1, r1, #1
  53 003c 1160     		str	r1, [r2]
  54 003e 83F84140 		strb	r4, [r3, #65]
  55 0042 83F84050 		strb	r5, [r3, #64]
  56 0046 2846     		mov	r0, r5
  57 0048 30BC     		pop	{r4, r5}
  58 004a 7047     		bx	lr
ARM GAS  D:\Users\Ma-Game\AppData\Local\Temp\ccQwGimg.s 			page 2


  59              	.L3:
  60 004c 0220     		movs	r0, #2
  61 004e 7047     		bx	lr
  62              	.L4:
  63 0050 0220     		movs	r0, #2
  64 0052 30BC     		pop	{r4, r5}
  65 0054 7047     		bx	lr
  67 0056 00BF     		.section	.text.HAL_I2CEx_ConfigDigitalFilter,"ax",%progbits
  68              		.align	1
  69              		.p2align 2,,3
  70              		.global	HAL_I2CEx_ConfigDigitalFilter
  71              		.syntax unified
  72              		.thumb
  73              		.thumb_func
  74              		.fpu fpv4-sp-d16
  76              	HAL_I2CEx_ConfigDigitalFilter:
  77              		@ args = 0, pretend = 0, frame = 0
  78              		@ frame_needed = 0, uses_anonymous_args = 0
  79              		@ link register save eliminated.
  80 0000 90F84120 		ldrb	r2, [r0, #65]	@ zero_extendqisi2
  81 0004 202A     		cmp	r2, #32
  82 0006 20D1     		bne	.L12
  83 0008 30B4     		push	{r4, r5}
  84 000a D5B2     		uxtb	r5, r2
  85 000c 90F84020 		ldrb	r2, [r0, #64]	@ zero_extendqisi2
  86 0010 012A     		cmp	r2, #1
  87 0012 0346     		mov	r3, r0
  88 0014 1BD0     		beq	.L13
  89 0016 1A68     		ldr	r2, [r3]
  90 0018 2420     		movs	r0, #36
  91 001a 83F84100 		strb	r0, [r3, #65]
  92 001e 1068     		ldr	r0, [r2]
  93 0020 20F00100 		bic	r0, r0, #1
  94 0024 1060     		str	r0, [r2]
  95 0026 1068     		ldr	r0, [r2]
  96 0028 20F47060 		bic	r0, r0, #3840
  97 002c 40EA0121 		orr	r1, r0, r1, lsl #8
  98 0030 1160     		str	r1, [r2]
  99 0032 1168     		ldr	r1, [r2]
 100 0034 0024     		movs	r4, #0
 101 0036 41F00101 		orr	r1, r1, #1
 102 003a 1160     		str	r1, [r2]
 103 003c 83F84150 		strb	r5, [r3, #65]
 104 0040 83F84040 		strb	r4, [r3, #64]
 105 0044 2046     		mov	r0, r4
 106 0046 30BC     		pop	{r4, r5}
 107 0048 7047     		bx	lr
 108              	.L12:
 109 004a 0220     		movs	r0, #2
 110 004c 7047     		bx	lr
 111              	.L13:
 112 004e 0220     		movs	r0, #2
 113 0050 30BC     		pop	{r4, r5}
 114 0052 7047     		bx	lr
 116              		.section	.text.HAL_I2CEx_EnableWakeUp,"ax",%progbits
 117              		.align	1
 118              		.p2align 2,,3
ARM GAS  D:\Users\Ma-Game\AppData\Local\Temp\ccQwGimg.s 			page 3


 119              		.global	HAL_I2CEx_EnableWakeUp
 120              		.syntax unified
 121              		.thumb
 122              		.thumb_func
 123              		.fpu fpv4-sp-d16
 125              	HAL_I2CEx_EnableWakeUp:
 126              		@ args = 0, pretend = 0, frame = 0
 127              		@ frame_needed = 0, uses_anonymous_args = 0
 128              		@ link register save eliminated.
 129 0000 90F84120 		ldrb	r2, [r0, #65]	@ zero_extendqisi2
 130 0004 202A     		cmp	r2, #32
 131 0006 1ED1     		bne	.L20
 132 0008 30B4     		push	{r4, r5}
 133 000a D5B2     		uxtb	r5, r2
 134 000c 90F84020 		ldrb	r2, [r0, #64]	@ zero_extendqisi2
 135 0010 012A     		cmp	r2, #1
 136 0012 0346     		mov	r3, r0
 137 0014 19D0     		beq	.L21
 138 0016 0268     		ldr	r2, [r0]
 139 0018 2421     		movs	r1, #36
 140 001a 80F84110 		strb	r1, [r0, #65]
 141 001e 1168     		ldr	r1, [r2]
 142 0020 21F00101 		bic	r1, r1, #1
 143 0024 1160     		str	r1, [r2]
 144 0026 1168     		ldr	r1, [r2]
 145 0028 41F48021 		orr	r1, r1, #262144
 146 002c 1160     		str	r1, [r2]
 147 002e 1168     		ldr	r1, [r2]
 148 0030 0024     		movs	r4, #0
 149 0032 41F00101 		orr	r1, r1, #1
 150 0036 1160     		str	r1, [r2]
 151 0038 83F84150 		strb	r5, [r3, #65]
 152 003c 83F84040 		strb	r4, [r3, #64]
 153 0040 2046     		mov	r0, r4
 154 0042 30BC     		pop	{r4, r5}
 155 0044 7047     		bx	lr
 156              	.L20:
 157 0046 0220     		movs	r0, #2
 158 0048 7047     		bx	lr
 159              	.L21:
 160 004a 0220     		movs	r0, #2
 161 004c 30BC     		pop	{r4, r5}
 162 004e 7047     		bx	lr
 164              		.section	.text.HAL_I2CEx_DisableWakeUp,"ax",%progbits
 165              		.align	1
 166              		.p2align 2,,3
 167              		.global	HAL_I2CEx_DisableWakeUp
 168              		.syntax unified
 169              		.thumb
 170              		.thumb_func
 171              		.fpu fpv4-sp-d16
 173              	HAL_I2CEx_DisableWakeUp:
 174              		@ args = 0, pretend = 0, frame = 0
 175              		@ frame_needed = 0, uses_anonymous_args = 0
 176              		@ link register save eliminated.
 177 0000 90F84120 		ldrb	r2, [r0, #65]	@ zero_extendqisi2
 178 0004 202A     		cmp	r2, #32
ARM GAS  D:\Users\Ma-Game\AppData\Local\Temp\ccQwGimg.s 			page 4


 179 0006 1ED1     		bne	.L28
 180 0008 30B4     		push	{r4, r5}
 181 000a D5B2     		uxtb	r5, r2
 182 000c 90F84020 		ldrb	r2, [r0, #64]	@ zero_extendqisi2
 183 0010 012A     		cmp	r2, #1
 184 0012 0346     		mov	r3, r0
 185 0014 19D0     		beq	.L29
 186 0016 0268     		ldr	r2, [r0]
 187 0018 2421     		movs	r1, #36
 188 001a 80F84110 		strb	r1, [r0, #65]
 189 001e 1168     		ldr	r1, [r2]
 190 0020 21F00101 		bic	r1, r1, #1
 191 0024 1160     		str	r1, [r2]
 192 0026 1168     		ldr	r1, [r2]
 193 0028 21F48021 		bic	r1, r1, #262144
 194 002c 1160     		str	r1, [r2]
 195 002e 1168     		ldr	r1, [r2]
 196 0030 0024     		movs	r4, #0
 197 0032 41F00101 		orr	r1, r1, #1
 198 0036 1160     		str	r1, [r2]
 199 0038 83F84150 		strb	r5, [r3, #65]
 200 003c 83F84040 		strb	r4, [r3, #64]
 201 0040 2046     		mov	r0, r4
 202 0042 30BC     		pop	{r4, r5}
 203 0044 7047     		bx	lr
 204              	.L28:
 205 0046 0220     		movs	r0, #2
 206 0048 7047     		bx	lr
 207              	.L29:
 208 004a 0220     		movs	r0, #2
 209 004c 30BC     		pop	{r4, r5}
 210 004e 7047     		bx	lr
 212              		.section	.text.HAL_I2CEx_EnableFastModePlus,"ax",%progbits
 213              		.align	1
 214              		.p2align 2,,3
 215              		.global	HAL_I2CEx_EnableFastModePlus
 216              		.syntax unified
 217              		.thumb
 218              		.thumb_func
 219              		.fpu fpv4-sp-d16
 221              	HAL_I2CEx_EnableFastModePlus:
 222              		@ args = 0, pretend = 0, frame = 8
 223              		@ frame_needed = 0, uses_anonymous_args = 0
 224              		@ link register save eliminated.
 225 0000 084B     		ldr	r3, .L36
 226 0002 0949     		ldr	r1, .L36+4
 227 0004 9A69     		ldr	r2, [r3, #24]
 228 0006 42F00102 		orr	r2, r2, #1
 229 000a 9A61     		str	r2, [r3, #24]
 230 000c 9B69     		ldr	r3, [r3, #24]
 231 000e 82B0     		sub	sp, sp, #8
 232 0010 03F00103 		and	r3, r3, #1
 233 0014 0193     		str	r3, [sp, #4]
 234 0016 019B     		ldr	r3, [sp, #4]
 235 0018 0B68     		ldr	r3, [r1]
 236 001a 1843     		orrs	r0, r0, r3
 237 001c 0860     		str	r0, [r1]
ARM GAS  D:\Users\Ma-Game\AppData\Local\Temp\ccQwGimg.s 			page 5


 238 001e 02B0     		add	sp, sp, #8
 239              		@ sp needed
 240 0020 7047     		bx	lr
 241              	.L37:
 242 0022 00BF     		.align	2
 243              	.L36:
 244 0024 00100240 		.word	1073876992
 245 0028 00000140 		.word	1073807360
 247              		.section	.text.HAL_I2CEx_DisableFastModePlus,"ax",%progbits
 248              		.align	1
 249              		.p2align 2,,3
 250              		.global	HAL_I2CEx_DisableFastModePlus
 251              		.syntax unified
 252              		.thumb
 253              		.thumb_func
 254              		.fpu fpv4-sp-d16
 256              	HAL_I2CEx_DisableFastModePlus:
 257              		@ args = 0, pretend = 0, frame = 8
 258              		@ frame_needed = 0, uses_anonymous_args = 0
 259              		@ link register save eliminated.
 260 0000 084B     		ldr	r3, .L40
 261 0002 0949     		ldr	r1, .L40+4
 262 0004 9A69     		ldr	r2, [r3, #24]
 263 0006 42F00102 		orr	r2, r2, #1
 264 000a 9A61     		str	r2, [r3, #24]
 265 000c 9B69     		ldr	r3, [r3, #24]
 266 000e 82B0     		sub	sp, sp, #8
 267 0010 03F00103 		and	r3, r3, #1
 268 0014 0193     		str	r3, [sp, #4]
 269 0016 019B     		ldr	r3, [sp, #4]
 270 0018 0B68     		ldr	r3, [r1]
 271 001a 23EA0000 		bic	r0, r3, r0
 272 001e 0860     		str	r0, [r1]
 273 0020 02B0     		add	sp, sp, #8
 274              		@ sp needed
 275 0022 7047     		bx	lr
 276              	.L41:
 277              		.align	2
 278              	.L40:
 279 0024 00100240 		.word	1073876992
 280 0028 00000140 		.word	1073807360
 282              		.ident	"GCC: (xPack GNU Arm Embedded GCC, 64-bit) 9.2.1 20191025 (release) [ARM/arm-9-branch revis
ARM GAS  D:\Users\Ma-Game\AppData\Local\Temp\ccQwGimg.s 			page 6


DEFINED SYMBOLS
                            *ABS*:0000000000000000 stm32f3xx_hal_i2c_ex.c
D:\Users\Ma-Game\AppData\Local\Temp\ccQwGimg.s:16     .text.HAL_I2CEx_ConfigAnalogFilter:0000000000000000 $t
D:\Users\Ma-Game\AppData\Local\Temp\ccQwGimg.s:25     .text.HAL_I2CEx_ConfigAnalogFilter:0000000000000000 HAL_I2CEx_ConfigAnalogFilter
D:\Users\Ma-Game\AppData\Local\Temp\ccQwGimg.s:68     .text.HAL_I2CEx_ConfigDigitalFilter:0000000000000000 $t
D:\Users\Ma-Game\AppData\Local\Temp\ccQwGimg.s:76     .text.HAL_I2CEx_ConfigDigitalFilter:0000000000000000 HAL_I2CEx_ConfigDigitalFilter
D:\Users\Ma-Game\AppData\Local\Temp\ccQwGimg.s:117    .text.HAL_I2CEx_EnableWakeUp:0000000000000000 $t
D:\Users\Ma-Game\AppData\Local\Temp\ccQwGimg.s:125    .text.HAL_I2CEx_EnableWakeUp:0000000000000000 HAL_I2CEx_EnableWakeUp
D:\Users\Ma-Game\AppData\Local\Temp\ccQwGimg.s:165    .text.HAL_I2CEx_DisableWakeUp:0000000000000000 $t
D:\Users\Ma-Game\AppData\Local\Temp\ccQwGimg.s:173    .text.HAL_I2CEx_DisableWakeUp:0000000000000000 HAL_I2CEx_DisableWakeUp
D:\Users\Ma-Game\AppData\Local\Temp\ccQwGimg.s:213    .text.HAL_I2CEx_EnableFastModePlus:0000000000000000 $t
D:\Users\Ma-Game\AppData\Local\Temp\ccQwGimg.s:221    .text.HAL_I2CEx_EnableFastModePlus:0000000000000000 HAL_I2CEx_EnableFastModePlus
D:\Users\Ma-Game\AppData\Local\Temp\ccQwGimg.s:244    .text.HAL_I2CEx_EnableFastModePlus:0000000000000024 $d
D:\Users\Ma-Game\AppData\Local\Temp\ccQwGimg.s:248    .text.HAL_I2CEx_DisableFastModePlus:0000000000000000 $t
D:\Users\Ma-Game\AppData\Local\Temp\ccQwGimg.s:256    .text.HAL_I2CEx_DisableFastModePlus:0000000000000000 HAL_I2CEx_DisableFastModePlus
D:\Users\Ma-Game\AppData\Local\Temp\ccQwGimg.s:279    .text.HAL_I2CEx_DisableFastModePlus:0000000000000024 $d

NO UNDEFINED SYMBOLS
