ARM GAS  D:\Users\Ma-Game\AppData\Local\Temp\ccDqywi6.s 			page 1


   1              		.cpu cortex-m4
   2              		.eabi_attribute 27, 1
   3              		.eabi_attribute 28, 1
   4              		.eabi_attribute 20, 1
   5              		.eabi_attribute 21, 1
   6              		.eabi_attribute 23, 3
   7              		.eabi_attribute 24, 1
   8              		.eabi_attribute 25, 1
   9              		.eabi_attribute 26, 1
  10              		.eabi_attribute 30, 2
  11              		.eabi_attribute 34, 1
  12              		.eabi_attribute 18, 4
  13              		.file	"stm32f3xx_hal_uart_ex.c"
  14              		.text
  15              		.section	.text.HAL_RS485Ex_Init,"ax",%progbits
  16              		.align	1
  17              		.p2align 2,,3
  18              		.global	HAL_RS485Ex_Init
  19              		.arch armv7e-m
  20              		.syntax unified
  21              		.thumb
  22              		.thumb_func
  23              		.fpu fpv4-sp-d16
  25              	HAL_RS485Ex_Init:
  26              		@ args = 0, pretend = 0, frame = 0
  27              		@ frame_needed = 0, uses_anonymous_args = 0
  28 0000 0028     		cmp	r0, #0
  29 0002 40D0     		beq	.L14
  30 0004 2DE9F041 		push	{r4, r5, r6, r7, r8, lr}
  31 0008 1D46     		mov	r5, r3
  32 000a 436F     		ldr	r3, [r0, #116]
  33 000c 8846     		mov	r8, r1
  34 000e 1746     		mov	r7, r2
  35 0010 0446     		mov	r4, r0
  36 0012 002B     		cmp	r3, #0
  37 0014 32D0     		beq	.L18
  38              	.L4:
  39 0016 2268     		ldr	r2, [r4]
  40 0018 2423     		movs	r3, #36
  41 001a 6367     		str	r3, [r4, #116]
  42 001c 1368     		ldr	r3, [r2]
  43 001e 23F00103 		bic	r3, r3, #1
  44 0022 1360     		str	r3, [r2]
  45 0024 2046     		mov	r0, r4
  46 0026 FFF7FEFF 		bl	UART_SetConfig
  47 002a 0128     		cmp	r0, #1
  48 002c 23D0     		beq	.L3
  49 002e 636A     		ldr	r3, [r4, #36]
  50 0030 EBB9     		cbnz	r3, .L19
  51              	.L6:
  52 0032 2668     		ldr	r6, [r4]
  53 0034 B368     		ldr	r3, [r6, #8]
  54 0036 43F48043 		orr	r3, r3, #16384
  55 003a B360     		str	r3, [r6, #8]
  56 003c B368     		ldr	r3, [r6, #8]
  57 003e 23F40043 		bic	r3, r3, #32768
  58 0042 43EA0803 		orr	r3, r3, r8
ARM GAS  D:\Users\Ma-Game\AppData\Local\Temp\ccDqywi6.s 			page 2


  59 0046 B360     		str	r3, [r6, #8]
  60 0048 3168     		ldr	r1, [r6]
  61 004a 2B04     		lsls	r3, r5, #16
  62 004c 21F07F71 		bic	r1, r1, #66846720
  63 0050 43EA4752 		orr	r2, r3, r7, lsl #21
  64 0054 21F44031 		bic	r1, r1, #196608
  65 0058 0A43     		orrs	r2, r2, r1
  66 005a 3260     		str	r2, [r6]
  67 005c 3368     		ldr	r3, [r6]
  68 005e 43F00103 		orr	r3, r3, #1
  69 0062 2046     		mov	r0, r4
  70 0064 3360     		str	r3, [r6]
  71 0066 BDE8F041 		pop	{r4, r5, r6, r7, r8, lr}
  72 006a FFF7FEBF 		b	UART_CheckIdleState
  73              	.L19:
  74 006e 2046     		mov	r0, r4
  75 0070 FFF7FEFF 		bl	UART_AdvFeatureConfig
  76 0074 DDE7     		b	.L6
  77              	.L3:
  78 0076 0120     		movs	r0, #1
  79 0078 BDE8F081 		pop	{r4, r5, r6, r7, r8, pc}
  80              	.L18:
  81 007c 80F87030 		strb	r3, [r0, #112]
  82 0080 FFF7FEFF 		bl	HAL_UART_MspInit
  83 0084 C7E7     		b	.L4
  84              	.L14:
  85 0086 0120     		movs	r0, #1
  86 0088 7047     		bx	lr
  88 008a 00BF     		.section	.text.HAL_UARTEx_WakeupCallback,"ax",%progbits
  89              		.align	1
  90              		.p2align 2,,3
  91              		.weak	HAL_UARTEx_WakeupCallback
  92              		.syntax unified
  93              		.thumb
  94              		.thumb_func
  95              		.fpu fpv4-sp-d16
  97              	HAL_UARTEx_WakeupCallback:
  98              		@ args = 0, pretend = 0, frame = 0
  99              		@ frame_needed = 0, uses_anonymous_args = 0
 100              		@ link register save eliminated.
 101 0000 7047     		bx	lr
 103 0002 00BF     		.section	.text.HAL_MultiProcessorEx_AddressLength_Set,"ax",%progbits
 104              		.align	1
 105              		.p2align 2,,3
 106              		.global	HAL_MultiProcessorEx_AddressLength_Set
 107              		.syntax unified
 108              		.thumb
 109              		.thumb_func
 110              		.fpu fpv4-sp-d16
 112              	HAL_MultiProcessorEx_AddressLength_Set:
 113              		@ args = 0, pretend = 0, frame = 0
 114              		@ frame_needed = 0, uses_anonymous_args = 0
 115              		@ link register save eliminated.
 116 0000 A0B1     		cbz	r0, .L22
 117 0002 10B4     		push	{r4}
 118 0004 0268     		ldr	r2, [r0]
 119 0006 2424     		movs	r4, #36
ARM GAS  D:\Users\Ma-Game\AppData\Local\Temp\ccDqywi6.s 			page 3


 120 0008 4467     		str	r4, [r0, #116]
 121 000a 1368     		ldr	r3, [r2]
 122 000c 5DF8044B 		ldr	r4, [sp], #4
 123 0010 23F00103 		bic	r3, r3, #1
 124 0014 1360     		str	r3, [r2]
 125 0016 5368     		ldr	r3, [r2, #4]
 126 0018 23F01003 		bic	r3, r3, #16
 127 001c 1943     		orrs	r1, r1, r3
 128 001e 5160     		str	r1, [r2, #4]
 129 0020 1368     		ldr	r3, [r2]
 130 0022 43F00103 		orr	r3, r3, #1
 131 0026 1360     		str	r3, [r2]
 132 0028 FFF7FEBF 		b	UART_CheckIdleState
 133              	.L22:
 134 002c 0120     		movs	r0, #1
 135 002e 7047     		bx	lr
 137              		.section	.text.HAL_UARTEx_StopModeWakeUpSourceConfig,"ax",%progbits
 138              		.align	1
 139              		.p2align 2,,3
 140              		.global	HAL_UARTEx_StopModeWakeUpSourceConfig
 141              		.syntax unified
 142              		.thumb
 143              		.thumb_func
 144              		.fpu fpv4-sp-d16
 146              	HAL_UARTEx_StopModeWakeUpSourceConfig:
 147              		@ args = 0, pretend = 0, frame = 8
 148              		@ frame_needed = 0, uses_anonymous_args = 0
 149 0000 10B5     		push	{r4, lr}
 150 0002 84B0     		sub	sp, sp, #16
 151 0004 04AB     		add	r3, sp, #16
 152 0006 03E90600 		stmdb	r3, {r1, r2}
 153 000a 90F87030 		ldrb	r3, [r0, #112]	@ zero_extendqisi2
 154 000e 0299     		ldr	r1, [sp, #8]
 155 0010 012B     		cmp	r3, #1
 156 0012 39D0     		beq	.L30
 157 0014 0446     		mov	r4, r0
 158 0016 2422     		movs	r2, #36
 159 0018 2368     		ldr	r3, [r4]
 160 001a 6267     		str	r2, [r4, #116]
 161 001c 0120     		movs	r0, #1
 162 001e 84F87000 		strb	r0, [r4, #112]
 163 0022 1A68     		ldr	r2, [r3]
 164 0024 22F00102 		bic	r2, r2, #1
 165 0028 1A60     		str	r2, [r3]
 166 002a 9A68     		ldr	r2, [r3, #8]
 167 002c 22F44012 		bic	r2, r2, #3145728
 168 0030 0A43     		orrs	r2, r2, r1
 169 0032 9A60     		str	r2, [r3, #8]
 170 0034 71B9     		cbnz	r1, .L28
 171 0036 5968     		ldr	r1, [r3, #4]
 172 0038 BDF80C20 		ldrh	r2, [sp, #12]
 173 003c 9DF80E00 		ldrb	r0, [sp, #14]	@ zero_extendqisi2
 174 0040 21F01001 		bic	r1, r1, #16
 175 0044 1143     		orrs	r1, r1, r2
 176 0046 5960     		str	r1, [r3, #4]
 177 0048 5A68     		ldr	r2, [r3, #4]
 178 004a 22F07F42 		bic	r2, r2, #-16777216
ARM GAS  D:\Users\Ma-Game\AppData\Local\Temp\ccDqywi6.s 			page 4


 179 004e 42EA0062 		orr	r2, r2, r0, lsl #24
 180 0052 5A60     		str	r2, [r3, #4]
 181              	.L28:
 182 0054 1A68     		ldr	r2, [r3]
 183 0056 42F00102 		orr	r2, r2, #1
 184 005a 1A60     		str	r2, [r3]
 185 005c FFF7FEFF 		bl	HAL_GetTick
 186 0060 6FF07E42 		mvn	r2, #-33554432
 187 0064 0346     		mov	r3, r0
 188 0066 0092     		str	r2, [sp]
 189 0068 4FF48001 		mov	r1, #4194304
 190 006c 0022     		movs	r2, #0
 191 006e 2046     		mov	r0, r4
 192 0070 FFF7FEFF 		bl	UART_WaitOnFlagUntilTimeout
 193 0074 30B9     		cbnz	r0, .L31
 194 0076 2023     		movs	r3, #32
 195 0078 6367     		str	r3, [r4, #116]
 196              	.L29:
 197 007a 0023     		movs	r3, #0
 198 007c 84F87030 		strb	r3, [r4, #112]
 199 0080 04B0     		add	sp, sp, #16
 200              		@ sp needed
 201 0082 10BD     		pop	{r4, pc}
 202              	.L31:
 203 0084 0320     		movs	r0, #3
 204 0086 F8E7     		b	.L29
 205              	.L30:
 206 0088 0220     		movs	r0, #2
 207 008a 04B0     		add	sp, sp, #16
 208              		@ sp needed
 209 008c 10BD     		pop	{r4, pc}
 211 008e 00BF     		.section	.text.HAL_UARTEx_EnableStopMode,"ax",%progbits
 212              		.align	1
 213              		.p2align 2,,3
 214              		.global	HAL_UARTEx_EnableStopMode
 215              		.syntax unified
 216              		.thumb
 217              		.thumb_func
 218              		.fpu fpv4-sp-d16
 220              	HAL_UARTEx_EnableStopMode:
 221              		@ args = 0, pretend = 0, frame = 0
 222              		@ frame_needed = 0, uses_anonymous_args = 0
 223              		@ link register save eliminated.
 224 0000 90F87020 		ldrb	r2, [r0, #112]	@ zero_extendqisi2
 225 0004 012A     		cmp	r2, #1
 226 0006 0346     		mov	r3, r0
 227 0008 09D0     		beq	.L35
 228 000a 0068     		ldr	r0, [r0]
 229 000c 0268     		ldr	r2, [r0]
 230 000e 0021     		movs	r1, #0
 231 0010 42F00202 		orr	r2, r2, #2
 232 0014 0260     		str	r2, [r0]
 233 0016 0846     		mov	r0, r1
 234 0018 83F87010 		strb	r1, [r3, #112]
 235 001c 7047     		bx	lr
 236              	.L35:
 237 001e 0220     		movs	r0, #2
ARM GAS  D:\Users\Ma-Game\AppData\Local\Temp\ccDqywi6.s 			page 5


 238 0020 7047     		bx	lr
 240 0022 00BF     		.section	.text.HAL_UARTEx_DisableStopMode,"ax",%progbits
 241              		.align	1
 242              		.p2align 2,,3
 243              		.global	HAL_UARTEx_DisableStopMode
 244              		.syntax unified
 245              		.thumb
 246              		.thumb_func
 247              		.fpu fpv4-sp-d16
 249              	HAL_UARTEx_DisableStopMode:
 250              		@ args = 0, pretend = 0, frame = 0
 251              		@ frame_needed = 0, uses_anonymous_args = 0
 252              		@ link register save eliminated.
 253 0000 90F87020 		ldrb	r2, [r0, #112]	@ zero_extendqisi2
 254 0004 012A     		cmp	r2, #1
 255 0006 0346     		mov	r3, r0
 256 0008 09D0     		beq	.L38
 257 000a 0068     		ldr	r0, [r0]
 258 000c 0268     		ldr	r2, [r0]
 259 000e 0021     		movs	r1, #0
 260 0010 22F00202 		bic	r2, r2, #2
 261 0014 0260     		str	r2, [r0]
 262 0016 0846     		mov	r0, r1
 263 0018 83F87010 		strb	r1, [r3, #112]
 264 001c 7047     		bx	lr
 265              	.L38:
 266 001e 0220     		movs	r0, #2
 267 0020 7047     		bx	lr
 269 0022 00BF     		.ident	"GCC: (xPack GNU Arm Embedded GCC, 64-bit) 9.2.1 20191025 (release) [ARM/arm-9-branch revis
ARM GAS  D:\Users\Ma-Game\AppData\Local\Temp\ccDqywi6.s 			page 6


DEFINED SYMBOLS
                            *ABS*:0000000000000000 stm32f3xx_hal_uart_ex.c
D:\Users\Ma-Game\AppData\Local\Temp\ccDqywi6.s:16     .text.HAL_RS485Ex_Init:0000000000000000 $t
D:\Users\Ma-Game\AppData\Local\Temp\ccDqywi6.s:25     .text.HAL_RS485Ex_Init:0000000000000000 HAL_RS485Ex_Init
D:\Users\Ma-Game\AppData\Local\Temp\ccDqywi6.s:89     .text.HAL_UARTEx_WakeupCallback:0000000000000000 $t
D:\Users\Ma-Game\AppData\Local\Temp\ccDqywi6.s:97     .text.HAL_UARTEx_WakeupCallback:0000000000000000 HAL_UARTEx_WakeupCallback
D:\Users\Ma-Game\AppData\Local\Temp\ccDqywi6.s:104    .text.HAL_MultiProcessorEx_AddressLength_Set:0000000000000000 $t
D:\Users\Ma-Game\AppData\Local\Temp\ccDqywi6.s:112    .text.HAL_MultiProcessorEx_AddressLength_Set:0000000000000000 HAL_MultiProcessorEx_AddressLength_Set
D:\Users\Ma-Game\AppData\Local\Temp\ccDqywi6.s:138    .text.HAL_UARTEx_StopModeWakeUpSourceConfig:0000000000000000 $t
D:\Users\Ma-Game\AppData\Local\Temp\ccDqywi6.s:146    .text.HAL_UARTEx_StopModeWakeUpSourceConfig:0000000000000000 HAL_UARTEx_StopModeWakeUpSourceConfig
D:\Users\Ma-Game\AppData\Local\Temp\ccDqywi6.s:212    .text.HAL_UARTEx_EnableStopMode:0000000000000000 $t
D:\Users\Ma-Game\AppData\Local\Temp\ccDqywi6.s:220    .text.HAL_UARTEx_EnableStopMode:0000000000000000 HAL_UARTEx_EnableStopMode
D:\Users\Ma-Game\AppData\Local\Temp\ccDqywi6.s:241    .text.HAL_UARTEx_DisableStopMode:0000000000000000 $t
D:\Users\Ma-Game\AppData\Local\Temp\ccDqywi6.s:249    .text.HAL_UARTEx_DisableStopMode:0000000000000000 HAL_UARTEx_DisableStopMode

UNDEFINED SYMBOLS
UART_SetConfig
UART_CheckIdleState
UART_AdvFeatureConfig
HAL_UART_MspInit
HAL_GetTick
UART_WaitOnFlagUntilTimeout
