ARM GAS  D:\Users\Ma-Game\AppData\Local\Temp\ccuFUuCB.s 			page 1


   1              		.cpu cortex-m4
   2              		.eabi_attribute 27, 1
   3              		.eabi_attribute 28, 1
   4              		.eabi_attribute 20, 1
   5              		.eabi_attribute 21, 1
   6              		.eabi_attribute 23, 3
   7              		.eabi_attribute 24, 1
   8              		.eabi_attribute 25, 1
   9              		.eabi_attribute 26, 1
  10              		.eabi_attribute 30, 2
  11              		.eabi_attribute 34, 1
  12              		.eabi_attribute 18, 4
  13              		.file	"stm32f3xx_hal_rcc.c"
  14              		.text
  15              		.section	.text.HAL_RCC_DeInit,"ax",%progbits
  16              		.align	1
  17              		.p2align 2,,3
  18              		.global	HAL_RCC_DeInit
  19              		.arch armv7e-m
  20              		.syntax unified
  21              		.thumb
  22              		.thumb_func
  23              		.fpu fpv4-sp-d16
  25              	HAL_RCC_DeInit:
  26              		@ args = 0, pretend = 0, frame = 0
  27              		@ frame_needed = 0, uses_anonymous_args = 0
  28 0000 70B5     		push	{r4, r5, r6, lr}
  29 0002 334C     		ldr	r4, .L15
  30 0004 2368     		ldr	r3, [r4]
  31 0006 43F00103 		orr	r3, r3, #1
  32 000a 2360     		str	r3, [r4]
  33 000c FFF7FEFF 		bl	HAL_GetTick
  34 0010 0546     		mov	r5, r0
  35 0012 04E0     		b	.L2
  36              	.L4:
  37 0014 FFF7FEFF 		bl	HAL_GetTick
  38 0018 401B     		subs	r0, r0, r5
  39 001a 0228     		cmp	r0, #2
  40 001c 28D8     		bhi	.L6
  41              	.L2:
  42 001e 2368     		ldr	r3, [r4]
  43 0020 9B07     		lsls	r3, r3, #30
  44 0022 F7D5     		bpl	.L4
  45 0024 2368     		ldr	r3, [r4]
  46 0026 2B4A     		ldr	r2, .L15+4
  47 0028 294E     		ldr	r6, .L15
  48 002a 23F0F803 		bic	r3, r3, #248
  49 002e 43F08003 		orr	r3, r3, #128
  50 0032 2360     		str	r3, [r4]
  51 0034 6368     		ldr	r3, [r4, #4]
  52 0036 1A40     		ands	r2, r2, r3
  53 0038 6260     		str	r2, [r4, #4]
  54 003a FFF7FEFF 		bl	HAL_GetTick
  55 003e 41F28835 		movw	r5, #5000
  56 0042 0446     		mov	r4, r0
  57 0044 04E0     		b	.L5
  58              	.L7:
ARM GAS  D:\Users\Ma-Game\AppData\Local\Temp\ccuFUuCB.s 			page 2


  59 0046 FFF7FEFF 		bl	HAL_GetTick
  60 004a 001B     		subs	r0, r0, r4
  61 004c A842     		cmp	r0, r5
  62 004e 0FD8     		bhi	.L6
  63              	.L5:
  64 0050 7368     		ldr	r3, [r6, #4]
  65 0052 13F00C0F 		tst	r3, #12
  66 0056 F6D1     		bne	.L7
  67 0058 1F4A     		ldr	r2, .L15+8
  68 005a 204B     		ldr	r3, .L15+12
  69 005c 1068     		ldr	r0, [r2]
  70 005e 204A     		ldr	r2, .L15+16
  71 0060 1A60     		str	r2, [r3]
  72 0062 FFF7FEFF 		bl	HAL_InitTick
  73 0066 0446     		mov	r4, r0
  74 0068 28B1     		cbz	r0, .L14
  75 006a 0124     		movs	r4, #1
  76 006c 2046     		mov	r0, r4
  77 006e 70BD     		pop	{r4, r5, r6, pc}
  78              	.L6:
  79 0070 0324     		movs	r4, #3
  80              	.L3:
  81 0072 2046     		mov	r0, r4
  82 0074 70BD     		pop	{r4, r5, r6, pc}
  83              	.L14:
  84 0076 3368     		ldr	r3, [r6]
  85 0078 154D     		ldr	r5, .L15
  86 007a 23F08473 		bic	r3, r3, #17301504
  87 007e 23F48033 		bic	r3, r3, #65536
  88 0082 3360     		str	r3, [r6]
  89 0084 3368     		ldr	r3, [r6]
  90 0086 23F48023 		bic	r3, r3, #262144
  91 008a 3360     		str	r3, [r6]
  92 008c FFF7FEFF 		bl	HAL_GetTick
  93 0090 0646     		mov	r6, r0
  94 0092 04E0     		b	.L8
  95              	.L9:
  96 0094 FFF7FEFF 		bl	HAL_GetTick
  97 0098 831B     		subs	r3, r0, r6
  98 009a 022B     		cmp	r3, #2
  99 009c E8D8     		bhi	.L6
 100              	.L8:
 101 009e 2B68     		ldr	r3, [r5]
 102 00a0 13F00073 		ands	r3, r3, #33554432
 103 00a4 F6D1     		bne	.L9
 104 00a6 6B60     		str	r3, [r5, #4]
 105 00a8 EB62     		str	r3, [r5, #44]
 106 00aa 2B63     		str	r3, [r5, #48]
 107 00ac AA68     		ldr	r2, [r5, #8]
 108 00ae 42F41F02 		orr	r2, r2, #10420224
 109 00b2 AA60     		str	r2, [r5, #8]
 110 00b4 4FF08072 		mov	r2, #16777216
 111 00b8 AB60     		str	r3, [r5, #8]
 112              		.syntax unified
 113              	@ 988 "Drivers/CMSIS/Include/cmsis_gcc.h" 1
 114 00ba 92FAA2F2 		rbit r2, r2
 115              	@ 0 "" 2
ARM GAS  D:\Users\Ma-Game\AppData\Local\Temp\ccuFUuCB.s 			page 3


 116              		.thumb
 117              		.syntax unified
 118 00be 094B     		ldr	r3, .L15+20
 119 00c0 B2FA82F2 		clz	r2, r2
 120 00c4 1344     		add	r3, r3, r2
 121 00c6 9B00     		lsls	r3, r3, #2
 122 00c8 0122     		movs	r2, #1
 123 00ca 1A60     		str	r2, [r3]
 124 00cc D1E7     		b	.L3
 125              	.L16:
 126 00ce 00BF     		.align	2
 127              	.L15:
 128 00d0 00100240 		.word	1073876992
 129 00d4 0CC0FFF8 		.word	-117456884
 130 00d8 00000000 		.word	uwTickPrio
 131 00dc 00000000 		.word	SystemCoreClock
 132 00e0 00127A00 		.word	8000000
 133 00e4 20819010 		.word	277905696
 135              		.section	.text.HAL_RCC_OscConfig,"ax",%progbits
 136              		.align	1
 137              		.p2align 2,,3
 138              		.global	HAL_RCC_OscConfig
 139              		.syntax unified
 140              		.thumb
 141              		.thumb_func
 142              		.fpu fpv4-sp-d16
 144              	HAL_RCC_OscConfig:
 145              		@ args = 0, pretend = 0, frame = 8
 146              		@ frame_needed = 0, uses_anonymous_args = 0
 147 0000 0028     		cmp	r0, #0
 148 0002 00F09082 		beq	.L121
 149 0006 2DE9F043 		push	{r4, r5, r6, r7, r8, r9, lr}
 150 000a 0368     		ldr	r3, [r0]
 151 000c D907     		lsls	r1, r3, #31
 152 000e 83B0     		sub	sp, sp, #12
 153 0010 0446     		mov	r4, r0
 154 0012 4FD5     		bpl	.L20
 155 0014 B649     		ldr	r1, .L134
 156 0016 4A68     		ldr	r2, [r1, #4]
 157 0018 02F00C02 		and	r2, r2, #12
 158 001c 042A     		cmp	r2, #4
 159 001e 00F07181 		beq	.L21
 160 0022 4A68     		ldr	r2, [r1, #4]
 161 0024 02F00C02 		and	r2, r2, #12
 162 0028 082A     		cmp	r2, #8
 163 002a 00F06781 		beq	.L122
 164              	.L22:
 165 002e 6368     		ldr	r3, [r4, #4]
 166 0030 B3F5803F 		cmp	r3, #65536
 167 0034 17D0     		beq	.L123
 168 0036 002B     		cmp	r3, #0
 169 0038 00F0A081 		beq	.L124
 170 003c B3F5A02F 		cmp	r3, #327680
 171 0040 00F05C82 		beq	.L125
 172 0044 AA4B     		ldr	r3, .L134
 173 0046 1A68     		ldr	r2, [r3]
 174 0048 22F48032 		bic	r2, r2, #65536
ARM GAS  D:\Users\Ma-Game\AppData\Local\Temp\ccuFUuCB.s 			page 4


 175 004c 1A60     		str	r2, [r3]
 176 004e 1A68     		ldr	r2, [r3]
 177 0050 22F48022 		bic	r2, r2, #262144
 178 0054 1A60     		str	r2, [r3]
 179              	.L29:
 180 0056 A64A     		ldr	r2, .L134
 181 0058 A168     		ldr	r1, [r4, #8]
 182 005a D36A     		ldr	r3, [r2, #44]
 183 005c 23F00F03 		bic	r3, r3, #15
 184 0060 0B43     		orrs	r3, r3, r1
 185 0062 D362     		str	r3, [r2, #44]
 186 0064 0AE0     		b	.L25
 187              	.L123:
 188 0066 A24A     		ldr	r2, .L134
 189 0068 1368     		ldr	r3, [r2]
 190 006a 43F48033 		orr	r3, r3, #65536
 191 006e 1360     		str	r3, [r2]
 192 0070 D36A     		ldr	r3, [r2, #44]
 193 0072 A168     		ldr	r1, [r4, #8]
 194 0074 23F00F03 		bic	r3, r3, #15
 195 0078 0B43     		orrs	r3, r3, r1
 196 007a D362     		str	r3, [r2, #44]
 197              	.L25:
 198 007c FFF7FEFF 		bl	HAL_GetTick
 199 0080 9B4F     		ldr	r7, .L134
 200 0082 0546     		mov	r5, r0
 201 0084 4FF40038 		mov	r8, #131072
 202 0088 0126     		movs	r6, #1
 203 008a 05E0     		b	.L30
 204              	.L31:
 205 008c FFF7FEFF 		bl	HAL_GetTick
 206 0090 401B     		subs	r0, r0, r5
 207 0092 6428     		cmp	r0, #100
 208 0094 00F26E81 		bhi	.L32
 209              	.L30:
 210              		.syntax unified
 211              	@ 988 "Drivers/CMSIS/Include/cmsis_gcc.h" 1
 212 0098 98FAA8F3 		rbit r3, r8
 213              	@ 0 "" 2
 214              		.thumb
 215              		.syntax unified
 216 009c 3A68     		ldr	r2, [r7]
 217              		.syntax unified
 218              	@ 988 "Drivers/CMSIS/Include/cmsis_gcc.h" 1
 219 009e 98FAA8F3 		rbit r3, r8
 220              	@ 0 "" 2
 221              		.thumb
 222              		.syntax unified
 223 00a2 B3FA83F3 		clz	r3, r3
 224 00a6 03F01F03 		and	r3, r3, #31
 225 00aa 06FA03F3 		lsl	r3, r6, r3
 226 00ae 1342     		tst	r3, r2
 227 00b0 ECD0     		beq	.L31
 228              	.L119:
 229 00b2 2368     		ldr	r3, [r4]
 230              	.L20:
 231 00b4 9F07     		lsls	r7, r3, #30
ARM GAS  D:\Users\Ma-Game\AppData\Local\Temp\ccuFUuCB.s 			page 5


 232 00b6 42D5     		bpl	.L34
 233 00b8 8D4A     		ldr	r2, .L134
 234 00ba 5168     		ldr	r1, [r2, #4]
 235 00bc 11F00C0F 		tst	r1, #12
 236 00c0 00F0CB80 		beq	.L35
 237 00c4 5168     		ldr	r1, [r2, #4]
 238 00c6 01F00C01 		and	r1, r1, #12
 239 00ca 0829     		cmp	r1, #8
 240 00cc 00F0C180 		beq	.L126
 241              	.L36:
 242 00d0 2269     		ldr	r2, [r4, #16]
 243 00d2 002A     		cmp	r2, #0
 244 00d4 00F0B181 		beq	.L38
 245 00d8 0122     		movs	r2, #1
 246              		.syntax unified
 247              	@ 988 "Drivers/CMSIS/Include/cmsis_gcc.h" 1
 248 00da 92FAA2F3 		rbit r3, r2
 249              	@ 0 "" 2
 250              		.thumb
 251              		.syntax unified
 252 00de B3FA83F3 		clz	r3, r3
 253 00e2 03F18453 		add	r3, r3, #276824064
 254 00e6 03F58413 		add	r3, r3, #1081344
 255 00ea 9B00     		lsls	r3, r3, #2
 256 00ec 1746     		mov	r7, r2
 257 00ee 1A60     		str	r2, [r3]
 258 00f0 FFF7FEFF 		bl	HAL_GetTick
 259 00f4 7E4E     		ldr	r6, .L134
 260 00f6 0546     		mov	r5, r0
 261 00f8 4FF00208 		mov	r8, #2
 262 00fc 05E0     		b	.L39
 263              	.L40:
 264 00fe FFF7FEFF 		bl	HAL_GetTick
 265 0102 401B     		subs	r0, r0, r5
 266 0104 0228     		cmp	r0, #2
 267 0106 00F23581 		bhi	.L32
 268              	.L39:
 269              		.syntax unified
 270              	@ 988 "Drivers/CMSIS/Include/cmsis_gcc.h" 1
 271 010a 98FAA8F3 		rbit r3, r8
 272              	@ 0 "" 2
 273              		.thumb
 274              		.syntax unified
 275 010e 3268     		ldr	r2, [r6]
 276              		.syntax unified
 277              	@ 988 "Drivers/CMSIS/Include/cmsis_gcc.h" 1
 278 0110 98FAA8F3 		rbit r3, r8
 279              	@ 0 "" 2
 280              		.thumb
 281              		.syntax unified
 282 0114 B3FA83F3 		clz	r3, r3
 283 0118 03F01F03 		and	r3, r3, #31
 284 011c 07FA03F3 		lsl	r3, r7, r3
 285 0120 1342     		tst	r3, r2
 286 0122 ECD0     		beq	.L40
 287 0124 3168     		ldr	r1, [r6]
 288 0126 F822     		movs	r2, #248
ARM GAS  D:\Users\Ma-Game\AppData\Local\Temp\ccuFUuCB.s 			page 6


 289              		.syntax unified
 290              	@ 988 "Drivers/CMSIS/Include/cmsis_gcc.h" 1
 291 0128 92FAA2F2 		rbit r2, r2
 292              	@ 0 "" 2
 293              		.thumb
 294              		.syntax unified
 295 012c 6369     		ldr	r3, [r4, #20]
 296 012e B2FA82F2 		clz	r2, r2
 297 0132 21F0F801 		bic	r1, r1, #248
 298 0136 9340     		lsls	r3, r3, r2
 299 0138 0B43     		orrs	r3, r3, r1
 300 013a 3360     		str	r3, [r6]
 301 013c 2368     		ldr	r3, [r4]
 302              	.L34:
 303 013e 1D07     		lsls	r5, r3, #28
 304 0140 21D4     		bmi	.L127
 305              	.L43:
 306 0142 5807     		lsls	r0, r3, #29
 307 0144 4DD5     		bpl	.L50
 308              	.L132:
 309 0146 6A4B     		ldr	r3, .L134
 310 0148 DA69     		ldr	r2, [r3, #28]
 311 014a D100     		lsls	r1, r2, #3
 312 014c 40F1C380 		bpl	.L128
 313 0150 4FF00008 		mov	r8, #0
 314              	.L51:
 315 0154 674D     		ldr	r5, .L134+4
 316 0156 2B68     		ldr	r3, [r5]
 317 0158 DA05     		lsls	r2, r3, #23
 318 015a 40F1FB80 		bpl	.L52
 319              	.L57:
 320 015e E368     		ldr	r3, [r4, #12]
 321 0160 012B     		cmp	r3, #1
 322 0162 00F09081 		beq	.L129
 323 0166 002B     		cmp	r3, #0
 324 0168 00F03181 		beq	.L130
 325 016c 052B     		cmp	r3, #5
 326 016e 604B     		ldr	r3, .L134
 327 0170 1A6A     		ldr	r2, [r3, #32]
 328 0172 00F0D081 		beq	.L131
 329 0176 22F00102 		bic	r2, r2, #1
 330 017a 1A62     		str	r2, [r3, #32]
 331 017c 1A6A     		ldr	r2, [r3, #32]
 332 017e 22F00402 		bic	r2, r2, #4
 333 0182 1A62     		str	r2, [r3, #32]
 334 0184 84E1     		b	.L58
 335              	.L127:
 336 0186 A269     		ldr	r2, [r4, #24]
 337 0188 002A     		cmp	r2, #0
 338 018a 7DD0     		beq	.L44
 339 018c 0122     		movs	r2, #1
 340              		.syntax unified
 341              	@ 988 "Drivers/CMSIS/Include/cmsis_gcc.h" 1
 342 018e 92FAA2F1 		rbit r1, r2
 343              	@ 0 "" 2
 344              		.thumb
 345              		.syntax unified
ARM GAS  D:\Users\Ma-Game\AppData\Local\Temp\ccuFUuCB.s 			page 7


 346 0192 594B     		ldr	r3, .L134+8
 347 0194 564F     		ldr	r7, .L134
 348 0196 B1FA81F1 		clz	r1, r1
 349 019a 0B44     		add	r3, r3, r1
 350 019c 9B00     		lsls	r3, r3, #2
 351 019e 1646     		mov	r6, r2
 352 01a0 1A60     		str	r2, [r3]
 353 01a2 FFF7FEFF 		bl	HAL_GetTick
 354 01a6 4FF00208 		mov	r8, #2
 355 01aa 0546     		mov	r5, r0
 356 01ac 05E0     		b	.L45
 357              	.L46:
 358 01ae FFF7FEFF 		bl	HAL_GetTick
 359 01b2 401B     		subs	r0, r0, r5
 360 01b4 0228     		cmp	r0, #2
 361 01b6 00F2DD80 		bhi	.L32
 362              	.L45:
 363              		.syntax unified
 364              	@ 988 "Drivers/CMSIS/Include/cmsis_gcc.h" 1
 365 01ba 98FAA8F3 		rbit r3, r8
 366              	@ 0 "" 2
 367              	@ 988 "Drivers/CMSIS/Include/cmsis_gcc.h" 1
 368 01be 98FAA8F3 		rbit r3, r8
 369              	@ 0 "" 2
 370              	@ 988 "Drivers/CMSIS/Include/cmsis_gcc.h" 1
 371 01c2 98FAA8F3 		rbit r3, r8
 372              	@ 0 "" 2
 373              		.thumb
 374              		.syntax unified
 375 01c6 7A6A     		ldr	r2, [r7, #36]
 376              		.syntax unified
 377              	@ 988 "Drivers/CMSIS/Include/cmsis_gcc.h" 1
 378 01c8 98FAA8F3 		rbit r3, r8
 379              	@ 0 "" 2
 380              		.thumb
 381              		.syntax unified
 382 01cc B3FA83F3 		clz	r3, r3
 383 01d0 03F01F03 		and	r3, r3, #31
 384 01d4 06FA03F3 		lsl	r3, r6, r3
 385 01d8 1342     		tst	r3, r2
 386 01da E8D0     		beq	.L46
 387              	.L120:
 388 01dc 2368     		ldr	r3, [r4]
 389 01de 5807     		lsls	r0, r3, #29
 390 01e0 B1D4     		bmi	.L132
 391              	.L50:
 392 01e2 E069     		ldr	r0, [r4, #28]
 393 01e4 88B3     		cbz	r0, .L80
 394 01e6 424D     		ldr	r5, .L134
 395 01e8 6B68     		ldr	r3, [r5, #4]
 396 01ea 03F00C03 		and	r3, r3, #12
 397 01ee 082B     		cmp	r3, #8
 398 01f0 00F07381 		beq	.L74
 399 01f4 0228     		cmp	r0, #2
 400 01f6 4FF08073 		mov	r3, #16777216
 401 01fa 00F09681 		beq	.L133
 402              		.syntax unified
ARM GAS  D:\Users\Ma-Game\AppData\Local\Temp\ccuFUuCB.s 			page 8


 403              	@ 988 "Drivers/CMSIS/Include/cmsis_gcc.h" 1
 404 01fe 93FAA3F3 		rbit r3, r3
 405              	@ 0 "" 2
 406              		.thumb
 407              		.syntax unified
 408 0202 B3FA83F3 		clz	r3, r3
 409 0206 03F18453 		add	r3, r3, #276824064
 410 020a 03F58413 		add	r3, r3, #1081344
 411 020e 9B00     		lsls	r3, r3, #2
 412 0210 0022     		movs	r2, #0
 413 0212 1A60     		str	r2, [r3]
 414 0214 FFF7FEFF 		bl	HAL_GetTick
 415 0218 2C46     		mov	r4, r5
 416 021a 4FF00077 		mov	r7, #33554432
 417 021e 0546     		mov	r5, r0
 418 0220 0126     		movs	r6, #1
 419 0222 05E0     		b	.L81
 420              	.L82:
 421 0224 FFF7FEFF 		bl	HAL_GetTick
 422 0228 401B     		subs	r0, r0, r5
 423 022a 0228     		cmp	r0, #2
 424 022c 00F2A280 		bhi	.L32
 425              	.L81:
 426              		.syntax unified
 427              	@ 988 "Drivers/CMSIS/Include/cmsis_gcc.h" 1
 428 0230 97FAA7F3 		rbit r3, r7
 429              	@ 0 "" 2
 430              		.thumb
 431              		.syntax unified
 432 0234 2268     		ldr	r2, [r4]
 433              		.syntax unified
 434              	@ 988 "Drivers/CMSIS/Include/cmsis_gcc.h" 1
 435 0236 97FAA7F3 		rbit r3, r7
 436              	@ 0 "" 2
 437              		.thumb
 438              		.syntax unified
 439 023a B3FA83F3 		clz	r3, r3
 440 023e 03F01F03 		and	r3, r3, #31
 441 0242 06FA03F3 		lsl	r3, r6, r3
 442 0246 1342     		tst	r3, r2
 443 0248 ECD1     		bne	.L82
 444              	.L80:
 445 024a 0020     		movs	r0, #0
 446              	.L114:
 447 024c 03B0     		add	sp, sp, #12
 448              		@ sp needed
 449 024e BDE8F083 		pop	{r4, r5, r6, r7, r8, r9, pc}
 450              	.L126:
 451 0252 5268     		ldr	r2, [r2, #4]
 452 0254 D603     		lsls	r6, r2, #15
 453 0256 3FF53BAF 		bmi	.L36
 454              	.L35:
 455 025a 0222     		movs	r2, #2
 456              		.syntax unified
 457              	@ 988 "Drivers/CMSIS/Include/cmsis_gcc.h" 1
 458 025c 92FAA2F1 		rbit r1, r2
 459              	@ 0 "" 2
ARM GAS  D:\Users\Ma-Game\AppData\Local\Temp\ccuFUuCB.s 			page 9


 460              		.thumb
 461              		.syntax unified
 462 0260 2349     		ldr	r1, .L134
 463 0262 0868     		ldr	r0, [r1]
 464              		.syntax unified
 465              	@ 988 "Drivers/CMSIS/Include/cmsis_gcc.h" 1
 466 0264 92FAA2F2 		rbit r2, r2
 467              	@ 0 "" 2
 468              		.thumb
 469              		.syntax unified
 470 0268 B2FA82F2 		clz	r2, r2
 471 026c 02F01F02 		and	r2, r2, #31
 472 0270 0121     		movs	r1, #1
 473 0272 01FA02F2 		lsl	r2, r1, r2
 474 0276 0242     		tst	r2, r0
 475 0278 5BD0     		beq	.L37
 476 027a 2269     		ldr	r2, [r4, #16]
 477 027c 8A42     		cmp	r2, r1
 478 027e 58D0     		beq	.L37
 479              	.L85:
 480 0280 0120     		movs	r0, #1
 481 0282 03B0     		add	sp, sp, #12
 482              		@ sp needed
 483 0284 BDE8F083 		pop	{r4, r5, r6, r7, r8, r9, pc}
 484              	.L44:
 485 0288 0125     		movs	r5, #1
 486              		.syntax unified
 487              	@ 988 "Drivers/CMSIS/Include/cmsis_gcc.h" 1
 488 028a 95FAA5F1 		rbit r1, r5
 489              	@ 0 "" 2
 490              		.thumb
 491              		.syntax unified
 492 028e 1A4B     		ldr	r3, .L134+8
 493 0290 174F     		ldr	r7, .L134
 494 0292 B1FA81F1 		clz	r1, r1
 495 0296 0B44     		add	r3, r3, r1
 496 0298 9B00     		lsls	r3, r3, #2
 497 029a 4FF00208 		mov	r8, #2
 498 029e 1A60     		str	r2, [r3]
 499 02a0 FFF7FEFF 		bl	HAL_GetTick
 500 02a4 0646     		mov	r6, r0
 501 02a6 04E0     		b	.L47
 502              	.L48:
 503 02a8 FFF7FEFF 		bl	HAL_GetTick
 504 02ac 801B     		subs	r0, r0, r6
 505 02ae 0228     		cmp	r0, #2
 506 02b0 60D8     		bhi	.L32
 507              	.L47:
 508              		.syntax unified
 509              	@ 988 "Drivers/CMSIS/Include/cmsis_gcc.h" 1
 510 02b2 98FAA8F3 		rbit r3, r8
 511              	@ 0 "" 2
 512              	@ 988 "Drivers/CMSIS/Include/cmsis_gcc.h" 1
 513 02b6 98FAA8F3 		rbit r3, r8
 514              	@ 0 "" 2
 515              	@ 988 "Drivers/CMSIS/Include/cmsis_gcc.h" 1
 516 02ba 98FAA8F3 		rbit r3, r8
ARM GAS  D:\Users\Ma-Game\AppData\Local\Temp\ccuFUuCB.s 			page 10


 517              	@ 0 "" 2
 518              		.thumb
 519              		.syntax unified
 520 02be 7A6A     		ldr	r2, [r7, #36]
 521              		.syntax unified
 522              	@ 988 "Drivers/CMSIS/Include/cmsis_gcc.h" 1
 523 02c0 98FAA8F3 		rbit r3, r8
 524              	@ 0 "" 2
 525              		.thumb
 526              		.syntax unified
 527 02c4 B3FA83F3 		clz	r3, r3
 528 02c8 03F01F03 		and	r3, r3, #31
 529 02cc 05FA03F3 		lsl	r3, r5, r3
 530 02d0 1342     		tst	r3, r2
 531 02d2 E9D1     		bne	.L48
 532 02d4 82E7     		b	.L120
 533              	.L128:
 534 02d6 DA69     		ldr	r2, [r3, #28]
 535 02d8 42F08052 		orr	r2, r2, #268435456
 536 02dc DA61     		str	r2, [r3, #28]
 537 02de DB69     		ldr	r3, [r3, #28]
 538 02e0 03F08053 		and	r3, r3, #268435456
 539 02e4 0193     		str	r3, [sp, #4]
 540 02e6 019B     		ldr	r3, [sp, #4]
 541 02e8 4FF00108 		mov	r8, #1
 542 02ec 32E7     		b	.L51
 543              	.L135:
 544 02ee 00BF     		.align	2
 545              	.L134:
 546 02f0 00100240 		.word	1073876992
 547 02f4 00700040 		.word	1073770496
 548 02f8 20819010 		.word	277905696
 549              	.L122:
 550 02fc 4A68     		ldr	r2, [r1, #4]
 551 02fe D203     		lsls	r2, r2, #15
 552 0300 7FF595AE 		bpl	.L22
 553              	.L21:
 554 0304 4FF40032 		mov	r2, #131072
 555              		.syntax unified
 556              	@ 988 "Drivers/CMSIS/Include/cmsis_gcc.h" 1
 557 0308 92FAA2F1 		rbit r1, r2
 558              	@ 0 "" 2
 559              		.thumb
 560              		.syntax unified
 561 030c B149     		ldr	r1, .L136
 562 030e 0868     		ldr	r0, [r1]
 563              		.syntax unified
 564              	@ 988 "Drivers/CMSIS/Include/cmsis_gcc.h" 1
 565 0310 92FAA2F2 		rbit r2, r2
 566              	@ 0 "" 2
 567              		.thumb
 568              		.syntax unified
 569 0314 B2FA82F2 		clz	r2, r2
 570 0318 02F01F02 		and	r2, r2, #31
 571 031c 0121     		movs	r1, #1
 572 031e 01FA02F2 		lsl	r2, r1, r2
 573 0322 0242     		tst	r2, r0
ARM GAS  D:\Users\Ma-Game\AppData\Local\Temp\ccuFUuCB.s 			page 11


 574 0324 3FF4C6AE 		beq	.L20
 575 0328 6268     		ldr	r2, [r4, #4]
 576 032a 002A     		cmp	r2, #0
 577 032c 7FF4C2AE 		bne	.L20
 578 0330 A6E7     		b	.L85
 579              	.L37:
 580 0332 A84D     		ldr	r5, .L136
 581 0334 F821     		movs	r1, #248
 582 0336 2868     		ldr	r0, [r5]
 583              		.syntax unified
 584              	@ 988 "Drivers/CMSIS/Include/cmsis_gcc.h" 1
 585 0338 91FAA1F1 		rbit r1, r1
 586              	@ 0 "" 2
 587              		.thumb
 588              		.syntax unified
 589 033c 6269     		ldr	r2, [r4, #20]
 590 033e B1FA81F1 		clz	r1, r1
 591 0342 20F0F800 		bic	r0, r0, #248
 592 0346 8A40     		lsls	r2, r2, r1
 593 0348 0243     		orrs	r2, r2, r0
 594 034a 2A60     		str	r2, [r5]
 595 034c 1D07     		lsls	r5, r3, #28
 596 034e 7FF5F8AE 		bpl	.L43
 597 0352 18E7     		b	.L127
 598              	.L52:
 599 0354 2B68     		ldr	r3, [r5]
 600 0356 43F48073 		orr	r3, r3, #256
 601 035a 2B60     		str	r3, [r5]
 602 035c FFF7FEFF 		bl	HAL_GetTick
 603 0360 0646     		mov	r6, r0
 604              	.L55:
 605 0362 2B68     		ldr	r3, [r5]
 606 0364 DB05     		lsls	r3, r3, #23
 607 0366 3FF5FAAE 		bmi	.L57
 608 036a FFF7FEFF 		bl	HAL_GetTick
 609 036e 801B     		subs	r0, r0, r6
 610 0370 6428     		cmp	r0, #100
 611 0372 F6D9     		bls	.L55
 612              	.L32:
 613 0374 0320     		movs	r0, #3
 614 0376 03B0     		add	sp, sp, #12
 615              		@ sp needed
 616 0378 BDE8F083 		pop	{r4, r5, r6, r7, r8, r9, pc}
 617              	.L124:
 618 037c 954D     		ldr	r5, .L136
 619 037e 2B68     		ldr	r3, [r5]
 620 0380 23F48033 		bic	r3, r3, #65536
 621 0384 2B60     		str	r3, [r5]
 622 0386 2B68     		ldr	r3, [r5]
 623 0388 23F48023 		bic	r3, r3, #262144
 624 038c 2B60     		str	r3, [r5]
 625 038e EB6A     		ldr	r3, [r5, #44]
 626 0390 A268     		ldr	r2, [r4, #8]
 627 0392 23F00F03 		bic	r3, r3, #15
 628 0396 1343     		orrs	r3, r3, r2
 629 0398 EB62     		str	r3, [r5, #44]
 630 039a FFF7FEFF 		bl	HAL_GetTick
ARM GAS  D:\Users\Ma-Game\AppData\Local\Temp\ccuFUuCB.s 			page 12


 631 039e 4FF40038 		mov	r8, #131072
 632 03a2 0646     		mov	r6, r0
 633 03a4 0127     		movs	r7, #1
 634 03a6 04E0     		b	.L27
 635              	.L33:
 636 03a8 FFF7FEFF 		bl	HAL_GetTick
 637 03ac 801B     		subs	r0, r0, r6
 638 03ae 6428     		cmp	r0, #100
 639 03b0 E0D8     		bhi	.L32
 640              	.L27:
 641              		.syntax unified
 642              	@ 988 "Drivers/CMSIS/Include/cmsis_gcc.h" 1
 643 03b2 98FAA8F3 		rbit r3, r8
 644              	@ 0 "" 2
 645              		.thumb
 646              		.syntax unified
 647 03b6 2A68     		ldr	r2, [r5]
 648              		.syntax unified
 649              	@ 988 "Drivers/CMSIS/Include/cmsis_gcc.h" 1
 650 03b8 98FAA8F3 		rbit r3, r8
 651              	@ 0 "" 2
 652              		.thumb
 653              		.syntax unified
 654 03bc B3FA83F3 		clz	r3, r3
 655 03c0 03F01F03 		and	r3, r3, #31
 656 03c4 07FA03F3 		lsl	r3, r7, r3
 657 03c8 1342     		tst	r3, r2
 658 03ca EDD1     		bne	.L33
 659 03cc 71E6     		b	.L119
 660              	.L130:
 661 03ce 814D     		ldr	r5, .L136
 662 03d0 2B6A     		ldr	r3, [r5, #32]
 663 03d2 23F00103 		bic	r3, r3, #1
 664 03d6 2B62     		str	r3, [r5, #32]
 665 03d8 2B6A     		ldr	r3, [r5, #32]
 666 03da 23F00403 		bic	r3, r3, #4
 667 03de 2B62     		str	r3, [r5, #32]
 668 03e0 FFF7FEFF 		bl	HAL_GetTick
 669 03e4 4FF00209 		mov	r9, #2
 670 03e8 0646     		mov	r6, r0
 671 03ea 0127     		movs	r7, #1
 672 03ec 13E0     		b	.L60
 673              	.L69:
 674              		.syntax unified
 675              	@ 988 "Drivers/CMSIS/Include/cmsis_gcc.h" 1
 676 03ee 99FAA9F3 		rbit r3, r9
 677              	@ 0 "" 2
 678              		.thumb
 679              		.syntax unified
 680 03f2 6A6A     		ldr	r2, [r5, #36]
 681              	.L70:
 682              		.syntax unified
 683              	@ 988 "Drivers/CMSIS/Include/cmsis_gcc.h" 1
 684 03f4 99FAA9F3 		rbit r3, r9
 685              	@ 0 "" 2
 686              		.thumb
 687              		.syntax unified
ARM GAS  D:\Users\Ma-Game\AppData\Local\Temp\ccuFUuCB.s 			page 13


 688 03f8 B3FA83F3 		clz	r3, r3
 689 03fc 03F01F03 		and	r3, r3, #31
 690 0400 07FA03F3 		lsl	r3, r7, r3
 691 0404 1342     		tst	r3, r2
 692 0406 0ED0     		beq	.L72
 693 0408 FFF7FEFF 		bl	HAL_GetTick
 694 040c 41F28833 		movw	r3, #5000
 695 0410 801B     		subs	r0, r0, r6
 696 0412 9842     		cmp	r0, r3
 697 0414 AED8     		bhi	.L32
 698              	.L60:
 699              		.syntax unified
 700              	@ 988 "Drivers/CMSIS/Include/cmsis_gcc.h" 1
 701 0416 99FAA9F3 		rbit r3, r9
 702              	@ 0 "" 2
 703              	@ 988 "Drivers/CMSIS/Include/cmsis_gcc.h" 1
 704 041a 99FAA9F3 		rbit r3, r9
 705              	@ 0 "" 2
 706              		.thumb
 707              		.syntax unified
 708 041e 002B     		cmp	r3, #0
 709 0420 E5D0     		beq	.L69
 710 0422 2A6A     		ldr	r2, [r5, #32]
 711 0424 E6E7     		b	.L70
 712              	.L72:
 713 0426 B8F1000F 		cmp	r8, #0
 714 042a 3FF4DAAE 		beq	.L50
 715 042e 694A     		ldr	r2, .L136
 716 0430 D369     		ldr	r3, [r2, #28]
 717 0432 23F08053 		bic	r3, r3, #268435456
 718 0436 D361     		str	r3, [r2, #28]
 719 0438 D3E6     		b	.L50
 720              	.L38:
 721 043a 0125     		movs	r5, #1
 722              		.syntax unified
 723              	@ 988 "Drivers/CMSIS/Include/cmsis_gcc.h" 1
 724 043c 95FAA5F3 		rbit r3, r5
 725              	@ 0 "" 2
 726              		.thumb
 727              		.syntax unified
 728 0440 B3FA83F3 		clz	r3, r3
 729 0444 03F18453 		add	r3, r3, #276824064
 730 0448 03F58413 		add	r3, r3, #1081344
 731 044c 9B00     		lsls	r3, r3, #2
 732 044e 614F     		ldr	r7, .L136
 733 0450 1A60     		str	r2, [r3]
 734 0452 FFF7FEFF 		bl	HAL_GetTick
 735 0456 4FF00208 		mov	r8, #2
 736 045a 0646     		mov	r6, r0
 737 045c 04E0     		b	.L41
 738              	.L42:
 739 045e FFF7FEFF 		bl	HAL_GetTick
 740 0462 801B     		subs	r0, r0, r6
 741 0464 0228     		cmp	r0, #2
 742 0466 85D8     		bhi	.L32
 743              	.L41:
 744              		.syntax unified
ARM GAS  D:\Users\Ma-Game\AppData\Local\Temp\ccuFUuCB.s 			page 14


 745              	@ 988 "Drivers/CMSIS/Include/cmsis_gcc.h" 1
 746 0468 98FAA8F3 		rbit r3, r8
 747              	@ 0 "" 2
 748              		.thumb
 749              		.syntax unified
 750 046c 3A68     		ldr	r2, [r7]
 751              		.syntax unified
 752              	@ 988 "Drivers/CMSIS/Include/cmsis_gcc.h" 1
 753 046e 98FAA8F3 		rbit r3, r8
 754              	@ 0 "" 2
 755              		.thumb
 756              		.syntax unified
 757 0472 B3FA83F3 		clz	r3, r3
 758 0476 03F01F03 		and	r3, r3, #31
 759 047a 05FA03F3 		lsl	r3, r5, r3
 760 047e 1342     		tst	r3, r2
 761 0480 EDD1     		bne	.L42
 762 0482 2368     		ldr	r3, [r4]
 763 0484 5BE6     		b	.L34
 764              	.L129:
 765 0486 534A     		ldr	r2, .L136
 766 0488 136A     		ldr	r3, [r2, #32]
 767 048a 43F00103 		orr	r3, r3, #1
 768 048e 1362     		str	r3, [r2, #32]
 769              	.L58:
 770 0490 FFF7FEFF 		bl	HAL_GetTick
 771 0494 4F4F     		ldr	r7, .L136
 772 0496 0546     		mov	r5, r0
 773 0498 4FF00209 		mov	r9, #2
 774 049c 0126     		movs	r6, #1
 775 049e 14E0     		b	.L63
 776              	.L64:
 777              		.syntax unified
 778              	@ 988 "Drivers/CMSIS/Include/cmsis_gcc.h" 1
 779 04a0 99FAA9F3 		rbit r3, r9
 780              	@ 0 "" 2
 781              		.thumb
 782              		.syntax unified
 783 04a4 7A6A     		ldr	r2, [r7, #36]
 784              	.L65:
 785              		.syntax unified
 786              	@ 988 "Drivers/CMSIS/Include/cmsis_gcc.h" 1
 787 04a6 99FAA9F3 		rbit r3, r9
 788              	@ 0 "" 2
 789              		.thumb
 790              		.syntax unified
 791 04aa B3FA83F3 		clz	r3, r3
 792 04ae 03F01F03 		and	r3, r3, #31
 793 04b2 06FA03F3 		lsl	r3, r6, r3
 794 04b6 1342     		tst	r3, r2
 795 04b8 B5D1     		bne	.L72
 796 04ba FFF7FEFF 		bl	HAL_GetTick
 797 04be 41F28833 		movw	r3, #5000
 798 04c2 401B     		subs	r0, r0, r5
 799 04c4 9842     		cmp	r0, r3
 800 04c6 3FF655AF 		bhi	.L32
 801              	.L63:
ARM GAS  D:\Users\Ma-Game\AppData\Local\Temp\ccuFUuCB.s 			page 15


 802              		.syntax unified
 803              	@ 988 "Drivers/CMSIS/Include/cmsis_gcc.h" 1
 804 04ca 99FAA9F3 		rbit r3, r9
 805              	@ 0 "" 2
 806              	@ 988 "Drivers/CMSIS/Include/cmsis_gcc.h" 1
 807 04ce 99FAA9F3 		rbit r3, r9
 808              	@ 0 "" 2
 809              		.thumb
 810              		.syntax unified
 811 04d2 002B     		cmp	r3, #0
 812 04d4 E4D0     		beq	.L64
 813 04d6 3A6A     		ldr	r2, [r7, #32]
 814 04d8 E5E7     		b	.L65
 815              	.L74:
 816 04da 0128     		cmp	r0, #1
 817 04dc 3FF4B6AE 		beq	.L114
 818 04e0 6B68     		ldr	r3, [r5, #4]
 819 04e2 226A     		ldr	r2, [r4, #32]
 820 04e4 03F48031 		and	r1, r3, #65536
 821 04e8 9142     		cmp	r1, r2
 822 04ea 7FF4C9AE 		bne	.L85
 823 04ee 606A     		ldr	r0, [r4, #36]
 824 04f0 03F47013 		and	r3, r3, #3932160
 825 04f4 181A     		subs	r0, r3, r0
 826 04f6 18BF     		it	ne
 827 04f8 0120     		movne	r0, #1
 828 04fa A7E6     		b	.L114
 829              	.L125:
 830 04fc 03F18043 		add	r3, r3, #1073741824
 831 0500 A3F53C33 		sub	r3, r3, #192512
 832 0504 1A68     		ldr	r2, [r3]
 833 0506 42F48022 		orr	r2, r2, #262144
 834 050a 1A60     		str	r2, [r3]
 835 050c 1A68     		ldr	r2, [r3]
 836 050e 42F48032 		orr	r2, r2, #65536
 837 0512 1A60     		str	r2, [r3]
 838 0514 9FE5     		b	.L29
 839              	.L131:
 840 0516 42F00402 		orr	r2, r2, #4
 841 051a 1A62     		str	r2, [r3, #32]
 842 051c 1A6A     		ldr	r2, [r3, #32]
 843 051e 42F00102 		orr	r2, r2, #1
 844 0522 1A62     		str	r2, [r3, #32]
 845 0524 B4E7     		b	.L58
 846              	.L121:
 847 0526 0120     		movs	r0, #1
 848 0528 7047     		bx	lr
 849              	.L133:
 850              		.syntax unified
 851              	@ 988 "Drivers/CMSIS/Include/cmsis_gcc.h" 1
 852 052a 93FAA3F3 		rbit r3, r3
 853              	@ 0 "" 2
 854              		.thumb
 855              		.syntax unified
 856 052e B3FA83F3 		clz	r3, r3
 857 0532 03F18453 		add	r3, r3, #276824064
 858 0536 03F58413 		add	r3, r3, #1081344
ARM GAS  D:\Users\Ma-Game\AppData\Local\Temp\ccuFUuCB.s 			page 16


 859 053a 9B00     		lsls	r3, r3, #2
 860 053c 0022     		movs	r2, #0
 861 053e 1A60     		str	r2, [r3]
 862 0540 FFF7FEFF 		bl	HAL_GetTick
 863 0544 4FF00078 		mov	r8, #33554432
 864 0548 0646     		mov	r6, r0
 865 054a 0127     		movs	r7, #1
 866 054c 05E0     		b	.L76
 867              	.L77:
 868 054e FFF7FEFF 		bl	HAL_GetTick
 869 0552 801B     		subs	r0, r0, r6
 870 0554 0228     		cmp	r0, #2
 871 0556 3FF60DAF 		bhi	.L32
 872              	.L76:
 873              		.syntax unified
 874              	@ 988 "Drivers/CMSIS/Include/cmsis_gcc.h" 1
 875 055a 98FAA8F3 		rbit r3, r8
 876              	@ 0 "" 2
 877              		.thumb
 878              		.syntax unified
 879 055e 2A68     		ldr	r2, [r5]
 880              		.syntax unified
 881              	@ 988 "Drivers/CMSIS/Include/cmsis_gcc.h" 1
 882 0560 98FAA8F3 		rbit r3, r8
 883              	@ 0 "" 2
 884              		.thumb
 885              		.syntax unified
 886 0564 B3FA83F3 		clz	r3, r3
 887 0568 03F01F03 		and	r3, r3, #31
 888 056c 07FA03F3 		lsl	r3, r7, r3
 889 0570 1342     		tst	r3, r2
 890 0572 ECD1     		bne	.L77
 891 0574 D4E90813 		ldrd	r1, r3, [r4, #32]
 892 0578 6A68     		ldr	r2, [r5, #4]
 893 057a 0B43     		orrs	r3, r3, r1
 894 057c 22F47412 		bic	r2, r2, #3997696
 895 0580 1343     		orrs	r3, r3, r2
 896 0582 6B60     		str	r3, [r5, #4]
 897 0584 4FF08073 		mov	r3, #16777216
 898              		.syntax unified
 899              	@ 988 "Drivers/CMSIS/Include/cmsis_gcc.h" 1
 900 0588 93FAA3F3 		rbit r3, r3
 901              	@ 0 "" 2
 902              		.thumb
 903              		.syntax unified
 904 058c B3FA83F3 		clz	r3, r3
 905 0590 03F18453 		add	r3, r3, #276824064
 906 0594 03F58413 		add	r3, r3, #1081344
 907 0598 9B00     		lsls	r3, r3, #2
 908 059a 0E4E     		ldr	r6, .L136
 909 059c 1F60     		str	r7, [r3]
 910 059e FFF7FEFF 		bl	HAL_GetTick
 911 05a2 4FF00078 		mov	r8, #33554432
 912 05a6 0446     		mov	r4, r0
 913 05a8 0125     		movs	r5, #1
 914 05aa 05E0     		b	.L78
 915              	.L79:
ARM GAS  D:\Users\Ma-Game\AppData\Local\Temp\ccuFUuCB.s 			page 17


 916 05ac FFF7FEFF 		bl	HAL_GetTick
 917 05b0 001B     		subs	r0, r0, r4
 918 05b2 0228     		cmp	r0, #2
 919 05b4 3FF6DEAE 		bhi	.L32
 920              	.L78:
 921              		.syntax unified
 922              	@ 988 "Drivers/CMSIS/Include/cmsis_gcc.h" 1
 923 05b8 98FAA8F3 		rbit r3, r8
 924              	@ 0 "" 2
 925              		.thumb
 926              		.syntax unified
 927 05bc 3268     		ldr	r2, [r6]
 928              		.syntax unified
 929              	@ 988 "Drivers/CMSIS/Include/cmsis_gcc.h" 1
 930 05be 98FAA8F3 		rbit r3, r8
 931              	@ 0 "" 2
 932              		.thumb
 933              		.syntax unified
 934 05c2 B3FA83F3 		clz	r3, r3
 935 05c6 03F01F03 		and	r3, r3, #31
 936 05ca 05FA03F3 		lsl	r3, r5, r3
 937 05ce 1342     		tst	r3, r2
 938 05d0 ECD0     		beq	.L79
 939 05d2 3AE6     		b	.L80
 940              	.L137:
 941              		.align	2
 942              	.L136:
 943 05d4 00100240 		.word	1073876992
 945              		.section	.text.HAL_RCC_ClockConfig,"ax",%progbits
 946              		.align	1
 947              		.p2align 2,,3
 948              		.global	HAL_RCC_ClockConfig
 949              		.syntax unified
 950              		.thumb
 951              		.thumb_func
 952              		.fpu fpv4-sp-d16
 954              	HAL_RCC_ClockConfig:
 955              		@ args = 0, pretend = 0, frame = 0
 956              		@ frame_needed = 0, uses_anonymous_args = 0
 957 0000 0028     		cmp	r0, #0
 958 0002 00F0C880 		beq	.L177
 959 0006 6F4A     		ldr	r2, .L181
 960 0008 1368     		ldr	r3, [r2]
 961 000a 03F00703 		and	r3, r3, #7
 962 000e 8B42     		cmp	r3, r1
 963 0010 2DE9F041 		push	{r4, r5, r6, r7, r8, lr}
 964 0014 0D46     		mov	r5, r1
 965 0016 0446     		mov	r4, r0
 966 0018 0CD2     		bcs	.L145
 967 001a 1368     		ldr	r3, [r2]
 968 001c 23F00703 		bic	r3, r3, #7
 969 0020 0B43     		orrs	r3, r3, r1
 970 0022 1360     		str	r3, [r2]
 971 0024 1368     		ldr	r3, [r2]
 972 0026 03F00703 		and	r3, r3, #7
 973 002a 8B42     		cmp	r3, r1
 974 002c 02D0     		beq	.L145
ARM GAS  D:\Users\Ma-Game\AppData\Local\Temp\ccuFUuCB.s 			page 18


 975              	.L144:
 976 002e 0120     		movs	r0, #1
 977              	.L140:
 978 0030 BDE8F081 		pop	{r4, r5, r6, r7, r8, pc}
 979              	.L145:
 980 0034 2368     		ldr	r3, [r4]
 981 0036 9F07     		lsls	r7, r3, #30
 982 0038 06D5     		bpl	.L143
 983 003a 6349     		ldr	r1, .L181+4
 984 003c A068     		ldr	r0, [r4, #8]
 985 003e 4A68     		ldr	r2, [r1, #4]
 986 0040 22F0F002 		bic	r2, r2, #240
 987 0044 0243     		orrs	r2, r2, r0
 988 0046 4A60     		str	r2, [r1, #4]
 989              	.L143:
 990 0048 DE07     		lsls	r6, r3, #31
 991 004a 2FD5     		bpl	.L154
 992 004c 6168     		ldr	r1, [r4, #4]
 993 004e 0129     		cmp	r1, #1
 994 0050 00F0A380 		beq	.L178
 995 0054 0229     		cmp	r1, #2
 996 0056 00F08B80 		beq	.L179
 997 005a 0222     		movs	r2, #2
 998              		.syntax unified
 999              	@ 988 "Drivers/CMSIS/Include/cmsis_gcc.h" 1
 1000 005c 92FAA2F3 		rbit r3, r2
 1001              	@ 0 "" 2
 1002              		.thumb
 1003              		.syntax unified
 1004 0060 594B     		ldr	r3, .L181+4
 1005 0062 1868     		ldr	r0, [r3]
 1006              		.syntax unified
 1007              	@ 988 "Drivers/CMSIS/Include/cmsis_gcc.h" 1
 1008 0064 92FAA2F2 		rbit r2, r2
 1009              	@ 0 "" 2
 1010              		.thumb
 1011              		.syntax unified
 1012 0068 B2FA82F2 		clz	r2, r2
 1013 006c 02F01F02 		and	r2, r2, #31
 1014 0070 0123     		movs	r3, #1
 1015 0072 03FA02F2 		lsl	r2, r3, r2
 1016 0076 0242     		tst	r2, r0
 1017 0078 D9D0     		beq	.L144
 1018              	.L150:
 1019 007a 534E     		ldr	r6, .L181+4
 1020 007c 7368     		ldr	r3, [r6, #4]
 1021 007e 23F00303 		bic	r3, r3, #3
 1022 0082 0B43     		orrs	r3, r3, r1
 1023 0084 7360     		str	r3, [r6, #4]
 1024 0086 FFF7FEFF 		bl	HAL_GetTick
 1025 008a 41F28838 		movw	r8, #5000
 1026 008e 0746     		mov	r7, r0
 1027 0090 05E0     		b	.L152
 1028              	.L153:
 1029 0092 FFF7FEFF 		bl	HAL_GetTick
 1030 0096 C01B     		subs	r0, r0, r7
 1031 0098 4045     		cmp	r0, r8
ARM GAS  D:\Users\Ma-Game\AppData\Local\Temp\ccuFUuCB.s 			page 19


 1032 009a 00F29080 		bhi	.L160
 1033              	.L152:
 1034 009e 7368     		ldr	r3, [r6, #4]
 1035 00a0 6268     		ldr	r2, [r4, #4]
 1036 00a2 03F00C03 		and	r3, r3, #12
 1037 00a6 B3EB820F 		cmp	r3, r2, lsl #2
 1038 00aa F2D1     		bne	.L153
 1039              	.L154:
 1040 00ac 454A     		ldr	r2, .L181
 1041 00ae 1368     		ldr	r3, [r2]
 1042 00b0 03F00703 		and	r3, r3, #7
 1043 00b4 AB42     		cmp	r3, r5
 1044 00b6 09D9     		bls	.L148
 1045 00b8 1368     		ldr	r3, [r2]
 1046 00ba 23F00703 		bic	r3, r3, #7
 1047 00be 2B43     		orrs	r3, r3, r5
 1048 00c0 1360     		str	r3, [r2]
 1049 00c2 1368     		ldr	r3, [r2]
 1050 00c4 03F00703 		and	r3, r3, #7
 1051 00c8 AB42     		cmp	r3, r5
 1052 00ca B0D1     		bne	.L144
 1053              	.L148:
 1054 00cc 2368     		ldr	r3, [r4]
 1055 00ce 5807     		lsls	r0, r3, #29
 1056 00d0 06D5     		bpl	.L156
 1057 00d2 3D49     		ldr	r1, .L181+4
 1058 00d4 E068     		ldr	r0, [r4, #12]
 1059 00d6 4A68     		ldr	r2, [r1, #4]
 1060 00d8 22F4E062 		bic	r2, r2, #1792
 1061 00dc 0243     		orrs	r2, r2, r0
 1062 00de 4A60     		str	r2, [r1, #4]
 1063              	.L156:
 1064 00e0 1907     		lsls	r1, r3, #28
 1065 00e2 07D5     		bpl	.L157
 1066 00e4 384A     		ldr	r2, .L181+4
 1067 00e6 2169     		ldr	r1, [r4, #16]
 1068 00e8 5368     		ldr	r3, [r2, #4]
 1069 00ea 23F46053 		bic	r3, r3, #14336
 1070 00ee 43EAC103 		orr	r3, r3, r1, lsl #3
 1071 00f2 5360     		str	r3, [r2, #4]
 1072              	.L157:
 1073 00f4 3449     		ldr	r1, .L181+4
 1074 00f6 4A68     		ldr	r2, [r1, #4]
 1075 00f8 02F00C03 		and	r3, r2, #12
 1076 00fc 082B     		cmp	r3, #8
 1077 00fe 17D0     		beq	.L180
 1078 0100 3249     		ldr	r1, .L181+8
 1079              	.L158:
 1080 0102 314B     		ldr	r3, .L181+4
 1081 0104 F022     		movs	r2, #240
 1082 0106 5B68     		ldr	r3, [r3, #4]
 1083              		.syntax unified
 1084              	@ 988 "Drivers/CMSIS/Include/cmsis_gcc.h" 1
 1085 0108 92FAA2F2 		rbit r2, r2
 1086              	@ 0 "" 2
 1087              		.thumb
 1088              		.syntax unified
ARM GAS  D:\Users\Ma-Game\AppData\Local\Temp\ccuFUuCB.s 			page 20


 1089 010c B2FA82F2 		clz	r2, r2
 1090 0110 03F0F003 		and	r3, r3, #240
 1091 0114 D340     		lsrs	r3, r3, r2
 1092 0116 2E4A     		ldr	r2, .L181+12
 1093 0118 2E48     		ldr	r0, .L181+16
 1094 011a D35C     		ldrb	r3, [r2, r3]	@ zero_extendqisi2
 1095 011c 2E4A     		ldr	r2, .L181+20
 1096 011e 0068     		ldr	r0, [r0]
 1097 0120 21FA03F3 		lsr	r3, r1, r3
 1098 0124 1360     		str	r3, [r2]
 1099 0126 FFF7FEFF 		bl	HAL_InitTick
 1100 012a 0020     		movs	r0, #0
 1101 012c BDE8F081 		pop	{r4, r5, r6, r7, r8, pc}
 1102              	.L180:
 1103 0130 4FF47013 		mov	r3, #3932160
 1104              		.syntax unified
 1105              	@ 988 "Drivers/CMSIS/Include/cmsis_gcc.h" 1
 1106 0134 93FAA3F3 		rbit r3, r3
 1107              	@ 0 "" 2
 1108              		.thumb
 1109              		.syntax unified
 1110 0138 02F47010 		and	r0, r2, #3932160
 1111 013c B3FA83F3 		clz	r3, r3
 1112 0140 20FA03F3 		lsr	r3, r0, r3
 1113 0144 2548     		ldr	r0, .L181+24
 1114 0146 C96A     		ldr	r1, [r1, #44]
 1115 0148 C35C     		ldrb	r3, [r0, r3]	@ zero_extendqisi2
 1116 014a 0F20     		movs	r0, #15
 1117              		.syntax unified
 1118              	@ 988 "Drivers/CMSIS/Include/cmsis_gcc.h" 1
 1119 014c 90FAA0F0 		rbit r0, r0
 1120              	@ 0 "" 2
 1121              		.thumb
 1122              		.syntax unified
 1123 0150 B0FA80F0 		clz	r0, r0
 1124 0154 01F00F01 		and	r1, r1, #15
 1125 0158 C140     		lsrs	r1, r1, r0
 1126 015a 2148     		ldr	r0, .L181+28
 1127 015c D203     		lsls	r2, r2, #15
 1128 015e 405C     		ldrb	r0, [r0, r1]	@ zero_extendqisi2
 1129 0160 4ABF     		itet	mi
 1130 0162 1A49     		ldrmi	r1, .L181+8
 1131 0164 1F49     		ldrpl	r1, .L181+32
 1132 0166 B1FBF0F1 		udivmi	r1, r1, r0
 1133 016a 01FB03F1 		mul	r1, r1, r3
 1134 016e C8E7     		b	.L158
 1135              	.L179:
 1136 0170 4FF00073 		mov	r3, #33554432
 1137              		.syntax unified
 1138              	@ 988 "Drivers/CMSIS/Include/cmsis_gcc.h" 1
 1139 0174 93FAA3F2 		rbit r2, r3
 1140              	@ 0 "" 2
 1141              		.thumb
 1142              		.syntax unified
 1143 0178 134A     		ldr	r2, .L181+4
 1144 017a 1068     		ldr	r0, [r2]
 1145              		.syntax unified
ARM GAS  D:\Users\Ma-Game\AppData\Local\Temp\ccuFUuCB.s 			page 21


 1146              	@ 988 "Drivers/CMSIS/Include/cmsis_gcc.h" 1
 1147 017c 93FAA3F3 		rbit r3, r3
 1148              	@ 0 "" 2
 1149              		.thumb
 1150              		.syntax unified
 1151 0180 B3FA83F3 		clz	r3, r3
 1152 0184 03F01F03 		and	r3, r3, #31
 1153 0188 0122     		movs	r2, #1
 1154 018a 02FA03F3 		lsl	r3, r2, r3
 1155 018e 0342     		tst	r3, r0
 1156 0190 7FF473AF 		bne	.L150
 1157 0194 4BE7     		b	.L144
 1158              	.L177:
 1159 0196 0120     		movs	r0, #1
 1160 0198 7047     		bx	lr
 1161              	.L178:
 1162 019a 4FF40032 		mov	r2, #131072
 1163              		.syntax unified
 1164              	@ 988 "Drivers/CMSIS/Include/cmsis_gcc.h" 1
 1165 019e 92FAA2F3 		rbit r3, r2
 1166              	@ 0 "" 2
 1167              		.thumb
 1168              		.syntax unified
 1169 01a2 094B     		ldr	r3, .L181+4
 1170 01a4 1B68     		ldr	r3, [r3]
 1171              		.syntax unified
 1172              	@ 988 "Drivers/CMSIS/Include/cmsis_gcc.h" 1
 1173 01a6 92FAA2F2 		rbit r2, r2
 1174              	@ 0 "" 2
 1175              		.thumb
 1176              		.syntax unified
 1177 01aa B2FA82F2 		clz	r2, r2
 1178 01ae 02F01F02 		and	r2, r2, #31
 1179 01b2 01FA02F2 		lsl	r2, r1, r2
 1180 01b6 1A42     		tst	r2, r3
 1181 01b8 7FF45FAF 		bne	.L150
 1182 01bc 37E7     		b	.L144
 1183              	.L160:
 1184 01be 0320     		movs	r0, #3
 1185 01c0 36E7     		b	.L140
 1186              	.L182:
 1187 01c2 00BF     		.align	2
 1188              	.L181:
 1189 01c4 00200240 		.word	1073881088
 1190 01c8 00100240 		.word	1073876992
 1191 01cc 00127A00 		.word	8000000
 1192 01d0 00000000 		.word	AHBPrescTable
 1193 01d4 00000000 		.word	uwTickPrio
 1194 01d8 00000000 		.word	SystemCoreClock
 1195 01dc 00000000 		.word	.LANCHOR0
 1196 01e0 00000000 		.word	.LANCHOR1
 1197 01e4 00093D00 		.word	4000000
 1199              		.section	.text.HAL_RCC_MCOConfig,"ax",%progbits
 1200              		.align	1
 1201              		.p2align 2,,3
 1202              		.global	HAL_RCC_MCOConfig
 1203              		.syntax unified
ARM GAS  D:\Users\Ma-Game\AppData\Local\Temp\ccuFUuCB.s 			page 22


 1204              		.thumb
 1205              		.thumb_func
 1206              		.fpu fpv4-sp-d16
 1208              	HAL_RCC_MCOConfig:
 1209              		@ args = 0, pretend = 0, frame = 32
 1210              		@ frame_needed = 0, uses_anonymous_args = 0
 1211 0000 F0B5     		push	{r4, r5, r6, r7, lr}
 1212 0002 4FF48076 		mov	r6, #256
 1213 0006 89B0     		sub	sp, sp, #36
 1214 0008 0227     		movs	r7, #2
 1215 000a 0024     		movs	r4, #0
 1216 000c 0325     		movs	r5, #3
 1217 000e CDE90445 		strd	r4, [sp, #16]
 1218 0012 CDE90267 		strd	r6, [sp, #8]
 1219 0016 04F18044 		add	r4, r4, #1073741824
 1220 001a 04F50434 		add	r4, r4, #135168
 1221 001e 0023     		movs	r3, #0
 1222 0020 0693     		str	r3, [sp, #24]
 1223 0022 6369     		ldr	r3, [r4, #20]
 1224 0024 43F40033 		orr	r3, r3, #131072
 1225 0028 6361     		str	r3, [r4, #20]
 1226 002a 6369     		ldr	r3, [r4, #20]
 1227 002c 03F40033 		and	r3, r3, #131072
 1228 0030 0D46     		mov	r5, r1
 1229 0032 0193     		str	r3, [sp, #4]
 1230 0034 02A9     		add	r1, sp, #8
 1231 0036 4FF09040 		mov	r0, #1207959552
 1232 003a 019B     		ldr	r3, [sp, #4]
 1233 003c 1646     		mov	r6, r2
 1234 003e FFF7FEFF 		bl	HAL_GPIO_Init
 1235 0042 6368     		ldr	r3, [r4, #4]
 1236 0044 23F0EE43 		bic	r3, r3, #1996488704
 1237 0048 43EA0602 		orr	r2, r3, r6
 1238 004c 2A43     		orrs	r2, r2, r5
 1239 004e 6260     		str	r2, [r4, #4]
 1240 0050 09B0     		add	sp, sp, #36
 1241              		@ sp needed
 1242 0052 F0BD     		pop	{r4, r5, r6, r7, pc}
 1244              		.section	.text.HAL_RCC_EnableCSS,"ax",%progbits
 1245              		.align	1
 1246              		.p2align 2,,3
 1247              		.global	HAL_RCC_EnableCSS
 1248              		.syntax unified
 1249              		.thumb
 1250              		.thumb_func
 1251              		.fpu fpv4-sp-d16
 1253              	HAL_RCC_EnableCSS:
 1254              		@ args = 0, pretend = 0, frame = 0
 1255              		@ frame_needed = 0, uses_anonymous_args = 0
 1256              		@ link register save eliminated.
 1257 0000 4FF40023 		mov	r3, #524288
 1258              		.syntax unified
 1259              	@ 988 "Drivers/CMSIS/Include/cmsis_gcc.h" 1
 1260 0004 93FAA3F3 		rbit r3, r3
 1261              	@ 0 "" 2
 1262              		.thumb
 1263              		.syntax unified
ARM GAS  D:\Users\Ma-Game\AppData\Local\Temp\ccuFUuCB.s 			page 23


 1264 0008 B3FA83F3 		clz	r3, r3
 1265 000c 03F18453 		add	r3, r3, #276824064
 1266 0010 03F58413 		add	r3, r3, #1081344
 1267 0014 9B00     		lsls	r3, r3, #2
 1268 0016 0122     		movs	r2, #1
 1269 0018 1A60     		str	r2, [r3]
 1270 001a 7047     		bx	lr
 1272              		.section	.text.HAL_RCC_DisableCSS,"ax",%progbits
 1273              		.align	1
 1274              		.p2align 2,,3
 1275              		.global	HAL_RCC_DisableCSS
 1276              		.syntax unified
 1277              		.thumb
 1278              		.thumb_func
 1279              		.fpu fpv4-sp-d16
 1281              	HAL_RCC_DisableCSS:
 1282              		@ args = 0, pretend = 0, frame = 0
 1283              		@ frame_needed = 0, uses_anonymous_args = 0
 1284              		@ link register save eliminated.
 1285 0000 4FF40023 		mov	r3, #524288
 1286              		.syntax unified
 1287              	@ 988 "Drivers/CMSIS/Include/cmsis_gcc.h" 1
 1288 0004 93FAA3F3 		rbit r3, r3
 1289              	@ 0 "" 2
 1290              		.thumb
 1291              		.syntax unified
 1292 0008 B3FA83F3 		clz	r3, r3
 1293 000c 03F18453 		add	r3, r3, #276824064
 1294 0010 03F58413 		add	r3, r3, #1081344
 1295 0014 9B00     		lsls	r3, r3, #2
 1296 0016 0022     		movs	r2, #0
 1297 0018 1A60     		str	r2, [r3]
 1298 001a 7047     		bx	lr
 1300              		.section	.text.HAL_RCC_GetSysClockFreq,"ax",%progbits
 1301              		.align	1
 1302              		.p2align 2,,3
 1303              		.global	HAL_RCC_GetSysClockFreq
 1304              		.syntax unified
 1305              		.thumb
 1306              		.thumb_func
 1307              		.fpu fpv4-sp-d16
 1309              	HAL_RCC_GetSysClockFreq:
 1310              		@ args = 0, pretend = 0, frame = 0
 1311              		@ frame_needed = 0, uses_anonymous_args = 0
 1312              		@ link register save eliminated.
 1313 0000 1549     		ldr	r1, .L196
 1314 0002 4B68     		ldr	r3, [r1, #4]
 1315 0004 03F00C02 		and	r2, r3, #12
 1316 0008 082A     		cmp	r2, #8
 1317 000a 01D0     		beq	.L195
 1318 000c 1348     		ldr	r0, .L196+4
 1319 000e 7047     		bx	lr
 1320              	.L195:
 1321 0010 10B4     		push	{r4}
 1322 0012 4FF47012 		mov	r2, #3932160
 1323              		.syntax unified
 1324              	@ 988 "Drivers/CMSIS/Include/cmsis_gcc.h" 1
ARM GAS  D:\Users\Ma-Game\AppData\Local\Temp\ccuFUuCB.s 			page 24


 1325 0016 92FAA2F2 		rbit r2, r2
 1326              	@ 0 "" 2
 1327              		.thumb
 1328              		.syntax unified
 1329 001a B2FA82F2 		clz	r2, r2
 1330 001e 03F47010 		and	r0, r3, #3932160
 1331 0022 0F4C     		ldr	r4, .L196+8
 1332 0024 D040     		lsrs	r0, r0, r2
 1333 0026 CA6A     		ldr	r2, [r1, #44]
 1334 0028 205C     		ldrb	r0, [r4, r0]	@ zero_extendqisi2
 1335 002a 0F21     		movs	r1, #15
 1336              		.syntax unified
 1337              	@ 988 "Drivers/CMSIS/Include/cmsis_gcc.h" 1
 1338 002c 91FAA1F1 		rbit r1, r1
 1339              	@ 0 "" 2
 1340              		.thumb
 1341              		.syntax unified
 1342 0030 DB03     		lsls	r3, r3, #15
 1343 0032 B1FA81F1 		clz	r1, r1
 1344 0036 02F00F02 		and	r2, r2, #15
 1345 003a 4CBF     		ite	mi
 1346 003c 074B     		ldrmi	r3, .L196+4
 1347 003e 094B     		ldrpl	r3, .L196+12
 1348 0040 5DF8044B 		ldr	r4, [sp], #4
 1349 0044 22FA01F2 		lsr	r2, r2, r1
 1350 0048 0749     		ldr	r1, .L196+16
 1351 004a 8A5C     		ldrb	r2, [r1, r2]	@ zero_extendqisi2
 1352 004c 48BF     		it	mi
 1353 004e B3FBF2F3 		udivmi	r3, r3, r2
 1354 0052 03FB00F0 		mul	r0, r3, r0
 1355 0056 7047     		bx	lr
 1356              	.L197:
 1357              		.align	2
 1358              	.L196:
 1359 0058 00100240 		.word	1073876992
 1360 005c 00127A00 		.word	8000000
 1361 0060 00000000 		.word	.LANCHOR0
 1362 0064 00093D00 		.word	4000000
 1363 0068 00000000 		.word	.LANCHOR1
 1365              		.section	.text.HAL_RCC_GetHCLKFreq,"ax",%progbits
 1366              		.align	1
 1367              		.p2align 2,,3
 1368              		.global	HAL_RCC_GetHCLKFreq
 1369              		.syntax unified
 1370              		.thumb
 1371              		.thumb_func
 1372              		.fpu fpv4-sp-d16
 1374              	HAL_RCC_GetHCLKFreq:
 1375              		@ args = 0, pretend = 0, frame = 0
 1376              		@ frame_needed = 0, uses_anonymous_args = 0
 1377              		@ link register save eliminated.
 1378 0000 014B     		ldr	r3, .L199
 1379 0002 1868     		ldr	r0, [r3]
 1380 0004 7047     		bx	lr
 1381              	.L200:
 1382 0006 00BF     		.align	2
 1383              	.L199:
ARM GAS  D:\Users\Ma-Game\AppData\Local\Temp\ccuFUuCB.s 			page 25


 1384 0008 00000000 		.word	SystemCoreClock
 1386              		.section	.text.HAL_RCC_GetPCLK1Freq,"ax",%progbits
 1387              		.align	1
 1388              		.p2align 2,,3
 1389              		.global	HAL_RCC_GetPCLK1Freq
 1390              		.syntax unified
 1391              		.thumb
 1392              		.thumb_func
 1393              		.fpu fpv4-sp-d16
 1395              	HAL_RCC_GetPCLK1Freq:
 1396              		@ args = 0, pretend = 0, frame = 0
 1397              		@ frame_needed = 0, uses_anonymous_args = 0
 1398              		@ link register save eliminated.
 1399 0000 084B     		ldr	r3, .L202
 1400 0002 4FF4E062 		mov	r2, #1792
 1401 0006 5B68     		ldr	r3, [r3, #4]
 1402              		.syntax unified
 1403              	@ 988 "Drivers/CMSIS/Include/cmsis_gcc.h" 1
 1404 0008 92FAA2F2 		rbit r2, r2
 1405              	@ 0 "" 2
 1406              		.thumb
 1407              		.syntax unified
 1408 000c B2FA82F2 		clz	r2, r2
 1409 0010 03F4E063 		and	r3, r3, #1792
 1410 0014 0449     		ldr	r1, .L202+4
 1411 0016 D340     		lsrs	r3, r3, r2
 1412 0018 044A     		ldr	r2, .L202+8
 1413 001a CB5C     		ldrb	r3, [r1, r3]	@ zero_extendqisi2
 1414 001c 1068     		ldr	r0, [r2]
 1415 001e D840     		lsrs	r0, r0, r3
 1416 0020 7047     		bx	lr
 1417              	.L203:
 1418 0022 00BF     		.align	2
 1419              	.L202:
 1420 0024 00100240 		.word	1073876992
 1421 0028 00000000 		.word	APBPrescTable
 1422 002c 00000000 		.word	SystemCoreClock
 1424              		.section	.text.HAL_RCC_GetPCLK2Freq,"ax",%progbits
 1425              		.align	1
 1426              		.p2align 2,,3
 1427              		.global	HAL_RCC_GetPCLK2Freq
 1428              		.syntax unified
 1429              		.thumb
 1430              		.thumb_func
 1431              		.fpu fpv4-sp-d16
 1433              	HAL_RCC_GetPCLK2Freq:
 1434              		@ args = 0, pretend = 0, frame = 0
 1435              		@ frame_needed = 0, uses_anonymous_args = 0
 1436              		@ link register save eliminated.
 1437 0000 084B     		ldr	r3, .L205
 1438 0002 4FF46052 		mov	r2, #14336
 1439 0006 5B68     		ldr	r3, [r3, #4]
 1440              		.syntax unified
 1441              	@ 988 "Drivers/CMSIS/Include/cmsis_gcc.h" 1
 1442 0008 92FAA2F2 		rbit r2, r2
 1443              	@ 0 "" 2
 1444              		.thumb
ARM GAS  D:\Users\Ma-Game\AppData\Local\Temp\ccuFUuCB.s 			page 26


 1445              		.syntax unified
 1446 000c B2FA82F2 		clz	r2, r2
 1447 0010 03F46053 		and	r3, r3, #14336
 1448 0014 0449     		ldr	r1, .L205+4
 1449 0016 D340     		lsrs	r3, r3, r2
 1450 0018 044A     		ldr	r2, .L205+8
 1451 001a CB5C     		ldrb	r3, [r1, r3]	@ zero_extendqisi2
 1452 001c 1068     		ldr	r0, [r2]
 1453 001e D840     		lsrs	r0, r0, r3
 1454 0020 7047     		bx	lr
 1455              	.L206:
 1456 0022 00BF     		.align	2
 1457              	.L205:
 1458 0024 00100240 		.word	1073876992
 1459 0028 00000000 		.word	APBPrescTable
 1460 002c 00000000 		.word	SystemCoreClock
 1462              		.section	.text.HAL_RCC_GetOscConfig,"ax",%progbits
 1463              		.align	1
 1464              		.p2align 2,,3
 1465              		.global	HAL_RCC_GetOscConfig
 1466              		.syntax unified
 1467              		.thumb
 1468              		.thumb_func
 1469              		.fpu fpv4-sp-d16
 1471              	HAL_RCC_GetOscConfig:
 1472              		@ args = 0, pretend = 0, frame = 0
 1473              		@ frame_needed = 0, uses_anonymous_args = 0
 1474              		@ link register save eliminated.
 1475 0000 0F22     		movs	r2, #15
 1476 0002 224B     		ldr	r3, .L216
 1477 0004 0260     		str	r2, [r0]
 1478 0006 1A68     		ldr	r2, [r3]
 1479 0008 5203     		lsls	r2, r2, #13
 1480 000a 2FD5     		bpl	.L208
 1481 000c 4FF4A023 		mov	r3, #327680
 1482 0010 4360     		str	r3, [r0, #4]
 1483              	.L209:
 1484 0012 1E49     		ldr	r1, .L216
 1485 0014 CB6A     		ldr	r3, [r1, #44]
 1486 0016 03F00F03 		and	r3, r3, #15
 1487 001a 8360     		str	r3, [r0, #8]
 1488 001c 0B68     		ldr	r3, [r1]
 1489 001e 03F00103 		and	r3, r3, #1
 1490 0022 0361     		str	r3, [r0, #16]
 1491 0024 0B68     		ldr	r3, [r1]
 1492 0026 F822     		movs	r2, #248
 1493              		.syntax unified
 1494              	@ 988 "Drivers/CMSIS/Include/cmsis_gcc.h" 1
 1495 0028 92FAA2F2 		rbit r2, r2
 1496              	@ 0 "" 2
 1497              		.thumb
 1498              		.syntax unified
 1499 002c B2FA82F2 		clz	r2, r2
 1500 0030 03F0F803 		and	r3, r3, #248
 1501 0034 D340     		lsrs	r3, r3, r2
 1502 0036 4361     		str	r3, [r0, #20]
 1503 0038 0B6A     		ldr	r3, [r1, #32]
ARM GAS  D:\Users\Ma-Game\AppData\Local\Temp\ccuFUuCB.s 			page 27


 1504 003a 5B07     		lsls	r3, r3, #29
 1505 003c 1ED5     		bpl	.L211
 1506 003e 0523     		movs	r3, #5
 1507 0040 C360     		str	r3, [r0, #12]
 1508              	.L212:
 1509 0042 124B     		ldr	r3, .L216
 1510 0044 5A6A     		ldr	r2, [r3, #36]
 1511 0046 02F00102 		and	r2, r2, #1
 1512 004a 8261     		str	r2, [r0, #24]
 1513 004c 1A68     		ldr	r2, [r3]
 1514 004e 12F0807F 		tst	r2, #16777216
 1515 0052 14BF     		ite	ne
 1516 0054 0222     		movne	r2, #2
 1517 0056 0122     		moveq	r2, #1
 1518 0058 C261     		str	r2, [r0, #28]
 1519 005a 5A68     		ldr	r2, [r3, #4]
 1520 005c 02F48032 		and	r2, r2, #65536
 1521 0060 0262     		str	r2, [r0, #32]
 1522 0062 5B68     		ldr	r3, [r3, #4]
 1523 0064 03F47013 		and	r3, r3, #3932160
 1524 0068 4362     		str	r3, [r0, #36]
 1525 006a 7047     		bx	lr
 1526              	.L208:
 1527 006c 1B68     		ldr	r3, [r3]
 1528 006e 13F48033 		ands	r3, r3, #65536
 1529 0072 18BF     		it	ne
 1530 0074 4FF48033 		movne	r3, #65536
 1531 0078 4360     		str	r3, [r0, #4]
 1532 007a CAE7     		b	.L209
 1533              	.L211:
 1534 007c 0B6A     		ldr	r3, [r1, #32]
 1535 007e 13F00103 		ands	r3, r3, #1
 1536 0082 18BF     		it	ne
 1537 0084 0123     		movne	r3, #1
 1538 0086 C360     		str	r3, [r0, #12]
 1539 0088 DBE7     		b	.L212
 1540              	.L217:
 1541 008a 00BF     		.align	2
 1542              	.L216:
 1543 008c 00100240 		.word	1073876992
 1545              		.section	.text.HAL_RCC_GetClockConfig,"ax",%progbits
 1546              		.align	1
 1547              		.p2align 2,,3
 1548              		.global	HAL_RCC_GetClockConfig
 1549              		.syntax unified
 1550              		.thumb
 1551              		.thumb_func
 1552              		.fpu fpv4-sp-d16
 1554              	HAL_RCC_GetClockConfig:
 1555              		@ args = 0, pretend = 0, frame = 0
 1556              		@ frame_needed = 0, uses_anonymous_args = 0
 1557              		@ link register save eliminated.
 1558 0000 0E4B     		ldr	r3, .L220
 1559 0002 0F22     		movs	r2, #15
 1560 0004 0260     		str	r2, [r0]
 1561 0006 5A68     		ldr	r2, [r3, #4]
 1562 0008 02F00302 		and	r2, r2, #3
ARM GAS  D:\Users\Ma-Game\AppData\Local\Temp\ccuFUuCB.s 			page 28


 1563 000c 4260     		str	r2, [r0, #4]
 1564 000e 5A68     		ldr	r2, [r3, #4]
 1565 0010 02F0F002 		and	r2, r2, #240
 1566 0014 8260     		str	r2, [r0, #8]
 1567 0016 5A68     		ldr	r2, [r3, #4]
 1568 0018 02F4E062 		and	r2, r2, #1792
 1569 001c C260     		str	r2, [r0, #12]
 1570 001e 5B68     		ldr	r3, [r3, #4]
 1571 0020 DB08     		lsrs	r3, r3, #3
 1572 0022 10B4     		push	{r4}
 1573 0024 03F4E063 		and	r3, r3, #1792
 1574 0028 054C     		ldr	r4, .L220+4
 1575 002a 0361     		str	r3, [r0, #16]
 1576 002c 2368     		ldr	r3, [r4]
 1577 002e 5DF8044B 		ldr	r4, [sp], #4
 1578 0032 03F00703 		and	r3, r3, #7
 1579 0036 0B60     		str	r3, [r1]
 1580 0038 7047     		bx	lr
 1581              	.L221:
 1582 003a 00BF     		.align	2
 1583              	.L220:
 1584 003c 00100240 		.word	1073876992
 1585 0040 00200240 		.word	1073881088
 1587              		.section	.text.HAL_RCC_CSSCallback,"ax",%progbits
 1588              		.align	1
 1589              		.p2align 2,,3
 1590              		.weak	HAL_RCC_CSSCallback
 1591              		.syntax unified
 1592              		.thumb
 1593              		.thumb_func
 1594              		.fpu fpv4-sp-d16
 1596              	HAL_RCC_CSSCallback:
 1597              		@ args = 0, pretend = 0, frame = 0
 1598              		@ frame_needed = 0, uses_anonymous_args = 0
 1599              		@ link register save eliminated.
 1600 0000 7047     		bx	lr
 1602 0002 00BF     		.section	.text.HAL_RCC_NMI_IRQHandler,"ax",%progbits
 1603              		.align	1
 1604              		.p2align 2,,3
 1605              		.global	HAL_RCC_NMI_IRQHandler
 1606              		.syntax unified
 1607              		.thumb
 1608              		.thumb_func
 1609              		.fpu fpv4-sp-d16
 1611              	HAL_RCC_NMI_IRQHandler:
 1612              		@ args = 0, pretend = 0, frame = 0
 1613              		@ frame_needed = 0, uses_anonymous_args = 0
 1614 0000 08B5     		push	{r3, lr}
 1615 0002 054B     		ldr	r3, .L230
 1616 0004 9B68     		ldr	r3, [r3, #8]
 1617 0006 1B06     		lsls	r3, r3, #24
 1618 0008 00D4     		bmi	.L229
 1619 000a 08BD     		pop	{r3, pc}
 1620              	.L229:
 1621 000c FFF7FEFF 		bl	HAL_RCC_CSSCallback
 1622 0010 024B     		ldr	r3, .L230+4
 1623 0012 8022     		movs	r2, #128
ARM GAS  D:\Users\Ma-Game\AppData\Local\Temp\ccuFUuCB.s 			page 29


 1624 0014 1A70     		strb	r2, [r3]
 1625 0016 08BD     		pop	{r3, pc}
 1626              	.L231:
 1627              		.align	2
 1628              	.L230:
 1629 0018 00100240 		.word	1073876992
 1630 001c 0A100240 		.word	1073877002
 1632              		.global	aPredivFactorTable
 1633              		.global	aPLLMULFactorTable
 1634              		.section	.rodata.aPLLMULFactorTable,"a"
 1635              		.align	2
 1636              		.set	.LANCHOR0,. + 0
 1639              	aPLLMULFactorTable:
 1640 0000 02030405 		.ascii	"\002\003\004\005\006\007\010\011\012\013\014\015\016"
 1640      06070809 
 1640      0A0B0C0D 
 1640      0E
 1641 000d 0F1010   		.ascii	"\017\020\020"
 1642              		.section	.rodata.aPredivFactorTable,"a"
 1643              		.align	2
 1644              		.set	.LANCHOR1,. + 0
 1647              	aPredivFactorTable:
 1648 0000 01020304 		.ascii	"\001\002\003\004\005\006\007\010\011\012\013\014\015"
 1648      05060708 
 1648      090A0B0C 
 1648      0D
 1649 000d 0E0F10   		.ascii	"\016\017\020"
 1650              		.ident	"GCC: (xPack GNU Arm Embedded GCC, 64-bit) 9.2.1 20191025 (release) [ARM/arm-9-branch revis
ARM GAS  D:\Users\Ma-Game\AppData\Local\Temp\ccuFUuCB.s 			page 30


DEFINED SYMBOLS
                            *ABS*:0000000000000000 stm32f3xx_hal_rcc.c
D:\Users\Ma-Game\AppData\Local\Temp\ccuFUuCB.s:16     .text.HAL_RCC_DeInit:0000000000000000 $t
D:\Users\Ma-Game\AppData\Local\Temp\ccuFUuCB.s:25     .text.HAL_RCC_DeInit:0000000000000000 HAL_RCC_DeInit
D:\Users\Ma-Game\AppData\Local\Temp\ccuFUuCB.s:128    .text.HAL_RCC_DeInit:00000000000000d0 $d
D:\Users\Ma-Game\AppData\Local\Temp\ccuFUuCB.s:136    .text.HAL_RCC_OscConfig:0000000000000000 $t
D:\Users\Ma-Game\AppData\Local\Temp\ccuFUuCB.s:144    .text.HAL_RCC_OscConfig:0000000000000000 HAL_RCC_OscConfig
D:\Users\Ma-Game\AppData\Local\Temp\ccuFUuCB.s:546    .text.HAL_RCC_OscConfig:00000000000002f0 $d
D:\Users\Ma-Game\AppData\Local\Temp\ccuFUuCB.s:550    .text.HAL_RCC_OscConfig:00000000000002fc $t
D:\Users\Ma-Game\AppData\Local\Temp\ccuFUuCB.s:943    .text.HAL_RCC_OscConfig:00000000000005d4 $d
D:\Users\Ma-Game\AppData\Local\Temp\ccuFUuCB.s:946    .text.HAL_RCC_ClockConfig:0000000000000000 $t
D:\Users\Ma-Game\AppData\Local\Temp\ccuFUuCB.s:954    .text.HAL_RCC_ClockConfig:0000000000000000 HAL_RCC_ClockConfig
D:\Users\Ma-Game\AppData\Local\Temp\ccuFUuCB.s:1189   .text.HAL_RCC_ClockConfig:00000000000001c4 $d
D:\Users\Ma-Game\AppData\Local\Temp\ccuFUuCB.s:1200   .text.HAL_RCC_MCOConfig:0000000000000000 $t
D:\Users\Ma-Game\AppData\Local\Temp\ccuFUuCB.s:1208   .text.HAL_RCC_MCOConfig:0000000000000000 HAL_RCC_MCOConfig
D:\Users\Ma-Game\AppData\Local\Temp\ccuFUuCB.s:1245   .text.HAL_RCC_EnableCSS:0000000000000000 $t
D:\Users\Ma-Game\AppData\Local\Temp\ccuFUuCB.s:1253   .text.HAL_RCC_EnableCSS:0000000000000000 HAL_RCC_EnableCSS
D:\Users\Ma-Game\AppData\Local\Temp\ccuFUuCB.s:1273   .text.HAL_RCC_DisableCSS:0000000000000000 $t
D:\Users\Ma-Game\AppData\Local\Temp\ccuFUuCB.s:1281   .text.HAL_RCC_DisableCSS:0000000000000000 HAL_RCC_DisableCSS
D:\Users\Ma-Game\AppData\Local\Temp\ccuFUuCB.s:1301   .text.HAL_RCC_GetSysClockFreq:0000000000000000 $t
D:\Users\Ma-Game\AppData\Local\Temp\ccuFUuCB.s:1309   .text.HAL_RCC_GetSysClockFreq:0000000000000000 HAL_RCC_GetSysClockFreq
D:\Users\Ma-Game\AppData\Local\Temp\ccuFUuCB.s:1359   .text.HAL_RCC_GetSysClockFreq:0000000000000058 $d
D:\Users\Ma-Game\AppData\Local\Temp\ccuFUuCB.s:1366   .text.HAL_RCC_GetHCLKFreq:0000000000000000 $t
D:\Users\Ma-Game\AppData\Local\Temp\ccuFUuCB.s:1374   .text.HAL_RCC_GetHCLKFreq:0000000000000000 HAL_RCC_GetHCLKFreq
D:\Users\Ma-Game\AppData\Local\Temp\ccuFUuCB.s:1384   .text.HAL_RCC_GetHCLKFreq:0000000000000008 $d
D:\Users\Ma-Game\AppData\Local\Temp\ccuFUuCB.s:1387   .text.HAL_RCC_GetPCLK1Freq:0000000000000000 $t
D:\Users\Ma-Game\AppData\Local\Temp\ccuFUuCB.s:1395   .text.HAL_RCC_GetPCLK1Freq:0000000000000000 HAL_RCC_GetPCLK1Freq
D:\Users\Ma-Game\AppData\Local\Temp\ccuFUuCB.s:1420   .text.HAL_RCC_GetPCLK1Freq:0000000000000024 $d
D:\Users\Ma-Game\AppData\Local\Temp\ccuFUuCB.s:1425   .text.HAL_RCC_GetPCLK2Freq:0000000000000000 $t
D:\Users\Ma-Game\AppData\Local\Temp\ccuFUuCB.s:1433   .text.HAL_RCC_GetPCLK2Freq:0000000000000000 HAL_RCC_GetPCLK2Freq
D:\Users\Ma-Game\AppData\Local\Temp\ccuFUuCB.s:1458   .text.HAL_RCC_GetPCLK2Freq:0000000000000024 $d
D:\Users\Ma-Game\AppData\Local\Temp\ccuFUuCB.s:1463   .text.HAL_RCC_GetOscConfig:0000000000000000 $t
D:\Users\Ma-Game\AppData\Local\Temp\ccuFUuCB.s:1471   .text.HAL_RCC_GetOscConfig:0000000000000000 HAL_RCC_GetOscConfig
D:\Users\Ma-Game\AppData\Local\Temp\ccuFUuCB.s:1543   .text.HAL_RCC_GetOscConfig:000000000000008c $d
D:\Users\Ma-Game\AppData\Local\Temp\ccuFUuCB.s:1546   .text.HAL_RCC_GetClockConfig:0000000000000000 $t
D:\Users\Ma-Game\AppData\Local\Temp\ccuFUuCB.s:1554   .text.HAL_RCC_GetClockConfig:0000000000000000 HAL_RCC_GetClockConfig
D:\Users\Ma-Game\AppData\Local\Temp\ccuFUuCB.s:1584   .text.HAL_RCC_GetClockConfig:000000000000003c $d
D:\Users\Ma-Game\AppData\Local\Temp\ccuFUuCB.s:1588   .text.HAL_RCC_CSSCallback:0000000000000000 $t
D:\Users\Ma-Game\AppData\Local\Temp\ccuFUuCB.s:1596   .text.HAL_RCC_CSSCallback:0000000000000000 HAL_RCC_CSSCallback
D:\Users\Ma-Game\AppData\Local\Temp\ccuFUuCB.s:1603   .text.HAL_RCC_NMI_IRQHandler:0000000000000000 $t
D:\Users\Ma-Game\AppData\Local\Temp\ccuFUuCB.s:1611   .text.HAL_RCC_NMI_IRQHandler:0000000000000000 HAL_RCC_NMI_IRQHandler
D:\Users\Ma-Game\AppData\Local\Temp\ccuFUuCB.s:1629   .text.HAL_RCC_NMI_IRQHandler:0000000000000018 $d
D:\Users\Ma-Game\AppData\Local\Temp\ccuFUuCB.s:1647   .rodata.aPredivFactorTable:0000000000000000 aPredivFactorTable
D:\Users\Ma-Game\AppData\Local\Temp\ccuFUuCB.s:1639   .rodata.aPLLMULFactorTable:0000000000000000 aPLLMULFactorTable
D:\Users\Ma-Game\AppData\Local\Temp\ccuFUuCB.s:1635   .rodata.aPLLMULFactorTable:0000000000000000 $d
D:\Users\Ma-Game\AppData\Local\Temp\ccuFUuCB.s:1643   .rodata.aPredivFactorTable:0000000000000000 $d

UNDEFINED SYMBOLS
HAL_GetTick
HAL_InitTick
uwTickPrio
SystemCoreClock
AHBPrescTable
HAL_GPIO_Init
APBPrescTable
