ARM GAS  D:\Users\Ma-Game\AppData\Local\Temp\cccjbZkw.s 			page 1


   1              		.cpu cortex-m4
   2              		.eabi_attribute 27, 1
   3              		.eabi_attribute 28, 1
   4              		.eabi_attribute 20, 1
   5              		.eabi_attribute 21, 1
   6              		.eabi_attribute 23, 3
   7              		.eabi_attribute 24, 1
   8              		.eabi_attribute 25, 1
   9              		.eabi_attribute 26, 1
  10              		.eabi_attribute 30, 2
  11              		.eabi_attribute 34, 1
  12              		.eabi_attribute 18, 4
  13              		.file	"stm32f3xx_hal_cortex.c"
  14              		.text
  15              		.section	.text.HAL_NVIC_SetPriorityGrouping,"ax",%progbits
  16              		.align	1
  17              		.p2align 2,,3
  18              		.global	HAL_NVIC_SetPriorityGrouping
  19              		.arch armv7e-m
  20              		.syntax unified
  21              		.thumb
  22              		.thumb_func
  23              		.fpu fpv4-sp-d16
  25              	HAL_NVIC_SetPriorityGrouping:
  26              		@ args = 0, pretend = 0, frame = 0
  27              		@ frame_needed = 0, uses_anonymous_args = 0
  28              		@ link register save eliminated.
  29 0000 0849     		ldr	r1, .L4
  30 0002 CA68     		ldr	r2, [r1, #12]
  31 0004 10B4     		push	{r4}
  32 0006 0002     		lsls	r0, r0, #8
  33 0008 4FF6FF04 		movw	r4, #63743
  34 000c 2240     		ands	r2, r2, r4
  35 000e 00F4E063 		and	r3, r0, #1792
  36 0012 1343     		orrs	r3, r3, r2
  37 0014 43F0BF63 		orr	r3, r3, #100139008
  38 0018 43F40033 		orr	r3, r3, #131072
  39 001c 5DF8044B 		ldr	r4, [sp], #4
  40 0020 CB60     		str	r3, [r1, #12]
  41 0022 7047     		bx	lr
  42              	.L5:
  43              		.align	2
  44              	.L4:
  45 0024 00ED00E0 		.word	-536810240
  47              		.section	.text.HAL_NVIC_SetPriority,"ax",%progbits
  48              		.align	1
  49              		.p2align 2,,3
  50              		.global	HAL_NVIC_SetPriority
  51              		.syntax unified
  52              		.thumb
  53              		.thumb_func
  54              		.fpu fpv4-sp-d16
  56              	HAL_NVIC_SetPriority:
  57              		@ args = 0, pretend = 0, frame = 0
  58              		@ frame_needed = 0, uses_anonymous_args = 0
  59              		@ link register save eliminated.
  60 0000 194B     		ldr	r3, .L12
ARM GAS  D:\Users\Ma-Game\AppData\Local\Temp\cccjbZkw.s 			page 2


  61 0002 DB68     		ldr	r3, [r3, #12]
  62 0004 C3F30223 		ubfx	r3, r3, #8, #3
  63 0008 30B4     		push	{r4, r5}
  64 000a C3F10705 		rsb	r5, r3, #7
  65 000e 042D     		cmp	r5, #4
  66 0010 03F10404 		add	r4, r3, #4
  67 0014 28BF     		it	cs
  68 0016 0425     		movcs	r5, #4
  69 0018 062C     		cmp	r4, #6
  70 001a 19D9     		bls	.L10
  71 001c 033B     		subs	r3, r3, #3
  72 001e 4FF0FF34 		mov	r4, #-1
  73 0022 9C40     		lsls	r4, r4, r3
  74 0024 22EA0402 		bic	r2, r2, r4
  75              	.L7:
  76 0028 4FF0FF34 		mov	r4, #-1
  77 002c AC40     		lsls	r4, r4, r5
  78 002e 21EA0401 		bic	r1, r1, r4
  79 0032 9940     		lsls	r1, r1, r3
  80 0034 0028     		cmp	r0, #0
  81 0036 41EA0201 		orr	r1, r1, r2
  82 003a 0CDB     		blt	.L8
  83 003c 00F16040 		add	r0, r0, #-536870912
  84 0040 00F56140 		add	r0, r0, #57600
  85 0044 0901     		lsls	r1, r1, #4
  86 0046 C9B2     		uxtb	r1, r1
  87 0048 80F80013 		strb	r1, [r0, #768]
  88 004c 30BC     		pop	{r4, r5}
  89 004e 7047     		bx	lr
  90              	.L10:
  91 0050 0022     		movs	r2, #0
  92 0052 1346     		mov	r3, r2
  93 0054 E8E7     		b	.L7
  94              	.L8:
  95 0056 054B     		ldr	r3, .L12+4
  96 0058 00F00F00 		and	r0, r0, #15
  97 005c 0901     		lsls	r1, r1, #4
  98 005e 0344     		add	r3, r3, r0
  99 0060 C9B2     		uxtb	r1, r1
 100 0062 1976     		strb	r1, [r3, #24]
 101 0064 30BC     		pop	{r4, r5}
 102 0066 7047     		bx	lr
 103              	.L13:
 104              		.align	2
 105              	.L12:
 106 0068 00ED00E0 		.word	-536810240
 107 006c FCEC00E0 		.word	-536810244
 109              		.section	.text.HAL_NVIC_EnableIRQ,"ax",%progbits
 110              		.align	1
 111              		.p2align 2,,3
 112              		.global	HAL_NVIC_EnableIRQ
 113              		.syntax unified
 114              		.thumb
 115              		.thumb_func
 116              		.fpu fpv4-sp-d16
 118              	HAL_NVIC_EnableIRQ:
 119              		@ args = 0, pretend = 0, frame = 0
ARM GAS  D:\Users\Ma-Game\AppData\Local\Temp\cccjbZkw.s 			page 3


 120              		@ frame_needed = 0, uses_anonymous_args = 0
 121              		@ link register save eliminated.
 122 0000 0028     		cmp	r0, #0
 123 0002 07DB     		blt	.L14
 124 0004 00F01F01 		and	r1, r0, #31
 125 0008 034A     		ldr	r2, .L16
 126 000a 4009     		lsrs	r0, r0, #5
 127 000c 0123     		movs	r3, #1
 128 000e 8B40     		lsls	r3, r3, r1
 129 0010 42F82030 		str	r3, [r2, r0, lsl #2]
 130              	.L14:
 131 0014 7047     		bx	lr
 132              	.L17:
 133 0016 00BF     		.align	2
 134              	.L16:
 135 0018 00E100E0 		.word	-536813312
 137              		.section	.text.HAL_NVIC_DisableIRQ,"ax",%progbits
 138              		.align	1
 139              		.p2align 2,,3
 140              		.global	HAL_NVIC_DisableIRQ
 141              		.syntax unified
 142              		.thumb
 143              		.thumb_func
 144              		.fpu fpv4-sp-d16
 146              	HAL_NVIC_DisableIRQ:
 147              		@ args = 0, pretend = 0, frame = 0
 148              		@ frame_needed = 0, uses_anonymous_args = 0
 149              		@ link register save eliminated.
 150 0000 0028     		cmp	r0, #0
 151 0002 0DDB     		blt	.L18
 152 0004 4309     		lsrs	r3, r0, #5
 153 0006 0749     		ldr	r1, .L20
 154 0008 2033     		adds	r3, r3, #32
 155 000a 0122     		movs	r2, #1
 156 000c 00F01F00 		and	r0, r0, #31
 157 0010 02FA00F0 		lsl	r0, r2, r0
 158 0014 41F82300 		str	r0, [r1, r3, lsl #2]
 159              		.syntax unified
 160              	@ 879 "Drivers/CMSIS/Include/cmsis_gcc.h" 1
 161 0018 BFF34F8F 		dsb 0xF
 162              	@ 0 "" 2
 163              	@ 868 "Drivers/CMSIS/Include/cmsis_gcc.h" 1
 164 001c BFF36F8F 		isb 0xF
 165              	@ 0 "" 2
 166              		.thumb
 167              		.syntax unified
 168              	.L18:
 169 0020 7047     		bx	lr
 170              	.L21:
 171 0022 00BF     		.align	2
 172              	.L20:
 173 0024 00E100E0 		.word	-536813312
 175              		.section	.text.HAL_NVIC_SystemReset,"ax",%progbits
 176              		.align	1
 177              		.p2align 2,,3
 178              		.global	HAL_NVIC_SystemReset
 179              		.syntax unified
ARM GAS  D:\Users\Ma-Game\AppData\Local\Temp\cccjbZkw.s 			page 4


 180              		.thumb
 181              		.thumb_func
 182              		.fpu fpv4-sp-d16
 184              	HAL_NVIC_SystemReset:
 185              		@ Volatile: function does not return.
 186              		@ args = 0, pretend = 0, frame = 0
 187              		@ frame_needed = 0, uses_anonymous_args = 0
 188              		@ link register save eliminated.
 189              		.syntax unified
 190              	@ 879 "Drivers/CMSIS/Include/cmsis_gcc.h" 1
 191 0000 BFF34F8F 		dsb 0xF
 192              	@ 0 "" 2
 193              		.thumb
 194              		.syntax unified
 195 0004 0549     		ldr	r1, .L24
 196 0006 064B     		ldr	r3, .L24+4
 197 0008 CA68     		ldr	r2, [r1, #12]
 198 000a 02F4E062 		and	r2, r2, #1792
 199 000e 1343     		orrs	r3, r3, r2
 200 0010 CB60     		str	r3, [r1, #12]
 201              		.syntax unified
 202              	@ 879 "Drivers/CMSIS/Include/cmsis_gcc.h" 1
 203 0012 BFF34F8F 		dsb 0xF
 204              	@ 0 "" 2
 205              		.thumb
 206              		.syntax unified
 207              	.L23:
 208              		.syntax unified
 209              	@ 1950 "Drivers/CMSIS/Include/core_cm4.h" 1
 210 0016 00BF     		nop
 211              	@ 0 "" 2
 212              		.thumb
 213              		.syntax unified
 214 0018 FDE7     		b	.L23
 215              	.L25:
 216 001a 00BF     		.align	2
 217              	.L24:
 218 001c 00ED00E0 		.word	-536810240
 219 0020 0400FA05 		.word	100270084
 221              		.section	.text.HAL_SYSTICK_Config,"ax",%progbits
 222              		.align	1
 223              		.p2align 2,,3
 224              		.global	HAL_SYSTICK_Config
 225              		.syntax unified
 226              		.thumb
 227              		.thumb_func
 228              		.fpu fpv4-sp-d16
 230              	HAL_SYSTICK_Config:
 231              		@ args = 0, pretend = 0, frame = 0
 232              		@ frame_needed = 0, uses_anonymous_args = 0
 233              		@ link register save eliminated.
 234 0000 0138     		subs	r0, r0, #1
 235 0002 B0F1807F 		cmp	r0, #16777216
 236 0006 0ED2     		bcs	.L28
 237 0008 084B     		ldr	r3, .L33
 238 000a 10B4     		push	{r4}
 239 000c 084C     		ldr	r4, .L33+4
ARM GAS  D:\Users\Ma-Game\AppData\Local\Temp\cccjbZkw.s 			page 5


 240 000e 5860     		str	r0, [r3, #4]
 241 0010 F020     		movs	r0, #240
 242 0012 84F82300 		strb	r0, [r4, #35]
 243 0016 0022     		movs	r2, #0
 244 0018 0721     		movs	r1, #7
 245 001a 1046     		mov	r0, r2
 246 001c 9A60     		str	r2, [r3, #8]
 247 001e 5DF8044B 		ldr	r4, [sp], #4
 248 0022 1960     		str	r1, [r3]
 249 0024 7047     		bx	lr
 250              	.L28:
 251 0026 0120     		movs	r0, #1
 252 0028 7047     		bx	lr
 253              	.L34:
 254 002a 00BF     		.align	2
 255              	.L33:
 256 002c 10E000E0 		.word	-536813552
 257 0030 00ED00E0 		.word	-536810240
 259              		.section	.text.HAL_NVIC_GetPriorityGrouping,"ax",%progbits
 260              		.align	1
 261              		.p2align 2,,3
 262              		.global	HAL_NVIC_GetPriorityGrouping
 263              		.syntax unified
 264              		.thumb
 265              		.thumb_func
 266              		.fpu fpv4-sp-d16
 268              	HAL_NVIC_GetPriorityGrouping:
 269              		@ args = 0, pretend = 0, frame = 0
 270              		@ frame_needed = 0, uses_anonymous_args = 0
 271              		@ link register save eliminated.
 272 0000 024B     		ldr	r3, .L36
 273 0002 D868     		ldr	r0, [r3, #12]
 274 0004 C0F30220 		ubfx	r0, r0, #8, #3
 275 0008 7047     		bx	lr
 276              	.L37:
 277 000a 00BF     		.align	2
 278              	.L36:
 279 000c 00ED00E0 		.word	-536810240
 281              		.section	.text.HAL_NVIC_GetPriority,"ax",%progbits
 282              		.align	1
 283              		.p2align 2,,3
 284              		.global	HAL_NVIC_GetPriority
 285              		.syntax unified
 286              		.thumb
 287              		.thumb_func
 288              		.fpu fpv4-sp-d16
 290              	HAL_NVIC_GetPriority:
 291              		@ args = 0, pretend = 0, frame = 0
 292              		@ frame_needed = 0, uses_anonymous_args = 0
 293              		@ link register save eliminated.
 294 0000 0028     		cmp	r0, #0
 295 0002 30B4     		push	{r4, r5}
 296 0004 23DB     		blt	.L39
 297 0006 00F16040 		add	r0, r0, #-536870912
 298 000a 00F56140 		add	r0, r0, #57600
 299 000e 90F80003 		ldrb	r0, [r0, #768]	@ zero_extendqisi2
 300 0012 0009     		lsrs	r0, r0, #4
ARM GAS  D:\Users\Ma-Game\AppData\Local\Temp\cccjbZkw.s 			page 6


 301              	.L40:
 302 0014 01F00701 		and	r1, r1, #7
 303 0018 C1F10705 		rsb	r5, r1, #7
 304 001c 042D     		cmp	r5, #4
 305 001e 01F10404 		add	r4, r1, #4
 306 0022 28BF     		it	cs
 307 0024 0425     		movcs	r5, #4
 308 0026 062C     		cmp	r4, #6
 309 0028 0FD9     		bls	.L42
 310 002a 0339     		subs	r1, r1, #3
 311 002c 4FF0FF34 		mov	r4, #-1
 312 0030 8C40     		lsls	r4, r4, r1
 313 0032 20EA0404 		bic	r4, r0, r4
 314 0036 C840     		lsrs	r0, r0, r1
 315              	.L41:
 316 0038 4FF0FF31 		mov	r1, #-1
 317 003c A940     		lsls	r1, r1, r5
 318 003e 20EA0100 		bic	r0, r0, r1
 319 0042 1060     		str	r0, [r2]
 320 0044 1C60     		str	r4, [r3]
 321 0046 30BC     		pop	{r4, r5}
 322 0048 7047     		bx	lr
 323              	.L42:
 324 004a 0024     		movs	r4, #0
 325 004c F4E7     		b	.L41
 326              	.L39:
 327 004e 034C     		ldr	r4, .L44
 328 0050 00F00F00 		and	r0, r0, #15
 329 0054 0444     		add	r4, r4, r0
 330 0056 207E     		ldrb	r0, [r4, #24]	@ zero_extendqisi2
 331 0058 0009     		lsrs	r0, r0, #4
 332 005a DBE7     		b	.L40
 333              	.L45:
 334              		.align	2
 335              	.L44:
 336 005c FCEC00E0 		.word	-536810244
 338              		.section	.text.HAL_NVIC_SetPendingIRQ,"ax",%progbits
 339              		.align	1
 340              		.p2align 2,,3
 341              		.global	HAL_NVIC_SetPendingIRQ
 342              		.syntax unified
 343              		.thumb
 344              		.thumb_func
 345              		.fpu fpv4-sp-d16
 347              	HAL_NVIC_SetPendingIRQ:
 348              		@ args = 0, pretend = 0, frame = 0
 349              		@ frame_needed = 0, uses_anonymous_args = 0
 350              		@ link register save eliminated.
 351 0000 0028     		cmp	r0, #0
 352 0002 09DB     		blt	.L46
 353 0004 4309     		lsrs	r3, r0, #5
 354 0006 0549     		ldr	r1, .L48
 355 0008 4033     		adds	r3, r3, #64
 356 000a 00F01F00 		and	r0, r0, #31
 357 000e 0122     		movs	r2, #1
 358 0010 02FA00F0 		lsl	r0, r2, r0
 359 0014 41F82300 		str	r0, [r1, r3, lsl #2]
ARM GAS  D:\Users\Ma-Game\AppData\Local\Temp\cccjbZkw.s 			page 7


 360              	.L46:
 361 0018 7047     		bx	lr
 362              	.L49:
 363 001a 00BF     		.align	2
 364              	.L48:
 365 001c 00E100E0 		.word	-536813312
 367              		.section	.text.HAL_NVIC_GetPendingIRQ,"ax",%progbits
 368              		.align	1
 369              		.p2align 2,,3
 370              		.global	HAL_NVIC_GetPendingIRQ
 371              		.syntax unified
 372              		.thumb
 373              		.thumb_func
 374              		.fpu fpv4-sp-d16
 376              	HAL_NVIC_GetPendingIRQ:
 377              		@ args = 0, pretend = 0, frame = 0
 378              		@ frame_needed = 0, uses_anonymous_args = 0
 379              		@ link register save eliminated.
 380 0000 0028     		cmp	r0, #0
 381 0002 0BDB     		blt	.L52
 382 0004 4309     		lsrs	r3, r0, #5
 383 0006 064A     		ldr	r2, .L53
 384 0008 4033     		adds	r3, r3, #64
 385 000a 00F01F00 		and	r0, r0, #31
 386 000e 52F82330 		ldr	r3, [r2, r3, lsl #2]
 387 0012 23FA00F0 		lsr	r0, r3, r0
 388 0016 00F00100 		and	r0, r0, #1
 389 001a 7047     		bx	lr
 390              	.L52:
 391 001c 0020     		movs	r0, #0
 392 001e 7047     		bx	lr
 393              	.L54:
 394              		.align	2
 395              	.L53:
 396 0020 00E100E0 		.word	-536813312
 398              		.section	.text.HAL_NVIC_ClearPendingIRQ,"ax",%progbits
 399              		.align	1
 400              		.p2align 2,,3
 401              		.global	HAL_NVIC_ClearPendingIRQ
 402              		.syntax unified
 403              		.thumb
 404              		.thumb_func
 405              		.fpu fpv4-sp-d16
 407              	HAL_NVIC_ClearPendingIRQ:
 408              		@ args = 0, pretend = 0, frame = 0
 409              		@ frame_needed = 0, uses_anonymous_args = 0
 410              		@ link register save eliminated.
 411 0000 0028     		cmp	r0, #0
 412 0002 09DB     		blt	.L55
 413 0004 4309     		lsrs	r3, r0, #5
 414 0006 0549     		ldr	r1, .L57
 415 0008 6033     		adds	r3, r3, #96
 416 000a 00F01F00 		and	r0, r0, #31
 417 000e 0122     		movs	r2, #1
 418 0010 02FA00F0 		lsl	r0, r2, r0
 419 0014 41F82300 		str	r0, [r1, r3, lsl #2]
 420              	.L55:
ARM GAS  D:\Users\Ma-Game\AppData\Local\Temp\cccjbZkw.s 			page 8


 421 0018 7047     		bx	lr
 422              	.L58:
 423 001a 00BF     		.align	2
 424              	.L57:
 425 001c 00E100E0 		.word	-536813312
 427              		.section	.text.HAL_NVIC_GetActive,"ax",%progbits
 428              		.align	1
 429              		.p2align 2,,3
 430              		.global	HAL_NVIC_GetActive
 431              		.syntax unified
 432              		.thumb
 433              		.thumb_func
 434              		.fpu fpv4-sp-d16
 436              	HAL_NVIC_GetActive:
 437              		@ args = 0, pretend = 0, frame = 0
 438              		@ frame_needed = 0, uses_anonymous_args = 0
 439              		@ link register save eliminated.
 440 0000 0028     		cmp	r0, #0
 441 0002 0BDB     		blt	.L61
 442 0004 4309     		lsrs	r3, r0, #5
 443 0006 064A     		ldr	r2, .L62
 444 0008 8033     		adds	r3, r3, #128
 445 000a 00F01F00 		and	r0, r0, #31
 446 000e 52F82330 		ldr	r3, [r2, r3, lsl #2]
 447 0012 23FA00F0 		lsr	r0, r3, r0
 448 0016 00F00100 		and	r0, r0, #1
 449 001a 7047     		bx	lr
 450              	.L61:
 451 001c 0020     		movs	r0, #0
 452 001e 7047     		bx	lr
 453              	.L63:
 454              		.align	2
 455              	.L62:
 456 0020 00E100E0 		.word	-536813312
 458              		.section	.text.HAL_SYSTICK_CLKSourceConfig,"ax",%progbits
 459              		.align	1
 460              		.p2align 2,,3
 461              		.global	HAL_SYSTICK_CLKSourceConfig
 462              		.syntax unified
 463              		.thumb
 464              		.thumb_func
 465              		.fpu fpv4-sp-d16
 467              	HAL_SYSTICK_CLKSourceConfig:
 468              		@ args = 0, pretend = 0, frame = 0
 469              		@ frame_needed = 0, uses_anonymous_args = 0
 470              		@ link register save eliminated.
 471 0000 044A     		ldr	r2, .L67
 472 0002 1368     		ldr	r3, [r2]
 473 0004 0428     		cmp	r0, #4
 474 0006 0CBF     		ite	eq
 475 0008 43F00403 		orreq	r3, r3, #4
 476 000c 23F00403 		bicne	r3, r3, #4
 477 0010 1360     		str	r3, [r2]
 478 0012 7047     		bx	lr
 479              	.L68:
 480              		.align	2
 481              	.L67:
ARM GAS  D:\Users\Ma-Game\AppData\Local\Temp\cccjbZkw.s 			page 9


 482 0014 10E000E0 		.word	-536813552
 484              		.section	.text.HAL_SYSTICK_Callback,"ax",%progbits
 485              		.align	1
 486              		.p2align 2,,3
 487              		.weak	HAL_SYSTICK_Callback
 488              		.syntax unified
 489              		.thumb
 490              		.thumb_func
 491              		.fpu fpv4-sp-d16
 493              	HAL_SYSTICK_Callback:
 494              		@ args = 0, pretend = 0, frame = 0
 495              		@ frame_needed = 0, uses_anonymous_args = 0
 496              		@ link register save eliminated.
 497 0000 7047     		bx	lr
 499 0002 00BF     		.section	.text.HAL_SYSTICK_IRQHandler,"ax",%progbits
 500              		.align	1
 501              		.p2align 2,,3
 502              		.global	HAL_SYSTICK_IRQHandler
 503              		.syntax unified
 504              		.thumb
 505              		.thumb_func
 506              		.fpu fpv4-sp-d16
 508              	HAL_SYSTICK_IRQHandler:
 509              		@ args = 0, pretend = 0, frame = 0
 510              		@ frame_needed = 0, uses_anonymous_args = 0
 511 0000 08B5     		push	{r3, lr}
 512 0002 FFF7FEFF 		bl	HAL_SYSTICK_Callback
 513 0006 08BD     		pop	{r3, pc}
 515              		.ident	"GCC: (xPack GNU Arm Embedded GCC, 64-bit) 9.2.1 20191025 (release) [ARM/arm-9-branch revis
ARM GAS  D:\Users\Ma-Game\AppData\Local\Temp\cccjbZkw.s 			page 10


DEFINED SYMBOLS
                            *ABS*:0000000000000000 stm32f3xx_hal_cortex.c
D:\Users\Ma-Game\AppData\Local\Temp\cccjbZkw.s:16     .text.HAL_NVIC_SetPriorityGrouping:0000000000000000 $t
D:\Users\Ma-Game\AppData\Local\Temp\cccjbZkw.s:25     .text.HAL_NVIC_SetPriorityGrouping:0000000000000000 HAL_NVIC_SetPriorityGrouping
D:\Users\Ma-Game\AppData\Local\Temp\cccjbZkw.s:45     .text.HAL_NVIC_SetPriorityGrouping:0000000000000024 $d
D:\Users\Ma-Game\AppData\Local\Temp\cccjbZkw.s:48     .text.HAL_NVIC_SetPriority:0000000000000000 $t
D:\Users\Ma-Game\AppData\Local\Temp\cccjbZkw.s:56     .text.HAL_NVIC_SetPriority:0000000000000000 HAL_NVIC_SetPriority
D:\Users\Ma-Game\AppData\Local\Temp\cccjbZkw.s:106    .text.HAL_NVIC_SetPriority:0000000000000068 $d
D:\Users\Ma-Game\AppData\Local\Temp\cccjbZkw.s:110    .text.HAL_NVIC_EnableIRQ:0000000000000000 $t
D:\Users\Ma-Game\AppData\Local\Temp\cccjbZkw.s:118    .text.HAL_NVIC_EnableIRQ:0000000000000000 HAL_NVIC_EnableIRQ
D:\Users\Ma-Game\AppData\Local\Temp\cccjbZkw.s:135    .text.HAL_NVIC_EnableIRQ:0000000000000018 $d
D:\Users\Ma-Game\AppData\Local\Temp\cccjbZkw.s:138    .text.HAL_NVIC_DisableIRQ:0000000000000000 $t
D:\Users\Ma-Game\AppData\Local\Temp\cccjbZkw.s:146    .text.HAL_NVIC_DisableIRQ:0000000000000000 HAL_NVIC_DisableIRQ
D:\Users\Ma-Game\AppData\Local\Temp\cccjbZkw.s:173    .text.HAL_NVIC_DisableIRQ:0000000000000024 $d
D:\Users\Ma-Game\AppData\Local\Temp\cccjbZkw.s:176    .text.HAL_NVIC_SystemReset:0000000000000000 $t
D:\Users\Ma-Game\AppData\Local\Temp\cccjbZkw.s:184    .text.HAL_NVIC_SystemReset:0000000000000000 HAL_NVIC_SystemReset
D:\Users\Ma-Game\AppData\Local\Temp\cccjbZkw.s:218    .text.HAL_NVIC_SystemReset:000000000000001c $d
D:\Users\Ma-Game\AppData\Local\Temp\cccjbZkw.s:222    .text.HAL_SYSTICK_Config:0000000000000000 $t
D:\Users\Ma-Game\AppData\Local\Temp\cccjbZkw.s:230    .text.HAL_SYSTICK_Config:0000000000000000 HAL_SYSTICK_Config
D:\Users\Ma-Game\AppData\Local\Temp\cccjbZkw.s:256    .text.HAL_SYSTICK_Config:000000000000002c $d
D:\Users\Ma-Game\AppData\Local\Temp\cccjbZkw.s:260    .text.HAL_NVIC_GetPriorityGrouping:0000000000000000 $t
D:\Users\Ma-Game\AppData\Local\Temp\cccjbZkw.s:268    .text.HAL_NVIC_GetPriorityGrouping:0000000000000000 HAL_NVIC_GetPriorityGrouping
D:\Users\Ma-Game\AppData\Local\Temp\cccjbZkw.s:279    .text.HAL_NVIC_GetPriorityGrouping:000000000000000c $d
D:\Users\Ma-Game\AppData\Local\Temp\cccjbZkw.s:282    .text.HAL_NVIC_GetPriority:0000000000000000 $t
D:\Users\Ma-Game\AppData\Local\Temp\cccjbZkw.s:290    .text.HAL_NVIC_GetPriority:0000000000000000 HAL_NVIC_GetPriority
D:\Users\Ma-Game\AppData\Local\Temp\cccjbZkw.s:336    .text.HAL_NVIC_GetPriority:000000000000005c $d
D:\Users\Ma-Game\AppData\Local\Temp\cccjbZkw.s:339    .text.HAL_NVIC_SetPendingIRQ:0000000000000000 $t
D:\Users\Ma-Game\AppData\Local\Temp\cccjbZkw.s:347    .text.HAL_NVIC_SetPendingIRQ:0000000000000000 HAL_NVIC_SetPendingIRQ
D:\Users\Ma-Game\AppData\Local\Temp\cccjbZkw.s:365    .text.HAL_NVIC_SetPendingIRQ:000000000000001c $d
D:\Users\Ma-Game\AppData\Local\Temp\cccjbZkw.s:368    .text.HAL_NVIC_GetPendingIRQ:0000000000000000 $t
D:\Users\Ma-Game\AppData\Local\Temp\cccjbZkw.s:376    .text.HAL_NVIC_GetPendingIRQ:0000000000000000 HAL_NVIC_GetPendingIRQ
D:\Users\Ma-Game\AppData\Local\Temp\cccjbZkw.s:396    .text.HAL_NVIC_GetPendingIRQ:0000000000000020 $d
D:\Users\Ma-Game\AppData\Local\Temp\cccjbZkw.s:399    .text.HAL_NVIC_ClearPendingIRQ:0000000000000000 $t
D:\Users\Ma-Game\AppData\Local\Temp\cccjbZkw.s:407    .text.HAL_NVIC_ClearPendingIRQ:0000000000000000 HAL_NVIC_ClearPendingIRQ
D:\Users\Ma-Game\AppData\Local\Temp\cccjbZkw.s:425    .text.HAL_NVIC_ClearPendingIRQ:000000000000001c $d
D:\Users\Ma-Game\AppData\Local\Temp\cccjbZkw.s:428    .text.HAL_NVIC_GetActive:0000000000000000 $t
D:\Users\Ma-Game\AppData\Local\Temp\cccjbZkw.s:436    .text.HAL_NVIC_GetActive:0000000000000000 HAL_NVIC_GetActive
D:\Users\Ma-Game\AppData\Local\Temp\cccjbZkw.s:456    .text.HAL_NVIC_GetActive:0000000000000020 $d
D:\Users\Ma-Game\AppData\Local\Temp\cccjbZkw.s:459    .text.HAL_SYSTICK_CLKSourceConfig:0000000000000000 $t
D:\Users\Ma-Game\AppData\Local\Temp\cccjbZkw.s:467    .text.HAL_SYSTICK_CLKSourceConfig:0000000000000000 HAL_SYSTICK_CLKSourceConfig
D:\Users\Ma-Game\AppData\Local\Temp\cccjbZkw.s:482    .text.HAL_SYSTICK_CLKSourceConfig:0000000000000014 $d
D:\Users\Ma-Game\AppData\Local\Temp\cccjbZkw.s:485    .text.HAL_SYSTICK_Callback:0000000000000000 $t
D:\Users\Ma-Game\AppData\Local\Temp\cccjbZkw.s:493    .text.HAL_SYSTICK_Callback:0000000000000000 HAL_SYSTICK_Callback
D:\Users\Ma-Game\AppData\Local\Temp\cccjbZkw.s:500    .text.HAL_SYSTICK_IRQHandler:0000000000000000 $t
D:\Users\Ma-Game\AppData\Local\Temp\cccjbZkw.s:508    .text.HAL_SYSTICK_IRQHandler:0000000000000000 HAL_SYSTICK_IRQHandler

NO UNDEFINED SYMBOLS
