ARM GAS  D:\Users\Ma-Game\AppData\Local\Temp\ccvYmcRS.s 			page 1


   1              		.cpu cortex-m4
   2              		.eabi_attribute 27, 1
   3              		.eabi_attribute 28, 1
   4              		.eabi_attribute 20, 1
   5              		.eabi_attribute 21, 1
   6              		.eabi_attribute 23, 3
   7              		.eabi_attribute 24, 1
   8              		.eabi_attribute 25, 1
   9              		.eabi_attribute 26, 1
  10              		.eabi_attribute 30, 2
  11              		.eabi_attribute 34, 1
  12              		.eabi_attribute 18, 4
  13              		.file	"stm32f3xx_hal_flash_ex.c"
  14              		.text
  15              		.section	.text.HAL_FLASHEx_Erase,"ax",%progbits
  16              		.align	1
  17              		.p2align 2,,3
  18              		.global	HAL_FLASHEx_Erase
  19              		.arch armv7e-m
  20              		.syntax unified
  21              		.thumb
  22              		.thumb_func
  23              		.fpu fpv4-sp-d16
  25              	HAL_FLASHEx_Erase:
  26              		@ args = 0, pretend = 0, frame = 0
  27              		@ frame_needed = 0, uses_anonymous_args = 0
  28 0000 2DE9F843 		push	{r3, r4, r5, r6, r7, r8, r9, lr}
  29 0004 2D4E     		ldr	r6, .L14
  30 0006 337E     		ldrb	r3, [r6, #24]	@ zero_extendqisi2
  31 0008 012B     		cmp	r3, #1
  32 000a 54D0     		beq	.L8
  33 000c 0123     		movs	r3, #1
  34 000e 3376     		strb	r3, [r6, #24]
  35 0010 0368     		ldr	r3, [r0]
  36 0012 012B     		cmp	r3, #1
  37 0014 8146     		mov	r9, r0
  38 0016 31D0     		beq	.L12
  39 0018 4CF25030 		movw	r0, #50000
  40 001c 8846     		mov	r8, r1
  41 001e FFF7FEFF 		bl	FLASH_WaitForLastOperation
  42 0022 80BB     		cbnz	r0, .L4
  43 0024 4FF0FF33 		mov	r3, #-1
  44 0028 C8F80030 		str	r3, [r8]
  45 002c D9E90153 		ldrd	r5, r3, [r9, #4]
  46 0030 05EBC323 		add	r3, r5, r3, lsl #11
  47 0034 9D42     		cmp	r5, r3
  48 0036 26D2     		bcs	.L4
  49 0038 214C     		ldr	r4, .L14+4
  50 003a 0746     		mov	r7, r0
  51 003c 07E0     		b	.L7
  52              	.L6:
  53 003e D9E90132 		ldrd	r3, r2, [r9, #4]
  54 0042 05F50065 		add	r5, r5, #2048
  55 0046 03EBC223 		add	r3, r3, r2, lsl #11
  56 004a AB42     		cmp	r3, r5
  57 004c 1CD9     		bls	.L5
  58              	.L7:
ARM GAS  D:\Users\Ma-Game\AppData\Local\Temp\ccvYmcRS.s 			page 2


  59 004e F761     		str	r7, [r6, #28]
  60 0050 2369     		ldr	r3, [r4, #16]
  61 0052 43F00203 		orr	r3, r3, #2
  62 0056 2361     		str	r3, [r4, #16]
  63 0058 6561     		str	r5, [r4, #20]
  64 005a 2369     		ldr	r3, [r4, #16]
  65 005c 43F04003 		orr	r3, r3, #64
  66 0060 2361     		str	r3, [r4, #16]
  67 0062 4CF25030 		movw	r0, #50000
  68 0066 FFF7FEFF 		bl	FLASH_WaitForLastOperation
  69 006a 2369     		ldr	r3, [r4, #16]
  70 006c 23F00203 		bic	r3, r3, #2
  71 0070 2361     		str	r3, [r4, #16]
  72 0072 0028     		cmp	r0, #0
  73 0074 E3D0     		beq	.L6
  74 0076 C8F80050 		str	r5, [r8]
  75 007a 05E0     		b	.L5
  76              	.L12:
  77 007c 4CF25030 		movw	r0, #50000
  78 0080 FFF7FEFF 		bl	FLASH_WaitForLastOperation
  79 0084 20B1     		cbz	r0, .L13
  80              	.L4:
  81 0086 0120     		movs	r0, #1
  82              	.L5:
  83 0088 0023     		movs	r3, #0
  84 008a 3376     		strb	r3, [r6, #24]
  85 008c BDE8F883 		pop	{r3, r4, r5, r6, r7, r8, r9, pc}
  86              	.L13:
  87 0090 0B4C     		ldr	r4, .L14+4
  88 0092 F061     		str	r0, [r6, #28]
  89 0094 2369     		ldr	r3, [r4, #16]
  90 0096 43F00403 		orr	r3, r3, #4
  91 009a 2361     		str	r3, [r4, #16]
  92 009c 2369     		ldr	r3, [r4, #16]
  93 009e 43F04003 		orr	r3, r3, #64
  94 00a2 2361     		str	r3, [r4, #16]
  95 00a4 4CF25030 		movw	r0, #50000
  96 00a8 FFF7FEFF 		bl	FLASH_WaitForLastOperation
  97 00ac 2369     		ldr	r3, [r4, #16]
  98 00ae 23F00403 		bic	r3, r3, #4
  99 00b2 2361     		str	r3, [r4, #16]
 100 00b4 E8E7     		b	.L5
 101              	.L8:
 102 00b6 0220     		movs	r0, #2
 103 00b8 BDE8F883 		pop	{r3, r4, r5, r6, r7, r8, r9, pc}
 104              	.L15:
 105              		.align	2
 106              	.L14:
 107 00bc 00000000 		.word	pFlash
 108 00c0 00200240 		.word	1073881088
 110              		.section	.text.HAL_FLASHEx_Erase_IT,"ax",%progbits
 111              		.align	1
 112              		.p2align 2,,3
 113              		.global	HAL_FLASHEx_Erase_IT
 114              		.syntax unified
 115              		.thumb
 116              		.thumb_func
ARM GAS  D:\Users\Ma-Game\AppData\Local\Temp\ccvYmcRS.s 			page 3


 117              		.fpu fpv4-sp-d16
 119              	HAL_FLASHEx_Erase_IT:
 120              		@ args = 0, pretend = 0, frame = 0
 121              		@ frame_needed = 0, uses_anonymous_args = 0
 122              		@ link register save eliminated.
 123 0000 1C4B     		ldr	r3, .L26
 124 0002 1A7E     		ldrb	r2, [r3, #24]	@ zero_extendqisi2
 125 0004 012A     		cmp	r2, #1
 126 0006 32D0     		beq	.L19
 127 0008 30B4     		push	{r4, r5}
 128 000a 1A78     		ldrb	r2, [r3]	@ zero_extendqisi2
 129 000c 0124     		movs	r4, #1
 130 000e 02F0FF01 		and	r1, r2, #255
 131 0012 1C76     		strb	r4, [r3, #24]
 132 0014 CAB9     		cbnz	r2, .L20
 133 0016 184A     		ldr	r2, .L26+4
 134 0018 1569     		ldr	r5, [r2, #16]
 135 001a 45F4A055 		orr	r5, r5, #5120
 136 001e 1561     		str	r5, [r2, #16]
 137 0020 0568     		ldr	r5, [r0]
 138 0022 A542     		cmp	r5, r4
 139 0024 15D0     		beq	.L25
 140 0026 D0E90105 		ldrd	r0, r5, [r0, #4]
 141 002a 1C70     		strb	r4, [r3]
 142 002c 5D60     		str	r5, [r3, #4]
 143 002e 9860     		str	r0, [r3, #8]
 144 0030 D961     		str	r1, [r3, #28]
 145 0032 1369     		ldr	r3, [r2, #16]
 146 0034 43F00203 		orr	r3, r3, #2
 147 0038 1361     		str	r3, [r2, #16]
 148 003a 5061     		str	r0, [r2, #20]
 149 003c 1369     		ldr	r3, [r2, #16]
 150 003e 43F04003 		orr	r3, r3, #64
 151 0042 0846     		mov	r0, r1
 152 0044 30BC     		pop	{r4, r5}
 153 0046 1361     		str	r3, [r2, #16]
 154 0048 7047     		bx	lr
 155              	.L20:
 156 004a 2146     		mov	r1, r4
 157 004c 0846     		mov	r0, r1
 158 004e 30BC     		pop	{r4, r5}
 159 0050 7047     		bx	lr
 160              	.L25:
 161 0052 0220     		movs	r0, #2
 162 0054 1870     		strb	r0, [r3]
 163 0056 D961     		str	r1, [r3, #28]
 164 0058 1369     		ldr	r3, [r2, #16]
 165 005a 43F00403 		orr	r3, r3, #4
 166 005e 1361     		str	r3, [r2, #16]
 167 0060 1369     		ldr	r3, [r2, #16]
 168 0062 43F04003 		orr	r3, r3, #64
 169 0066 0846     		mov	r0, r1
 170 0068 30BC     		pop	{r4, r5}
 171 006a 1361     		str	r3, [r2, #16]
 172 006c 7047     		bx	lr
 173              	.L19:
 174 006e 0221     		movs	r1, #2
ARM GAS  D:\Users\Ma-Game\AppData\Local\Temp\ccvYmcRS.s 			page 4


 175 0070 0846     		mov	r0, r1
 176 0072 7047     		bx	lr
 177              	.L27:
 178              		.align	2
 179              	.L26:
 180 0074 00000000 		.word	pFlash
 181 0078 00200240 		.word	1073881088
 183              		.section	.text.HAL_FLASHEx_OBErase,"ax",%progbits
 184              		.align	1
 185              		.p2align 2,,3
 186              		.global	HAL_FLASHEx_OBErase
 187              		.syntax unified
 188              		.thumb
 189              		.thumb_func
 190              		.fpu fpv4-sp-d16
 192              	HAL_FLASHEx_OBErase:
 193              		@ args = 0, pretend = 0, frame = 0
 194              		@ frame_needed = 0, uses_anonymous_args = 0
 195 0000 274B     		ldr	r3, .L35
 196 0002 DB69     		ldr	r3, [r3, #28]
 197 0004 03F00603 		and	r3, r3, #6
 198 0008 062B     		cmp	r3, #6
 199 000a 70B5     		push	{r4, r5, r6, lr}
 200 000c 46D0     		beq	.L31
 201 000e 002B     		cmp	r3, #0
 202 0010 0CBF     		ite	eq
 203 0012 AA25     		moveq	r5, #170
 204 0014 BB25     		movne	r5, #187
 205              	.L29:
 206 0016 4CF25030 		movw	r0, #50000
 207 001a FFF7FEFF 		bl	FLASH_WaitForLastOperation
 208 001e 00B1     		cbz	r0, .L34
 209              	.L30:
 210 0020 70BD     		pop	{r4, r5, r6, pc}
 211              	.L34:
 212 0022 204E     		ldr	r6, .L35+4
 213 0024 1E4C     		ldr	r4, .L35
 214 0026 F061     		str	r0, [r6, #28]
 215 0028 2369     		ldr	r3, [r4, #16]
 216 002a 43F02003 		orr	r3, r3, #32
 217 002e 2361     		str	r3, [r4, #16]
 218 0030 2369     		ldr	r3, [r4, #16]
 219 0032 43F04003 		orr	r3, r3, #64
 220 0036 2361     		str	r3, [r4, #16]
 221 0038 4CF25030 		movw	r0, #50000
 222 003c FFF7FEFF 		bl	FLASH_WaitForLastOperation
 223 0040 2369     		ldr	r3, [r4, #16]
 224 0042 23F02003 		bic	r3, r3, #32
 225 0046 2361     		str	r3, [r4, #16]
 226 0048 0028     		cmp	r0, #0
 227 004a E9D1     		bne	.L30
 228 004c 4CF25030 		movw	r0, #50000
 229 0050 FFF7FEFF 		bl	FLASH_WaitForLastOperation
 230 0054 0028     		cmp	r0, #0
 231 0056 E3D1     		bne	.L30
 232 0058 F061     		str	r0, [r6, #28]
 233 005a 2369     		ldr	r3, [r4, #16]
ARM GAS  D:\Users\Ma-Game\AppData\Local\Temp\ccvYmcRS.s 			page 5


 234 005c 43F02003 		orr	r3, r3, #32
 235 0060 2361     		str	r3, [r4, #16]
 236 0062 2369     		ldr	r3, [r4, #16]
 237 0064 43F04003 		orr	r3, r3, #64
 238 0068 2361     		str	r3, [r4, #16]
 239 006a 4CF25030 		movw	r0, #50000
 240 006e FFF7FEFF 		bl	FLASH_WaitForLastOperation
 241 0072 2369     		ldr	r3, [r4, #16]
 242 0074 23F02003 		bic	r3, r3, #32
 243 0078 2361     		str	r3, [r4, #16]
 244 007a 0028     		cmp	r0, #0
 245 007c D0D1     		bne	.L30
 246 007e 2369     		ldr	r3, [r4, #16]
 247 0080 094A     		ldr	r2, .L35+8
 248 0082 43F01003 		orr	r3, r3, #16
 249 0086 2361     		str	r3, [r4, #16]
 250 0088 4CF25030 		movw	r0, #50000
 251 008c 1580     		strh	r5, [r2]	@ movhi
 252 008e FFF7FEFF 		bl	FLASH_WaitForLastOperation
 253 0092 2369     		ldr	r3, [r4, #16]
 254 0094 23F01003 		bic	r3, r3, #16
 255 0098 2361     		str	r3, [r4, #16]
 256 009a 70BD     		pop	{r4, r5, r6, pc}
 257              	.L31:
 258 009c CC25     		movs	r5, #204
 259 009e BAE7     		b	.L29
 260              	.L36:
 261              		.align	2
 262              	.L35:
 263 00a0 00200240 		.word	1073881088
 264 00a4 00000000 		.word	pFlash
 265 00a8 00F8FF1F 		.word	536868864
 267              		.section	.text.HAL_FLASHEx_OBProgram,"ax",%progbits
 268              		.align	1
 269              		.p2align 2,,3
 270              		.global	HAL_FLASHEx_OBProgram
 271              		.syntax unified
 272              		.thumb
 273              		.thumb_func
 274              		.fpu fpv4-sp-d16
 276              	HAL_FLASHEx_OBProgram:
 277              		@ args = 0, pretend = 0, frame = 0
 278              		@ frame_needed = 0, uses_anonymous_args = 0
 279 0000 2DE9F843 		push	{r3, r4, r5, r6, r7, r8, r9, lr}
 280 0004 8B4E     		ldr	r6, .L88
 281 0006 337E     		ldrb	r3, [r6, #24]	@ zero_extendqisi2
 282 0008 012B     		cmp	r3, #1
 283 000a 00F0E680 		beq	.L59
 284 000e 0124     		movs	r4, #1
 285 0010 3476     		strb	r4, [r6, #24]
 286 0012 0368     		ldr	r3, [r0]
 287 0014 0546     		mov	r5, r0
 288 0016 D807     		lsls	r0, r3, #31
 289 0018 3ED5     		bpl	.L39
 290 001a 6B68     		ldr	r3, [r5, #4]
 291 001c 864F     		ldr	r7, .L88+4
 292 001e D5F80890 		ldr	r9, [r5, #8]
ARM GAS  D:\Users\Ma-Game\AppData\Local\Temp\ccvYmcRS.s 			page 6


 293 0022 D7F82080 		ldr	r8, [r7, #32]
 294 0026 A342     		cmp	r3, r4
 295 0028 4CF25030 		movw	r0, #50000
 296 002c 0AD0     		beq	.L83
 297 002e FFF7FEFF 		bl	FLASH_WaitForLastOperation
 298 0032 0446     		mov	r4, r0
 299 0034 0028     		cmp	r0, #0
 300 0036 00F0AE80 		beq	.L84
 301              	.L57:
 302 003a 0023     		movs	r3, #0
 303 003c 3376     		strb	r3, [r6, #24]
 304 003e 2046     		mov	r0, r4
 305 0040 BDE8F883 		pop	{r3, r4, r5, r6, r7, r8, r9, pc}
 306              	.L83:
 307 0044 FFF7FEFF 		bl	FLASH_WaitForLastOperation
 308 0048 0446     		mov	r4, r0
 309 004a 0028     		cmp	r0, #0
 310 004c F5D1     		bne	.L57
 311 004e F061     		str	r0, [r6, #28]
 312 0050 FFF7FEFF 		bl	HAL_FLASHEx_OBErase
 313 0054 0446     		mov	r4, r0
 314 0056 0028     		cmp	r0, #0
 315 0058 EFD1     		bne	.L57
 316 005a 3B69     		ldr	r3, [r7, #16]
 317 005c 28EA0908 		bic	r8, r8, r9
 318 0060 5FFA88F2 		uxtb	r2, r8
 319 0064 43F01003 		orr	r3, r3, #16
 320 0068 FF2A     		cmp	r2, #255
 321 006a 3B61     		str	r3, [r7, #16]
 322 006c 00F0D180 		beq	.L45
 323 0070 724B     		ldr	r3, .L88+8
 324 0072 1989     		ldrh	r1, [r3, #8]
 325 0074 0A40     		ands	r2, r2, r1
 326 0076 1A81     		strh	r2, [r3, #8]	@ movhi
 327 0078 4CF25030 		movw	r0, #50000
 328 007c FFF7FEFF 		bl	FLASH_WaitForLastOperation
 329 0080 0028     		cmp	r0, #0
 330 0082 00F0C680 		beq	.L45
 331              	.L46:
 332 0086 6C4A     		ldr	r2, .L88+4
 333 0088 1369     		ldr	r3, [r2, #16]
 334 008a 23F01003 		bic	r3, r3, #16
 335 008e 0446     		mov	r4, r0
 336 0090 1361     		str	r3, [r2, #16]
 337              	.L47:
 338 0092 002C     		cmp	r4, #0
 339 0094 D1D1     		bne	.L57
 340 0096 2B68     		ldr	r3, [r5]
 341              	.L39:
 342 0098 9907     		lsls	r1, r3, #30
 343 009a 20D4     		bmi	.L85
 344 009c 5A07     		lsls	r2, r3, #29
 345 009e 54D4     		bmi	.L86
 346              	.L55:
 347 00a0 1B07     		lsls	r3, r3, #28
 348 00a2 CAD5     		bpl	.L57
 349              	.L87:
ARM GAS  D:\Users\Ma-Game\AppData\Local\Temp\ccvYmcRS.s 			page 7


 350 00a4 4CF25030 		movw	r0, #50000
 351 00a8 D5F81080 		ldr	r8, [r5, #16]
 352 00ac 2F7D     		ldrb	r7, [r5, #20]	@ zero_extendqisi2
 353 00ae FFF7FEFF 		bl	FLASH_WaitForLastOperation
 354 00b2 0446     		mov	r4, r0
 355 00b4 0028     		cmp	r0, #0
 356 00b6 C0D1     		bne	.L57
 357 00b8 5F4D     		ldr	r5, .L88+4
 358 00ba F061     		str	r0, [r6, #28]
 359 00bc 2B69     		ldr	r3, [r5, #16]
 360 00be BFB2     		uxth	r7, r7
 361 00c0 43F01003 		orr	r3, r3, #16
 362 00c4 2B61     		str	r3, [r5, #16]
 363 00c6 4CF25030 		movw	r0, #50000
 364 00ca A8F80070 		strh	r7, [r8]	@ movhi
 365 00ce FFF7FEFF 		bl	FLASH_WaitForLastOperation
 366 00d2 2B69     		ldr	r3, [r5, #16]
 367 00d4 23F01003 		bic	r3, r3, #16
 368 00d8 2B61     		str	r3, [r5, #16]
 369 00da 0446     		mov	r4, r0
 370 00dc ADE7     		b	.L57
 371              	.L85:
 372 00de 4CF25030 		movw	r0, #50000
 373 00e2 95F80C80 		ldrb	r8, [r5, #12]	@ zero_extendqisi2
 374 00e6 FFF7FEFF 		bl	FLASH_WaitForLastOperation
 375 00ea 0446     		mov	r4, r0
 376 00ec 0028     		cmp	r0, #0
 377 00ee A4D1     		bne	.L57
 378 00f0 514F     		ldr	r7, .L88+4
 379 00f2 F061     		str	r0, [r6, #28]
 380 00f4 3B69     		ldr	r3, [r7, #16]
 381 00f6 43F02003 		orr	r3, r3, #32
 382 00fa 3B61     		str	r3, [r7, #16]
 383 00fc 3B69     		ldr	r3, [r7, #16]
 384 00fe 43F04003 		orr	r3, r3, #64
 385 0102 3B61     		str	r3, [r7, #16]
 386 0104 4CF25030 		movw	r0, #50000
 387 0108 FFF7FEFF 		bl	FLASH_WaitForLastOperation
 388 010c 3B69     		ldr	r3, [r7, #16]
 389 010e 23F02003 		bic	r3, r3, #32
 390 0112 3B61     		str	r3, [r7, #16]
 391 0114 0446     		mov	r4, r0
 392 0116 0028     		cmp	r0, #0
 393 0118 8FD1     		bne	.L57
 394 011a 3B69     		ldr	r3, [r7, #16]
 395 011c 474A     		ldr	r2, .L88+8
 396 011e 43F01003 		orr	r3, r3, #16
 397 0122 1FFA88F8 		uxth	r8, r8
 398 0126 3B61     		str	r3, [r7, #16]
 399 0128 4CF25030 		movw	r0, #50000
 400 012c A2F80080 		strh	r8, [r2]	@ movhi
 401 0130 FFF7FEFF 		bl	FLASH_WaitForLastOperation
 402 0134 3B69     		ldr	r3, [r7, #16]
 403 0136 23F01003 		bic	r3, r3, #16
 404 013a 3B61     		str	r3, [r7, #16]
 405 013c 0446     		mov	r4, r0
 406 013e 0028     		cmp	r0, #0
ARM GAS  D:\Users\Ma-Game\AppData\Local\Temp\ccvYmcRS.s 			page 8


 407 0140 7FF47BAF 		bne	.L57
 408 0144 2B68     		ldr	r3, [r5]
 409 0146 5A07     		lsls	r2, r3, #29
 410 0148 AAD5     		bpl	.L55
 411              	.L86:
 412 014a 4CF25030 		movw	r0, #50000
 413 014e 95F80D80 		ldrb	r8, [r5, #13]	@ zero_extendqisi2
 414 0152 FFF7FEFF 		bl	FLASH_WaitForLastOperation
 415 0156 0446     		mov	r4, r0
 416 0158 0028     		cmp	r0, #0
 417 015a 7FF46EAF 		bne	.L57
 418 015e 364F     		ldr	r7, .L88+4
 419 0160 F061     		str	r0, [r6, #28]
 420 0162 3B69     		ldr	r3, [r7, #16]
 421 0164 354A     		ldr	r2, .L88+8
 422 0166 43F01003 		orr	r3, r3, #16
 423 016a 48F08808 		orr	r8, r8, #136
 424 016e 3B61     		str	r3, [r7, #16]
 425 0170 4CF25030 		movw	r0, #50000
 426 0174 A2F80280 		strh	r8, [r2, #2]	@ movhi
 427 0178 FFF7FEFF 		bl	FLASH_WaitForLastOperation
 428 017c 3B69     		ldr	r3, [r7, #16]
 429 017e 23F01003 		bic	r3, r3, #16
 430 0182 3B61     		str	r3, [r7, #16]
 431 0184 0446     		mov	r4, r0
 432 0186 0028     		cmp	r0, #0
 433 0188 7FF457AF 		bne	.L57
 434 018c 2B68     		ldr	r3, [r5]
 435 018e 1B07     		lsls	r3, r3, #28
 436 0190 7FF553AF 		bpl	.L57
 437 0194 86E7     		b	.L87
 438              	.L84:
 439 0196 F061     		str	r0, [r6, #28]
 440 0198 FFF7FEFF 		bl	HAL_FLASHEx_OBErase
 441 019c 0446     		mov	r4, r0
 442 019e 0028     		cmp	r0, #0
 443 01a0 7FF44BAF 		bne	.L57
 444 01a4 3B69     		ldr	r3, [r7, #16]
 445 01a6 49EA0808 		orr	r8, r9, r8
 446 01aa 5FFA88F2 		uxtb	r2, r8
 447 01ae 43F01003 		orr	r3, r3, #16
 448 01b2 FF2A     		cmp	r2, #255
 449 01b4 3B61     		str	r3, [r7, #16]
 450 01b6 14D0     		beq	.L51
 451 01b8 2049     		ldr	r1, .L88+8
 452 01ba 0B89     		ldrh	r3, [r1, #8]
 453 01bc 9BB2     		uxth	r3, r3
 454 01be 1A43     		orrs	r2, r2, r3
 455 01c0 0A81     		strh	r2, [r1, #8]	@ movhi
 456 01c2 4CF25030 		movw	r0, #50000
 457 01c6 FFF7FEFF 		bl	FLASH_WaitForLastOperation
 458 01ca 50B1     		cbz	r0, .L51
 459              	.L82:
 460 01cc 1A4A     		ldr	r2, .L88+4
 461 01ce 1369     		ldr	r3, [r2, #16]
 462 01d0 23F01003 		bic	r3, r3, #16
 463 01d4 0446     		mov	r4, r0
ARM GAS  D:\Users\Ma-Game\AppData\Local\Temp\ccvYmcRS.s 			page 9


 464 01d6 1361     		str	r3, [r2, #16]
 465 01d8 5BE7     		b	.L47
 466              	.L59:
 467 01da 0224     		movs	r4, #2
 468 01dc 2046     		mov	r0, r4
 469 01de BDE8F883 		pop	{r3, r4, r5, r6, r7, r8, r9, pc}
 470              	.L51:
 471 01e2 C8F30728 		ubfx	r8, r8, #8, #8
 472 01e6 B8F1FF0F 		cmp	r8, #255
 473 01ea 0BD0     		beq	.L80
 474 01ec 134A     		ldr	r2, .L88+8
 475 01ee 5389     		ldrh	r3, [r2, #10]
 476 01f0 9BB2     		uxth	r3, r3
 477 01f2 48EA0308 		orr	r8, r8, r3
 478 01f6 A2F80A80 		strh	r8, [r2, #10]	@ movhi
 479 01fa 4CF25030 		movw	r0, #50000
 480 01fe FFF7FEFF 		bl	FLASH_WaitForLastOperation
 481 0202 E3E7     		b	.L82
 482              	.L80:
 483 0204 0C4A     		ldr	r2, .L88+4
 484 0206 1369     		ldr	r3, [r2, #16]
 485 0208 23F01003 		bic	r3, r3, #16
 486 020c 1361     		str	r3, [r2, #16]
 487 020e 2B68     		ldr	r3, [r5]
 488 0210 42E7     		b	.L39
 489              	.L45:
 490 0212 C8F30728 		ubfx	r8, r8, #8, #8
 491 0216 B8F1FF0F 		cmp	r8, #255
 492 021a F3D0     		beq	.L80
 493 021c 074B     		ldr	r3, .L88+8
 494 021e 5A89     		ldrh	r2, [r3, #10]
 495 0220 08EA0208 		and	r8, r8, r2
 496 0224 A3F80A80 		strh	r8, [r3, #10]	@ movhi
 497 0228 4CF25030 		movw	r0, #50000
 498 022c FFF7FEFF 		bl	FLASH_WaitForLastOperation
 499 0230 29E7     		b	.L46
 500              	.L89:
 501 0232 00BF     		.align	2
 502              	.L88:
 503 0234 00000000 		.word	pFlash
 504 0238 00200240 		.word	1073881088
 505 023c 00F8FF1F 		.word	536868864
 507              		.section	.text.HAL_FLASHEx_OBGetConfig,"ax",%progbits
 508              		.align	1
 509              		.p2align 2,,3
 510              		.global	HAL_FLASHEx_OBGetConfig
 511              		.syntax unified
 512              		.thumb
 513              		.thumb_func
 514              		.fpu fpv4-sp-d16
 516              	HAL_FLASHEx_OBGetConfig:
 517              		@ args = 0, pretend = 0, frame = 0
 518              		@ frame_needed = 0, uses_anonymous_args = 0
 519              		@ link register save eliminated.
 520 0000 0E4B     		ldr	r3, .L94
 521 0002 0722     		movs	r2, #7
 522 0004 0260     		str	r2, [r0]
ARM GAS  D:\Users\Ma-Game\AppData\Local\Temp\ccvYmcRS.s 			page 10


 523 0006 1A6A     		ldr	r2, [r3, #32]
 524 0008 8260     		str	r2, [r0, #8]
 525 000a DB69     		ldr	r3, [r3, #28]
 526 000c 03F00603 		and	r3, r3, #6
 527 0010 062B     		cmp	r3, #6
 528 0012 11D0     		beq	.L92
 529 0014 002B     		cmp	r3, #0
 530 0016 0CBF     		ite	eq
 531 0018 AA22     		moveq	r2, #170
 532 001a BB22     		movne	r2, #187
 533              	.L91:
 534 001c 074B     		ldr	r3, .L94
 535 001e 0273     		strb	r2, [r0, #12]
 536 0020 DB69     		ldr	r3, [r3, #28]
 537 0022 4FF48072 		mov	r2, #256
 538              		.syntax unified
 539              	@ 988 "Drivers/CMSIS/Include/cmsis_gcc.h" 1
 540 0026 92FAA2F2 		rbit r2, r2
 541              	@ 0 "" 2
 542              		.thumb
 543              		.syntax unified
 544 002a B2FA82F2 		clz	r2, r2
 545 002e 03F4EE43 		and	r3, r3, #30464
 546 0032 D340     		lsrs	r3, r3, r2
 547 0034 4373     		strb	r3, [r0, #13]
 548 0036 7047     		bx	lr
 549              	.L92:
 550 0038 CC22     		movs	r2, #204
 551 003a EFE7     		b	.L91
 552              	.L95:
 553              		.align	2
 554              	.L94:
 555 003c 00200240 		.word	1073881088
 557              		.section	.text.HAL_FLASHEx_OBGetUserData,"ax",%progbits
 558              		.align	1
 559              		.p2align 2,,3
 560              		.global	HAL_FLASHEx_OBGetUserData
 561              		.syntax unified
 562              		.thumb
 563              		.thumb_func
 564              		.fpu fpv4-sp-d16
 566              	HAL_FLASHEx_OBGetUserData:
 567              		@ args = 0, pretend = 0, frame = 0
 568              		@ frame_needed = 0, uses_anonymous_args = 0
 569              		@ link register save eliminated.
 570 0000 0C4B     		ldr	r3, .L100
 571 0002 0D4A     		ldr	r2, .L100+4
 572 0004 9842     		cmp	r0, r3
 573 0006 0AD0     		beq	.L99
 574 0008 4FF07F43 		mov	r3, #-16777216
 575 000c D069     		ldr	r0, [r2, #28]
 576              		.syntax unified
 577              	@ 988 "Drivers/CMSIS/Include/cmsis_gcc.h" 1
 578 000e 93FAA3F3 		rbit r3, r3
 579              	@ 0 "" 2
 580              		.thumb
 581              		.syntax unified
ARM GAS  D:\Users\Ma-Game\AppData\Local\Temp\ccvYmcRS.s 			page 11


 582 0012 B3FA83F3 		clz	r3, r3
 583 0016 00F07F40 		and	r0, r0, #-16777216
 584 001a D840     		lsrs	r0, r0, r3
 585 001c 7047     		bx	lr
 586              	.L99:
 587 001e 4FF47F03 		mov	r3, #16711680
 588 0022 D069     		ldr	r0, [r2, #28]
 589              		.syntax unified
 590              	@ 988 "Drivers/CMSIS/Include/cmsis_gcc.h" 1
 591 0024 93FAA3F3 		rbit r3, r3
 592              	@ 0 "" 2
 593              		.thumb
 594              		.syntax unified
 595 0028 B3FA83F3 		clz	r3, r3
 596 002c 00F47F00 		and	r0, r0, #16711680
 597 0030 D840     		lsrs	r0, r0, r3
 598 0032 7047     		bx	lr
 599              	.L101:
 600              		.align	2
 601              	.L100:
 602 0034 04F8FF1F 		.word	536868868
 603 0038 00200240 		.word	1073881088
 605              		.section	.text.FLASH_PageErase,"ax",%progbits
 606              		.align	1
 607              		.p2align 2,,3
 608              		.global	FLASH_PageErase
 609              		.syntax unified
 610              		.thumb
 611              		.thumb_func
 612              		.fpu fpv4-sp-d16
 614              	FLASH_PageErase:
 615              		@ args = 0, pretend = 0, frame = 0
 616              		@ frame_needed = 0, uses_anonymous_args = 0
 617              		@ link register save eliminated.
 618 0000 064A     		ldr	r2, .L103
 619 0002 074B     		ldr	r3, .L103+4
 620 0004 0021     		movs	r1, #0
 621 0006 D161     		str	r1, [r2, #28]
 622 0008 1A69     		ldr	r2, [r3, #16]
 623 000a 42F00202 		orr	r2, r2, #2
 624 000e 1A61     		str	r2, [r3, #16]
 625 0010 5861     		str	r0, [r3, #20]
 626 0012 1A69     		ldr	r2, [r3, #16]
 627 0014 42F04002 		orr	r2, r2, #64
 628 0018 1A61     		str	r2, [r3, #16]
 629 001a 7047     		bx	lr
 630              	.L104:
 631              		.align	2
 632              	.L103:
 633 001c 00000000 		.word	pFlash
 634 0020 00200240 		.word	1073881088
 636              		.ident	"GCC: (xPack GNU Arm Embedded GCC, 64-bit) 9.2.1 20191025 (release) [ARM/arm-9-branch revis
ARM GAS  D:\Users\Ma-Game\AppData\Local\Temp\ccvYmcRS.s 			page 12


DEFINED SYMBOLS
                            *ABS*:0000000000000000 stm32f3xx_hal_flash_ex.c
D:\Users\Ma-Game\AppData\Local\Temp\ccvYmcRS.s:16     .text.HAL_FLASHEx_Erase:0000000000000000 $t
D:\Users\Ma-Game\AppData\Local\Temp\ccvYmcRS.s:25     .text.HAL_FLASHEx_Erase:0000000000000000 HAL_FLASHEx_Erase
D:\Users\Ma-Game\AppData\Local\Temp\ccvYmcRS.s:107    .text.HAL_FLASHEx_Erase:00000000000000bc $d
D:\Users\Ma-Game\AppData\Local\Temp\ccvYmcRS.s:111    .text.HAL_FLASHEx_Erase_IT:0000000000000000 $t
D:\Users\Ma-Game\AppData\Local\Temp\ccvYmcRS.s:119    .text.HAL_FLASHEx_Erase_IT:0000000000000000 HAL_FLASHEx_Erase_IT
D:\Users\Ma-Game\AppData\Local\Temp\ccvYmcRS.s:180    .text.HAL_FLASHEx_Erase_IT:0000000000000074 $d
D:\Users\Ma-Game\AppData\Local\Temp\ccvYmcRS.s:184    .text.HAL_FLASHEx_OBErase:0000000000000000 $t
D:\Users\Ma-Game\AppData\Local\Temp\ccvYmcRS.s:192    .text.HAL_FLASHEx_OBErase:0000000000000000 HAL_FLASHEx_OBErase
D:\Users\Ma-Game\AppData\Local\Temp\ccvYmcRS.s:263    .text.HAL_FLASHEx_OBErase:00000000000000a0 $d
D:\Users\Ma-Game\AppData\Local\Temp\ccvYmcRS.s:268    .text.HAL_FLASHEx_OBProgram:0000000000000000 $t
D:\Users\Ma-Game\AppData\Local\Temp\ccvYmcRS.s:276    .text.HAL_FLASHEx_OBProgram:0000000000000000 HAL_FLASHEx_OBProgram
D:\Users\Ma-Game\AppData\Local\Temp\ccvYmcRS.s:503    .text.HAL_FLASHEx_OBProgram:0000000000000234 $d
D:\Users\Ma-Game\AppData\Local\Temp\ccvYmcRS.s:508    .text.HAL_FLASHEx_OBGetConfig:0000000000000000 $t
D:\Users\Ma-Game\AppData\Local\Temp\ccvYmcRS.s:516    .text.HAL_FLASHEx_OBGetConfig:0000000000000000 HAL_FLASHEx_OBGetConfig
D:\Users\Ma-Game\AppData\Local\Temp\ccvYmcRS.s:555    .text.HAL_FLASHEx_OBGetConfig:000000000000003c $d
D:\Users\Ma-Game\AppData\Local\Temp\ccvYmcRS.s:558    .text.HAL_FLASHEx_OBGetUserData:0000000000000000 $t
D:\Users\Ma-Game\AppData\Local\Temp\ccvYmcRS.s:566    .text.HAL_FLASHEx_OBGetUserData:0000000000000000 HAL_FLASHEx_OBGetUserData
D:\Users\Ma-Game\AppData\Local\Temp\ccvYmcRS.s:602    .text.HAL_FLASHEx_OBGetUserData:0000000000000034 $d
D:\Users\Ma-Game\AppData\Local\Temp\ccvYmcRS.s:606    .text.FLASH_PageErase:0000000000000000 $t
D:\Users\Ma-Game\AppData\Local\Temp\ccvYmcRS.s:614    .text.FLASH_PageErase:0000000000000000 FLASH_PageErase
D:\Users\Ma-Game\AppData\Local\Temp\ccvYmcRS.s:633    .text.FLASH_PageErase:000000000000001c $d

UNDEFINED SYMBOLS
FLASH_WaitForLastOperation
pFlash
