ARM GAS  D:\Users\Ma-Game\AppData\Local\Temp\ccVkTSow.s 			page 1


   1              		.cpu cortex-m4
   2              		.eabi_attribute 27, 1
   3              		.eabi_attribute 28, 1
   4              		.eabi_attribute 20, 1
   5              		.eabi_attribute 21, 1
   6              		.eabi_attribute 23, 3
   7              		.eabi_attribute 24, 1
   8              		.eabi_attribute 25, 1
   9              		.eabi_attribute 26, 1
  10              		.eabi_attribute 30, 2
  11              		.eabi_attribute 34, 1
  12              		.eabi_attribute 18, 4
  13              		.file	"stm32f3xx_hal_gpio.c"
  14              		.text
  15              		.section	.text.HAL_GPIO_Init,"ax",%progbits
  16              		.align	1
  17              		.p2align 2,,3
  18              		.global	HAL_GPIO_Init
  19              		.arch armv7e-m
  20              		.syntax unified
  21              		.thumb
  22              		.thumb_func
  23              		.fpu fpv4-sp-d16
  25              	HAL_GPIO_Init:
  26              		@ args = 0, pretend = 0, frame = 8
  27              		@ frame_needed = 0, uses_anonymous_args = 0
  28 0000 2DE9F04F 		push	{r4, r5, r6, r7, r8, r9, r10, fp, lr}
  29 0004 0D68     		ldr	r5, [r1]
  30 0006 83B0     		sub	sp, sp, #12
  31 0008 002D     		cmp	r5, #0
  32 000a 00F0C280 		beq	.L1
  33 000e DFF8ACC1 		ldr	ip, .L34+16
  34 0012 0023     		movs	r3, #0
  35 0014 4FF00108 		mov	r8, #1
  36 0018 76E0     		b	.L2
  37              	.L5:
  38 001a D0F800B0 		ldr	fp, [r0]
  39 001e 4FEA4309 		lsl	r9, r3, #1
  40 0022 0326     		movs	r6, #3
  41 0024 06FA09F6 		lsl	r6, r6, r9
  42 0028 02F00307 		and	r7, r2, #3
  43 002c 2BEA060B 		bic	fp, fp, r6
  44 0030 07FA09F7 		lsl	r7, r7, r9
  45 0034 0AF1FF3A 		add	r10, r10, #-1
  46 0038 47EA0B07 		orr	r7, r7, fp
  47 003c BAF1010F 		cmp	r10, #1
  48 0040 6FEA0606 		mvn	r6, r6
  49 0044 0760     		str	r7, [r0]
  50 0046 40F29180 		bls	.L6
  51              	.L7:
  52 004a C768     		ldr	r7, [r0, #12]
  53 004c 8C68     		ldr	r4, [r1, #8]
  54 004e 3E40     		ands	r6, r6, r7
  55 0050 04FA09F4 		lsl	r4, r4, r9
  56 0054 3443     		orrs	r4, r4, r6
  57 0056 C460     		str	r4, [r0, #12]
  58 0058 D400     		lsls	r4, r2, #3
ARM GAS  D:\Users\Ma-Game\AppData\Local\Temp\ccVkTSow.s 			page 2


  59 005a 51D5     		bpl	.L4
  60 005c 534E     		ldr	r6, .L34
  61 005e B469     		ldr	r4, [r6, #24]
  62 0060 44F00104 		orr	r4, r4, #1
  63 0064 B461     		str	r4, [r6, #24]
  64 0066 B469     		ldr	r4, [r6, #24]
  65 0068 23F00306 		bic	r6, r3, #3
  66 006c 06F18046 		add	r6, r6, #1073741824
  67 0070 04F00104 		and	r4, r4, #1
  68 0074 06F58036 		add	r6, r6, #65536
  69 0078 0194     		str	r4, [sp, #4]
  70 007a 03F00304 		and	r4, r3, #3
  71 007e 4FEA840A 		lsl	r10, r4, #2
  72 0082 019F     		ldr	r7, [sp, #4]
  73 0084 B768     		ldr	r7, [r6, #8]
  74 0086 0F24     		movs	r4, #15
  75 0088 04FA0AF9 		lsl	r9, r4, r10
  76 008c B0F1904F 		cmp	r0, #1207959552
  77 0090 27EA0907 		bic	r7, r7, r9
  78 0094 0DD0     		beq	.L9
  79 0096 464C     		ldr	r4, .L34+4
  80 0098 A042     		cmp	r0, r4
  81 009a 7DD0     		beq	.L32
  82 009c 454C     		ldr	r4, .L34+8
  83 009e A042     		cmp	r0, r4
  84 00a0 7ED0     		beq	.L33
  85 00a2 454C     		ldr	r4, .L34+12
  86 00a4 A042     		cmp	r0, r4
  87 00a6 0CBF     		ite	eq
  88 00a8 0324     		moveq	r4, #3
  89 00aa 0524     		movne	r4, #5
  90 00ac 04FA0AF4 		lsl	r4, r4, r10
  91 00b0 2743     		orrs	r7, r7, r4
  92              	.L9:
  93 00b2 B760     		str	r7, [r6, #8]
  94 00b4 DCF80040 		ldr	r4, [ip]
  95 00b8 6FEA0E06 		mvn	r6, lr
  96 00bc D703     		lsls	r7, r2, #15
  97 00be 54BF     		ite	pl
  98 00c0 3440     		andpl	r4, r4, r6
  99 00c2 4EEA0404 		orrmi	r4, lr, r4
 100 00c6 CCF80040 		str	r4, [ip]
 101 00ca DCF80440 		ldr	r4, [ip, #4]
 102 00ce 9703     		lsls	r7, r2, #14
 103 00d0 54BF     		ite	pl
 104 00d2 3440     		andpl	r4, r4, r6
 105 00d4 4EEA0404 		orrmi	r4, lr, r4
 106 00d8 CCF80440 		str	r4, [ip, #4]
 107 00dc DCF80840 		ldr	r4, [ip, #8]
 108 00e0 D702     		lsls	r7, r2, #11
 109 00e2 54BF     		ite	pl
 110 00e4 3440     		andpl	r4, r4, r6
 111 00e6 4EEA0404 		orrmi	r4, lr, r4
 112 00ea CCF80840 		str	r4, [ip, #8]
 113 00ee DCF80C40 		ldr	r4, [ip, #12]
 114 00f2 9202     		lsls	r2, r2, #10
 115 00f4 54BF     		ite	pl
ARM GAS  D:\Users\Ma-Game\AppData\Local\Temp\ccVkTSow.s 			page 3


 116 00f6 3440     		andpl	r4, r4, r6
 117 00f8 4EEA0404 		orrmi	r4, lr, r4
 118 00fc CCF80C40 		str	r4, [ip, #12]
 119              	.L4:
 120 0100 0133     		adds	r3, r3, #1
 121 0102 35FA03F2 		lsrs	r2, r5, r3
 122 0106 44D0     		beq	.L1
 123              	.L2:
 124 0108 08FA03F4 		lsl	r4, r8, r3
 125 010c 14EA050E 		ands	lr, r4, r5
 126 0110 F6D0     		beq	.L4
 127 0112 4A68     		ldr	r2, [r1, #4]
 128 0114 22F0100A 		bic	r10, r2, #16
 129 0118 BAF1020F 		cmp	r10, #2
 130 011c 7FF47DAF 		bne	.L5
 131 0120 4FEAD309 		lsr	r9, r3, #3
 132 0124 00EB8909 		add	r9, r0, r9, lsl #2
 133 0128 03F00707 		and	r7, r3, #7
 134 012c D9F82060 		ldr	r6, [r9, #32]
 135 0130 BF00     		lsls	r7, r7, #2
 136 0132 4FF00F0A 		mov	r10, #15
 137 0136 0AFA07FB 		lsl	fp, r10, r7
 138 013a 26EA0B0A 		bic	r10, r6, fp
 139 013e 0E69     		ldr	r6, [r1, #16]
 140 0140 BE40     		lsls	r6, r6, r7
 141 0142 46EA0A06 		orr	r6, r6, r10
 142 0146 C9F82060 		str	r6, [r9, #32]
 143 014a D0F800A0 		ldr	r10, [r0]
 144 014e 4FEA4309 		lsl	r9, r3, #1
 145 0152 0326     		movs	r6, #3
 146 0154 06FA09F6 		lsl	r6, r6, r9
 147 0158 02F00307 		and	r7, r2, #3
 148 015c 2AEA060A 		bic	r10, r10, r6
 149 0160 07FA09F7 		lsl	r7, r7, r9
 150 0164 47EA0A07 		orr	r7, r7, r10
 151 0168 F643     		mvns	r6, r6
 152 016a 0760     		str	r7, [r0]
 153              	.L6:
 154 016c 8768     		ldr	r7, [r0, #8]
 155 016e 07EA060A 		and	r10, r7, r6
 156 0172 CF68     		ldr	r7, [r1, #12]
 157 0174 07FA09F7 		lsl	r7, r7, r9
 158 0178 47EA0A07 		orr	r7, r7, r10
 159 017c 8760     		str	r7, [r0, #8]
 160 017e D0F804A0 		ldr	r10, [r0, #4]
 161 0182 C2F30017 		ubfx	r7, r2, #4, #1
 162 0186 2AEA0404 		bic	r4, r10, r4
 163 018a 9F40     		lsls	r7, r7, r3
 164 018c 2743     		orrs	r7, r7, r4
 165 018e 4760     		str	r7, [r0, #4]
 166 0190 5BE7     		b	.L7
 167              	.L1:
 168 0192 03B0     		add	sp, sp, #12
 169              		@ sp needed
 170 0194 BDE8F08F 		pop	{r4, r5, r6, r7, r8, r9, r10, fp, pc}
 171              	.L32:
 172 0198 08FA0AF4 		lsl	r4, r8, r10
ARM GAS  D:\Users\Ma-Game\AppData\Local\Temp\ccVkTSow.s 			page 4


 173 019c 2743     		orrs	r7, r7, r4
 174 019e 88E7     		b	.L9
 175              	.L33:
 176 01a0 4FF00209 		mov	r9, #2
 177 01a4 09FA0AF4 		lsl	r4, r9, r10
 178 01a8 2743     		orrs	r7, r7, r4
 179 01aa 82E7     		b	.L9
 180              	.L35:
 181              		.align	2
 182              	.L34:
 183 01ac 00100240 		.word	1073876992
 184 01b0 00040048 		.word	1207960576
 185 01b4 00080048 		.word	1207961600
 186 01b8 000C0048 		.word	1207962624
 187 01bc 00040140 		.word	1073808384
 189              		.section	.text.HAL_GPIO_DeInit,"ax",%progbits
 190              		.align	1
 191              		.p2align 2,,3
 192              		.global	HAL_GPIO_DeInit
 193              		.syntax unified
 194              		.thumb
 195              		.thumb_func
 196              		.fpu fpv4-sp-d16
 198              	HAL_GPIO_DeInit:
 199              		@ args = 0, pretend = 0, frame = 8
 200              		@ frame_needed = 0, uses_anonymous_args = 0
 201 0000 0029     		cmp	r1, #0
 202 0002 00F08180 		beq	.L52
 203 0006 2DE9F04F 		push	{r4, r5, r6, r7, r8, r9, r10, fp, lr}
 204 000a DFF808C1 		ldr	ip, .L59+8
 205 000e DFF808B1 		ldr	fp, .L59+12
 206 0012 83B0     		sub	sp, sp, #12
 207 0014 0023     		movs	r3, #0
 208 0016 4FF0010E 		mov	lr, #1
 209 001a 4FF00F09 		mov	r9, #15
 210 001e 4FF0030A 		mov	r10, #3
 211 0022 4EE0     		b	.L37
 212              	.L58:
 213 0024 5845     		cmp	r0, fp
 214 0026 68D0     		beq	.L55
 215 0028 384E     		ldr	r6, .L59
 216 002a B042     		cmp	r0, r6
 217 002c 68D0     		beq	.L56
 218 002e 384E     		ldr	r6, .L59+4
 219 0030 B042     		cmp	r0, r6
 220 0032 1ABF     		itte	ne
 221 0034 0526     		movne	r6, #5
 222 0036 06FA02F2 		lslne	r2, r6, r2
 223 003a 0AFA02F2 		lsleq	r2, r10, r2
 224              	.L39:
 225 003e 019E     		ldr	r6, [sp, #4]
 226 0040 9642     		cmp	r6, r2
 227 0042 1BD1     		bne	.L43
 228 0044 DCF80020 		ldr	r2, [ip]
 229 0048 22EA0702 		bic	r2, r2, r7
 230 004c CCF80020 		str	r2, [ip]
 231 0050 DCF80420 		ldr	r2, [ip, #4]
ARM GAS  D:\Users\Ma-Game\AppData\Local\Temp\ccVkTSow.s 			page 5


 232 0054 22EA0702 		bic	r2, r2, r7
 233 0058 CCF80420 		str	r2, [ip, #4]
 234 005c DCF80820 		ldr	r2, [ip, #8]
 235 0060 22EA0702 		bic	r2, r2, r7
 236 0064 CCF80820 		str	r2, [ip, #8]
 237 0068 DCF80C20 		ldr	r2, [ip, #12]
 238 006c 22EA0707 		bic	r7, r2, r7
 239 0070 CCF80C70 		str	r7, [ip, #12]
 240 0074 AA68     		ldr	r2, [r5, #8]
 241 0076 22EA0802 		bic	r2, r2, r8
 242 007a AA60     		str	r2, [r5, #8]
 243              	.L43:
 244 007c 0268     		ldr	r2, [r0]
 245 007e 5E00     		lsls	r6, r3, #1
 246 0080 0AFA06F6 		lsl	r6, r10, r6
 247 0084 DD08     		lsrs	r5, r3, #3
 248 0086 22EA0602 		bic	r2, r2, r6
 249 008a 00EB8505 		add	r5, r0, r5, lsl #2
 250 008e 0260     		str	r2, [r0]
 251 0090 03F00702 		and	r2, r3, #7
 252 0094 2F6A     		ldr	r7, [r5, #32]
 253 0096 9200     		lsls	r2, r2, #2
 254 0098 09FA02F2 		lsl	r2, r9, r2
 255 009c 27EA0202 		bic	r2, r7, r2
 256 00a0 2A62     		str	r2, [r5, #32]
 257 00a2 8268     		ldr	r2, [r0, #8]
 258 00a4 22EA0602 		bic	r2, r2, r6
 259 00a8 8260     		str	r2, [r0, #8]
 260 00aa 4268     		ldr	r2, [r0, #4]
 261 00ac 22EA0404 		bic	r4, r2, r4
 262 00b0 4460     		str	r4, [r0, #4]
 263 00b2 C268     		ldr	r2, [r0, #12]
 264 00b4 22EA0606 		bic	r6, r2, r6
 265 00b8 C660     		str	r6, [r0, #12]
 266              	.L38:
 267 00ba 0133     		adds	r3, r3, #1
 268 00bc 31FA03F2 		lsrs	r2, r1, r3
 269 00c0 18D0     		beq	.L57
 270              	.L37:
 271 00c2 0EFA03F4 		lsl	r4, lr, r3
 272 00c6 14EA0107 		ands	r7, r4, r1
 273 00ca F6D0     		beq	.L38
 274 00cc 23F00305 		bic	r5, r3, #3
 275 00d0 05F18045 		add	r5, r5, #1073741824
 276 00d4 05F58035 		add	r5, r5, #65536
 277 00d8 03F00302 		and	r2, r3, #3
 278 00dc AE68     		ldr	r6, [r5, #8]
 279 00de 9200     		lsls	r2, r2, #2
 280 00e0 09FA02F8 		lsl	r8, r9, r2
 281 00e4 08EA0606 		and	r6, r8, r6
 282 00e8 B0F1904F 		cmp	r0, #1207959552
 283 00ec 0196     		str	r6, [sp, #4]
 284 00ee 99D1     		bne	.L58
 285 00f0 0022     		movs	r2, #0
 286 00f2 A4E7     		b	.L39
 287              	.L57:
 288 00f4 03B0     		add	sp, sp, #12
ARM GAS  D:\Users\Ma-Game\AppData\Local\Temp\ccVkTSow.s 			page 6


 289              		@ sp needed
 290 00f6 BDE8F08F 		pop	{r4, r5, r6, r7, r8, r9, r10, fp, pc}
 291              	.L55:
 292 00fa 0EFA02F2 		lsl	r2, lr, r2
 293 00fe 9EE7     		b	.L39
 294              	.L56:
 295 0100 0226     		movs	r6, #2
 296 0102 06FA02F2 		lsl	r2, r6, r2
 297 0106 9AE7     		b	.L39
 298              	.L52:
 299 0108 7047     		bx	lr
 300              	.L60:
 301 010a 00BF     		.align	2
 302              	.L59:
 303 010c 00080048 		.word	1207961600
 304 0110 000C0048 		.word	1207962624
 305 0114 00040140 		.word	1073808384
 306 0118 00040048 		.word	1207960576
 308              		.section	.text.HAL_GPIO_ReadPin,"ax",%progbits
 309              		.align	1
 310              		.p2align 2,,3
 311              		.global	HAL_GPIO_ReadPin
 312              		.syntax unified
 313              		.thumb
 314              		.thumb_func
 315              		.fpu fpv4-sp-d16
 317              	HAL_GPIO_ReadPin:
 318              		@ args = 0, pretend = 0, frame = 0
 319              		@ frame_needed = 0, uses_anonymous_args = 0
 320              		@ link register save eliminated.
 321 0000 0369     		ldr	r3, [r0, #16]
 322 0002 1942     		tst	r1, r3
 323 0004 14BF     		ite	ne
 324 0006 0120     		movne	r0, #1
 325 0008 0020     		moveq	r0, #0
 326 000a 7047     		bx	lr
 328              		.section	.text.HAL_GPIO_WritePin,"ax",%progbits
 329              		.align	1
 330              		.p2align 2,,3
 331              		.global	HAL_GPIO_WritePin
 332              		.syntax unified
 333              		.thumb
 334              		.thumb_func
 335              		.fpu fpv4-sp-d16
 337              	HAL_GPIO_WritePin:
 338              		@ args = 0, pretend = 0, frame = 0
 339              		@ frame_needed = 0, uses_anonymous_args = 0
 340              		@ link register save eliminated.
 341 0000 0AB1     		cbz	r2, .L63
 342 0002 8161     		str	r1, [r0, #24]
 343 0004 7047     		bx	lr
 344              	.L63:
 345 0006 8162     		str	r1, [r0, #40]
 346 0008 7047     		bx	lr
 348 000a 00BF     		.section	.text.HAL_GPIO_TogglePin,"ax",%progbits
 349              		.align	1
 350              		.p2align 2,,3
ARM GAS  D:\Users\Ma-Game\AppData\Local\Temp\ccVkTSow.s 			page 7


 351              		.global	HAL_GPIO_TogglePin
 352              		.syntax unified
 353              		.thumb
 354              		.thumb_func
 355              		.fpu fpv4-sp-d16
 357              	HAL_GPIO_TogglePin:
 358              		@ args = 0, pretend = 0, frame = 0
 359              		@ frame_needed = 0, uses_anonymous_args = 0
 360              		@ link register save eliminated.
 361 0000 4369     		ldr	r3, [r0, #20]
 362 0002 0B42     		tst	r3, r1
 363 0004 18BF     		it	ne
 364 0006 0904     		lslne	r1, r1, #16
 365 0008 8161     		str	r1, [r0, #24]
 366 000a 7047     		bx	lr
 368              		.section	.text.HAL_GPIO_LockPin,"ax",%progbits
 369              		.align	1
 370              		.p2align 2,,3
 371              		.global	HAL_GPIO_LockPin
 372              		.syntax unified
 373              		.thumb
 374              		.thumb_func
 375              		.fpu fpv4-sp-d16
 377              	HAL_GPIO_LockPin:
 378              		@ args = 0, pretend = 0, frame = 8
 379              		@ frame_needed = 0, uses_anonymous_args = 0
 380              		@ link register save eliminated.
 381 0000 82B0     		sub	sp, sp, #8
 382 0002 4FF48033 		mov	r3, #65536
 383 0006 0193     		str	r3, [sp, #4]
 384 0008 019B     		ldr	r3, [sp, #4]
 385 000a 0B43     		orrs	r3, r3, r1
 386 000c 0193     		str	r3, [sp, #4]
 387 000e 019B     		ldr	r3, [sp, #4]
 388 0010 C361     		str	r3, [r0, #28]
 389 0012 C161     		str	r1, [r0, #28]
 390 0014 019B     		ldr	r3, [sp, #4]
 391 0016 C361     		str	r3, [r0, #28]
 392 0018 C369     		ldr	r3, [r0, #28]
 393 001a 0193     		str	r3, [sp, #4]
 394 001c C069     		ldr	r0, [r0, #28]
 395 001e 80F48030 		eor	r0, r0, #65536
 396 0022 C0F30040 		ubfx	r0, r0, #16, #1
 397 0026 02B0     		add	sp, sp, #8
 398              		@ sp needed
 399 0028 7047     		bx	lr
 401 002a 00BF     		.section	.text.HAL_GPIO_EXTI_Callback,"ax",%progbits
 402              		.align	1
 403              		.p2align 2,,3
 404              		.weak	HAL_GPIO_EXTI_Callback
 405              		.syntax unified
 406              		.thumb
 407              		.thumb_func
 408              		.fpu fpv4-sp-d16
 410              	HAL_GPIO_EXTI_Callback:
 411              		@ args = 0, pretend = 0, frame = 0
 412              		@ frame_needed = 0, uses_anonymous_args = 0
ARM GAS  D:\Users\Ma-Game\AppData\Local\Temp\ccVkTSow.s 			page 8


 413              		@ link register save eliminated.
 414 0000 7047     		bx	lr
 416 0002 00BF     		.section	.text.HAL_GPIO_EXTI_IRQHandler,"ax",%progbits
 417              		.align	1
 418              		.p2align 2,,3
 419              		.global	HAL_GPIO_EXTI_IRQHandler
 420              		.syntax unified
 421              		.thumb
 422              		.thumb_func
 423              		.fpu fpv4-sp-d16
 425              	HAL_GPIO_EXTI_IRQHandler:
 426              		@ args = 0, pretend = 0, frame = 0
 427              		@ frame_needed = 0, uses_anonymous_args = 0
 428 0000 044A     		ldr	r2, .L81
 429 0002 5169     		ldr	r1, [r2, #20]
 430 0004 0142     		tst	r1, r0
 431 0006 00D1     		bne	.L80
 432 0008 7047     		bx	lr
 433              	.L80:
 434 000a 08B5     		push	{r3, lr}
 435 000c 5061     		str	r0, [r2, #20]
 436 000e FFF7FEFF 		bl	HAL_GPIO_EXTI_Callback
 437 0012 08BD     		pop	{r3, pc}
 438              	.L82:
 439              		.align	2
 440              	.L81:
 441 0014 00040140 		.word	1073808384
 443              		.ident	"GCC: (xPack GNU Arm Embedded GCC, 64-bit) 9.2.1 20191025 (release) [ARM/arm-9-branch revis
ARM GAS  D:\Users\Ma-Game\AppData\Local\Temp\ccVkTSow.s 			page 9


DEFINED SYMBOLS
                            *ABS*:0000000000000000 stm32f3xx_hal_gpio.c
D:\Users\Ma-Game\AppData\Local\Temp\ccVkTSow.s:16     .text.HAL_GPIO_Init:0000000000000000 $t
D:\Users\Ma-Game\AppData\Local\Temp\ccVkTSow.s:25     .text.HAL_GPIO_Init:0000000000000000 HAL_GPIO_Init
D:\Users\Ma-Game\AppData\Local\Temp\ccVkTSow.s:183    .text.HAL_GPIO_Init:00000000000001ac $d
D:\Users\Ma-Game\AppData\Local\Temp\ccVkTSow.s:190    .text.HAL_GPIO_DeInit:0000000000000000 $t
D:\Users\Ma-Game\AppData\Local\Temp\ccVkTSow.s:198    .text.HAL_GPIO_DeInit:0000000000000000 HAL_GPIO_DeInit
D:\Users\Ma-Game\AppData\Local\Temp\ccVkTSow.s:303    .text.HAL_GPIO_DeInit:000000000000010c $d
D:\Users\Ma-Game\AppData\Local\Temp\ccVkTSow.s:309    .text.HAL_GPIO_ReadPin:0000000000000000 $t
D:\Users\Ma-Game\AppData\Local\Temp\ccVkTSow.s:317    .text.HAL_GPIO_ReadPin:0000000000000000 HAL_GPIO_ReadPin
D:\Users\Ma-Game\AppData\Local\Temp\ccVkTSow.s:329    .text.HAL_GPIO_WritePin:0000000000000000 $t
D:\Users\Ma-Game\AppData\Local\Temp\ccVkTSow.s:337    .text.HAL_GPIO_WritePin:0000000000000000 HAL_GPIO_WritePin
D:\Users\Ma-Game\AppData\Local\Temp\ccVkTSow.s:349    .text.HAL_GPIO_TogglePin:0000000000000000 $t
D:\Users\Ma-Game\AppData\Local\Temp\ccVkTSow.s:357    .text.HAL_GPIO_TogglePin:0000000000000000 HAL_GPIO_TogglePin
D:\Users\Ma-Game\AppData\Local\Temp\ccVkTSow.s:369    .text.HAL_GPIO_LockPin:0000000000000000 $t
D:\Users\Ma-Game\AppData\Local\Temp\ccVkTSow.s:377    .text.HAL_GPIO_LockPin:0000000000000000 HAL_GPIO_LockPin
D:\Users\Ma-Game\AppData\Local\Temp\ccVkTSow.s:402    .text.HAL_GPIO_EXTI_Callback:0000000000000000 $t
D:\Users\Ma-Game\AppData\Local\Temp\ccVkTSow.s:410    .text.HAL_GPIO_EXTI_Callback:0000000000000000 HAL_GPIO_EXTI_Callback
D:\Users\Ma-Game\AppData\Local\Temp\ccVkTSow.s:417    .text.HAL_GPIO_EXTI_IRQHandler:0000000000000000 $t
D:\Users\Ma-Game\AppData\Local\Temp\ccVkTSow.s:425    .text.HAL_GPIO_EXTI_IRQHandler:0000000000000000 HAL_GPIO_EXTI_IRQHandler
D:\Users\Ma-Game\AppData\Local\Temp\ccVkTSow.s:441    .text.HAL_GPIO_EXTI_IRQHandler:0000000000000014 $d

NO UNDEFINED SYMBOLS
