ARM GAS  D:\Users\Ma-Game\AppData\Local\Temp\ccZWuWqI.s 			page 1


   1              		.cpu cortex-m4
   2              		.eabi_attribute 27, 1
   3              		.eabi_attribute 28, 1
   4              		.eabi_attribute 20, 1
   5              		.eabi_attribute 21, 1
   6              		.eabi_attribute 23, 3
   7              		.eabi_attribute 24, 1
   8              		.eabi_attribute 25, 1
   9              		.eabi_attribute 26, 1
  10              		.eabi_attribute 30, 2
  11              		.eabi_attribute 34, 1
  12              		.eabi_attribute 18, 4
  13              		.file	"system_stm32f3xx.c"
  14              		.text
  15              		.section	.text.SystemInit,"ax",%progbits
  16              		.align	1
  17              		.p2align 2,,3
  18              		.global	SystemInit
  19              		.arch armv7e-m
  20              		.syntax unified
  21              		.thumb
  22              		.thumb_func
  23              		.fpu fpv4-sp-d16
  25              	SystemInit:
  26              		@ args = 0, pretend = 0, frame = 0
  27              		@ frame_needed = 0, uses_anonymous_args = 0
  28              		@ link register save eliminated.
  29 0000 054B     		ldr	r3, .L3
  30 0002 D3F88820 		ldr	r2, [r3, #136]
  31 0006 4FF00061 		mov	r1, #134217728
  32 000a 42F47002 		orr	r2, r2, #15728640
  33 000e C3F88820 		str	r2, [r3, #136]
  34 0012 9960     		str	r1, [r3, #8]
  35 0014 7047     		bx	lr
  36              	.L4:
  37 0016 00BF     		.align	2
  38              	.L3:
  39 0018 00ED00E0 		.word	-536810240
  41              		.section	.text.SystemCoreClockUpdate,"ax",%progbits
  42              		.align	1
  43              		.p2align 2,,3
  44              		.global	SystemCoreClockUpdate
  45              		.syntax unified
  46              		.thumb
  47              		.thumb_func
  48              		.fpu fpv4-sp-d16
  50              	SystemCoreClockUpdate:
  51              		@ args = 0, pretend = 0, frame = 0
  52              		@ frame_needed = 0, uses_anonymous_args = 0
  53              		@ link register save eliminated.
  54 0000 134A     		ldr	r2, .L10
  55 0002 5368     		ldr	r3, [r2, #4]
  56 0004 03F00C03 		and	r3, r3, #12
  57 0008 082B     		cmp	r3, #8
  58 000a 0AD0     		beq	.L9
  59 000c 114B     		ldr	r3, .L10+4
  60              	.L6:
ARM GAS  D:\Users\Ma-Game\AppData\Local\Temp\ccZWuWqI.s 			page 2


  61 000e 104A     		ldr	r2, .L10
  62 0010 1148     		ldr	r0, .L10+8
  63 0012 5268     		ldr	r2, [r2, #4]
  64 0014 1149     		ldr	r1, .L10+12
  65 0016 C2F30312 		ubfx	r2, r2, #4, #4
  66 001a 825C     		ldrb	r2, [r0, r2]	@ zero_extendqisi2
  67 001c D340     		lsrs	r3, r3, r2
  68 001e 0B60     		str	r3, [r1]
  69 0020 7047     		bx	lr
  70              	.L9:
  71 0022 5368     		ldr	r3, [r2, #4]
  72 0024 5168     		ldr	r1, [r2, #4]
  73 0026 C3F38343 		ubfx	r3, r3, #18, #4
  74 002a C903     		lsls	r1, r1, #15
  75 002c 03F10203 		add	r3, r3, #2
  76 0030 03D4     		bmi	.L7
  77 0032 0B4A     		ldr	r2, .L10+16
  78 0034 02FB03F3 		mul	r3, r2, r3
  79 0038 E9E7     		b	.L6
  80              	.L7:
  81 003a D26A     		ldr	r2, [r2, #44]
  82 003c 0549     		ldr	r1, .L10+4
  83 003e 02F00F02 		and	r2, r2, #15
  84 0042 0132     		adds	r2, r2, #1
  85 0044 B1FBF2F2 		udiv	r2, r1, r2
  86 0048 03FB02F3 		mul	r3, r3, r2
  87 004c DFE7     		b	.L6
  88              	.L11:
  89 004e 00BF     		.align	2
  90              	.L10:
  91 0050 00100240 		.word	1073876992
  92 0054 00127A00 		.word	8000000
  93 0058 00000000 		.word	.LANCHOR1
  94 005c 00000000 		.word	.LANCHOR0
  95 0060 00093D00 		.word	4000000
  97              		.global	APBPrescTable
  98              		.global	AHBPrescTable
  99              		.global	SystemCoreClock
 100              		.section	.data.SystemCoreClock,"aw"
 101              		.align	2
 102              		.set	.LANCHOR0,. + 0
 105              	SystemCoreClock:
 106 0000 00127A00 		.word	8000000
 107              		.section	.rodata.AHBPrescTable,"a"
 108              		.align	2
 109              		.set	.LANCHOR1,. + 0
 112              	AHBPrescTable:
 113 0000 00000000 		.ascii	"\000\000\000\000\000\000\000\000\001\002\003\004\006"
 113      00000000 
 113      01020304 
 113      06
 114 000d 070809   		.ascii	"\007\010\011"
 115              		.section	.rodata.APBPrescTable,"a"
 116              		.align	2
 119              	APBPrescTable:
 120 0000 00000000 		.ascii	"\000\000\000\000\001\002\003\004"
 120      01020304 
ARM GAS  D:\Users\Ma-Game\AppData\Local\Temp\ccZWuWqI.s 			page 3


 121              		.ident	"GCC: (xPack GNU Arm Embedded GCC, 64-bit) 9.2.1 20191025 (release) [ARM/arm-9-branch revis
ARM GAS  D:\Users\Ma-Game\AppData\Local\Temp\ccZWuWqI.s 			page 4


DEFINED SYMBOLS
                            *ABS*:0000000000000000 system_stm32f3xx.c
D:\Users\Ma-Game\AppData\Local\Temp\ccZWuWqI.s:16     .text.SystemInit:0000000000000000 $t
D:\Users\Ma-Game\AppData\Local\Temp\ccZWuWqI.s:25     .text.SystemInit:0000000000000000 SystemInit
D:\Users\Ma-Game\AppData\Local\Temp\ccZWuWqI.s:39     .text.SystemInit:0000000000000018 $d
D:\Users\Ma-Game\AppData\Local\Temp\ccZWuWqI.s:42     .text.SystemCoreClockUpdate:0000000000000000 $t
D:\Users\Ma-Game\AppData\Local\Temp\ccZWuWqI.s:50     .text.SystemCoreClockUpdate:0000000000000000 SystemCoreClockUpdate
D:\Users\Ma-Game\AppData\Local\Temp\ccZWuWqI.s:91     .text.SystemCoreClockUpdate:0000000000000050 $d
D:\Users\Ma-Game\AppData\Local\Temp\ccZWuWqI.s:119    .rodata.APBPrescTable:0000000000000000 APBPrescTable
D:\Users\Ma-Game\AppData\Local\Temp\ccZWuWqI.s:112    .rodata.AHBPrescTable:0000000000000000 AHBPrescTable
D:\Users\Ma-Game\AppData\Local\Temp\ccZWuWqI.s:105    .data.SystemCoreClock:0000000000000000 SystemCoreClock
D:\Users\Ma-Game\AppData\Local\Temp\ccZWuWqI.s:101    .data.SystemCoreClock:0000000000000000 $d
D:\Users\Ma-Game\AppData\Local\Temp\ccZWuWqI.s:108    .rodata.AHBPrescTable:0000000000000000 $d
D:\Users\Ma-Game\AppData\Local\Temp\ccZWuWqI.s:116    .rodata.APBPrescTable:0000000000000000 $d

NO UNDEFINED SYMBOLS
